running egg_info
creating ../build/ticare_vision/ticare_vision.egg-info
writing ../build/ticare_vision/ticare_vision.egg-info/PKG-INFO
writing dependency_links to ../build/ticare_vision/ticare_vision.egg-info/dependency_links.txt
writing entry points to ../build/ticare_vision/ticare_vision.egg-info/entry_points.txt
writing requirements to ../build/ticare_vision/ticare_vision.egg-info/requires.txt
writing top-level names to ../build/ticare_vision/ticare_vision.egg-info/top_level.txt
writing manifest file '../build/ticare_vision/ticare_vision.egg-info/SOURCES.txt'
reading manifest file '../build/ticare_vision/ticare_vision.egg-info/SOURCES.txt'
writing manifest file '../build/ticare_vision/ticare_vision.egg-info/SOURCES.txt'
running build
running build_py
creating /home/luisgfgetino/ticare_ws/src/build/ticare_vision/build
creating /home/luisgfgetino/ticare_ws/src/build/ticare_vision/build/lib
creating /home/luisgfgetino/ticare_ws/src/build/ticare_vision/build/lib/ticare_vision
copying ticare_vision/vision_node.py -> /home/luisgfgetino/ticare_ws/src/build/ticare_vision/build/lib/ticare_vision
copying ticare_vision/__init__.py -> /home/luisgfgetino/ticare_ws/src/build/ticare_vision/build/lib/ticare_vision
copying ticare_vision/vision_node_sim.py -> /home/luisgfgetino/ticare_ws/src/build/ticare_vision/build/lib/ticare_vision
running install
running install_lib
creating /home/luisgfgetino/ticare_ws/src/install/ticare_vision/lib/python3.10/site-packages/ticare_vision
copying /home/luisgfgetino/ticare_ws/src/build/ticare_vision/build/lib/ticare_vision/vision_node.py -> /home/luisgfgetino/ticare_ws/src/install/ticare_vision/lib/python3.10/site-packages/ticare_vision
copying /home/luisgfgetino/ticare_ws/src/build/ticare_vision/build/lib/ticare_vision/__init__.py -> /home/luisgfgetino/ticare_ws/src/install/ticare_vision/lib/python3.10/site-packages/ticare_vision
copying /home/luisgfgetino/ticare_ws/src/build/ticare_vision/build/lib/ticare_vision/vision_node_sim.py -> /home/luisgfgetino/ticare_ws/src/install/ticare_vision/lib/python3.10/site-packages/ticare_vision
byte-compiling /home/luisgfgetino/ticare_ws/src/install/ticare_vision/lib/python3.10/site-packages/ticare_vision/vision_node.py to vision_node.cpython-310.pyc
byte-compiling /home/luisgfgetino/ticare_ws/src/install/ticare_vision/lib/python3.10/site-packages/ticare_vision/__init__.py to __init__.cpython-310.pyc
byte-compiling /home/luisgfgetino/ticare_ws/src/install/ticare_vision/lib/python3.10/site-packages/ticare_vision/vision_node_sim.py to vision_node_sim.cpython-310.pyc
running install_data
creating /home/luisgfgetino/ticare_ws/src/install/ticare_vision/share/ament_index
creating /home/luisgfgetino/ticare_ws/src/install/ticare_vision/share/ament_index/resource_index
creating /home/luisgfgetino/ticare_ws/src/install/ticare_vision/share/ament_index/resource_index/packages
copying resource/ticare_vision -> /home/luisgfgetino/ticare_ws/src/install/ticare_vision/share/ament_index/resource_index/packages
copying package.xml -> /home/luisgfgetino/ticare_ws/src/install/ticare_vision/share/ticare_vision
creating /home/luisgfgetino/ticare_ws/src/install/ticare_vision/share/ticare_vision/launch
copying launch/vision_launch.launch.py -> /home/luisgfgetino/ticare_ws/src/install/ticare_vision/share/ticare_vision/launch
copying launch/vision_launch_sim.launch.py -> /home/luisgfgetino/ticare_ws/src/install/ticare_vision/share/ticare_vision/launch
creating /home/luisgfgetino/ticare_ws/src/install/ticare_vision/share/ticare_vision/config
copying config/vision_params.yaml -> /home/luisgfgetino/ticare_ws/src/install/ticare_vision/share/ticare_vision/config
creating /home/luisgfgetino/ticare_ws/src/install/ticare_vision/share/ticare_vision/data
copying data/weights.pt -> /home/luisgfgetino/ticare_ws/src/install/ticare_vision/share/ticare_vision/data
running install_egg_info
Copying ../build/ticare_vision/ticare_vision.egg-info to /home/luisgfgetino/ticare_ws/src/install/ticare_vision/lib/python3.10/site-packages/ticare_vision-0.0.0-py3.10.egg-info
running install_scripts
Installing vision_node script to /home/luisgfgetino/ticare_ws/src/install/ticare_vision/lib/ticare_vision
Installing vision_node_sim script to /home/luisgfgetino/ticare_ws/src/install/ticare_vision/lib/ticare_vision
writing list of installed files to '/home/luisgfgetino/ticare_ws/src/build/ticare_vision/install.log'
