[0.320s] DEBUG:colcon:Command line arguments: ['/usr/bin/colcon', 'build', '--packages-select', 'ticare_vision']
[0.320s] DEBUG:colcon:Parsed command line arguments: Namespace(log_base=None, log_level=None, verb_name='build', build_base='build', install_base='install', merge_install=False, symlink_install=False, test_result_base=None, continue_on_error=False, executor='parallel', parallel_workers=16, event_handlers=None, ignore_user_meta=False, metas=['./colcon.meta'], base_paths=['.'], packages_ignore=None, packages_ignore_regex=None, paths=None, packages_up_to=None, packages_up_to_regex=None, packages_above=None, packages_above_and_dependencies=None, packages_above_depth=None, packages_select_by_dep=None, packages_skip_by_dep=None, packages_skip_up_to=None, packages_select_build_failed=False, packages_skip_build_finished=False, packages_select_test_failures=False, packages_skip_test_passed=False, packages_select=['ticare_vision'], packages_skip=None, packages_select_regex=None, packages_skip_regex=None, packages_start=None, packages_end=None, allow_overriding=[], cmake_args=None, cmake_target=None, cmake_target_skip_unavailable=False, cmake_clean_cache=False, cmake_clean_first=False, cmake_force_configure=False, ament_cmake_args=None, catkin_cmake_args=None, catkin_skip_building_tests=False, verb_parser=<colcon_defaults.argument_parser.defaults.DefaultArgumentsDecorator object at 0x7f9bd990e650>, verb_extension=<colcon_core.verb.build.BuildVerb object at 0x7f9bd9a53c10>, main=<bound method BuildVerb.main of <colcon_core.verb.build.BuildVerb object at 0x7f9bd9a53c10>>)
[0.723s] Level 1:colcon.colcon_core.package_discovery:discover_packages(colcon_meta) check parameters
[0.723s] Level 1:colcon.colcon_core.package_discovery:discover_packages(recursive) check parameters
[0.723s] Level 1:colcon.colcon_core.package_discovery:discover_packages(ignore) check parameters
[0.723s] Level 1:colcon.colcon_core.package_discovery:discover_packages(path) check parameters
[0.723s] Level 1:colcon.colcon_core.package_discovery:discover_packages(colcon_meta) discover
[0.724s] Level 1:colcon.colcon_core.package_discovery:discover_packages(recursive) discover
[0.724s] INFO:colcon.colcon_core.package_discovery:Crawling recursively for packages in '/home/luisgfgetino/ticare_ws/src'
[0.724s] Level 1:colcon.colcon_core.package_identification:_identify(.) by extensions ['ignore', 'ignore_ament_install']
[0.724s] Level 1:colcon.colcon_core.package_identification:_identify(.) by extension 'ignore'
[0.724s] Level 1:colcon.colcon_core.package_identification:_identify(.) by extension 'ignore_ament_install'
[0.724s] Level 1:colcon.colcon_core.package_identification:_identify(.) by extensions ['colcon_pkg']
[0.724s] Level 1:colcon.colcon_core.package_identification:_identify(.) by extension 'colcon_pkg'
[0.724s] Level 1:colcon.colcon_core.package_identification:_identify(.) by extensions ['colcon_meta']
[0.724s] Level 1:colcon.colcon_core.package_identification:_identify(.) by extension 'colcon_meta'
[0.724s] Level 1:colcon.colcon_core.package_identification:_identify(.) by extensions ['ros']
[0.724s] Level 1:colcon.colcon_core.package_identification:_identify(.) by extension 'ros'
[0.735s] Level 1:colcon.colcon_core.package_identification:_identify(.) by extensions ['cmake', 'python']
[0.735s] Level 1:colcon.colcon_core.package_identification:_identify(.) by extension 'cmake'
[0.735s] Level 1:colcon.colcon_core.package_identification:_identify(.) by extension 'python'
[0.735s] Level 1:colcon.colcon_core.package_identification:_identify(.) by extensions ['python_setup_py']
[0.735s] Level 1:colcon.colcon_core.package_identification:_identify(.) by extension 'python_setup_py'
[0.736s] Level 1:colcon.colcon_core.package_identification:_identify(build) by extensions ['ignore', 'ignore_ament_install']
[0.736s] Level 1:colcon.colcon_core.package_identification:_identify(build) by extension 'ignore'
[0.736s] Level 1:colcon.colcon_core.package_identification:_identify(build) ignored
[0.736s] Level 1:colcon.colcon_core.package_identification:_identify(install) by extensions ['ignore', 'ignore_ament_install']
[0.736s] Level 1:colcon.colcon_core.package_identification:_identify(install) by extension 'ignore'
[0.736s] Level 1:colcon.colcon_core.package_identification:_identify(install) ignored
[0.736s] Level 1:colcon.colcon_core.package_identification:_identify(launch_pal) by extensions ['ignore', 'ignore_ament_install']
[0.737s] Level 1:colcon.colcon_core.package_identification:_identify(launch_pal) by extension 'ignore'
[0.737s] Level 1:colcon.colcon_core.package_identification:_identify(launch_pal) by extension 'ignore_ament_install'
[0.737s] Level 1:colcon.colcon_core.package_identification:_identify(launch_pal) by extensions ['colcon_pkg']
[0.737s] Level 1:colcon.colcon_core.package_identification:_identify(launch_pal) by extension 'colcon_pkg'
[0.737s] Level 1:colcon.colcon_core.package_identification:_identify(launch_pal) by extensions ['colcon_meta']
[0.737s] Level 1:colcon.colcon_core.package_identification:_identify(launch_pal) by extension 'colcon_meta'
[0.737s] Level 1:colcon.colcon_core.package_identification:_identify(launch_pal) by extensions ['ros']
[0.737s] Level 1:colcon.colcon_core.package_identification:_identify(launch_pal) by extension 'ros'
[0.740s] DEBUG:colcon.colcon_core.package_identification:Package 'launch_pal' with type 'ros.ament_python' and name 'launch_pal'
[0.741s] Level 1:colcon.colcon_core.package_identification:_identify(log) by extensions ['ignore', 'ignore_ament_install']
[0.741s] Level 1:colcon.colcon_core.package_identification:_identify(log) by extension 'ignore'
[0.741s] Level 1:colcon.colcon_core.package_identification:_identify(log) ignored
[0.741s] Level 1:colcon.colcon_core.package_identification:_identify(pal_gazebo_worlds) by extensions ['ignore', 'ignore_ament_install']
[0.741s] Level 1:colcon.colcon_core.package_identification:_identify(pal_gazebo_worlds) by extension 'ignore'
[0.741s] Level 1:colcon.colcon_core.package_identification:_identify(pal_gazebo_worlds) by extension 'ignore_ament_install'
[0.741s] Level 1:colcon.colcon_core.package_identification:_identify(pal_gazebo_worlds) by extensions ['colcon_pkg']
[0.741s] Level 1:colcon.colcon_core.package_identification:_identify(pal_gazebo_worlds) by extension 'colcon_pkg'
[0.741s] Level 1:colcon.colcon_core.package_identification:_identify(pal_gazebo_worlds) by extensions ['colcon_meta']
[0.741s] Level 1:colcon.colcon_core.package_identification:_identify(pal_gazebo_worlds) by extension 'colcon_meta'
[0.741s] Level 1:colcon.colcon_core.package_identification:_identify(pal_gazebo_worlds) by extensions ['ros']
[0.741s] Level 1:colcon.colcon_core.package_identification:_identify(pal_gazebo_worlds) by extension 'ros'
[0.743s] DEBUG:colcon.colcon_core.package_identification:Package 'pal_gazebo_worlds' with type 'ros.ament_cmake' and name 'pal_gazebo_worlds'
[0.744s] Level 1:colcon.colcon_core.package_identification:_identify(pal_gripper) by extensions ['ignore', 'ignore_ament_install']
[0.744s] Level 1:colcon.colcon_core.package_identification:_identify(pal_gripper) by extension 'ignore'
[0.744s] Level 1:colcon.colcon_core.package_identification:_identify(pal_gripper) by extension 'ignore_ament_install'
[0.744s] Level 1:colcon.colcon_core.package_identification:_identify(pal_gripper) by extensions ['colcon_pkg']
[0.744s] Level 1:colcon.colcon_core.package_identification:_identify(pal_gripper) by extension 'colcon_pkg'
[0.744s] Level 1:colcon.colcon_core.package_identification:_identify(pal_gripper) by extensions ['colcon_meta']
[0.744s] Level 1:colcon.colcon_core.package_identification:_identify(pal_gripper) by extension 'colcon_meta'
[0.744s] Level 1:colcon.colcon_core.package_identification:_identify(pal_gripper) by extensions ['ros']
[0.744s] Level 1:colcon.colcon_core.package_identification:_identify(pal_gripper) by extension 'ros'
[0.744s] Level 1:colcon.colcon_core.package_identification:_identify(pal_gripper) by extensions ['cmake', 'python']
[0.744s] Level 1:colcon.colcon_core.package_identification:_identify(pal_gripper) by extension 'cmake'
[0.744s] Level 1:colcon.colcon_core.package_identification:_identify(pal_gripper) by extension 'python'
[0.744s] Level 1:colcon.colcon_core.package_identification:_identify(pal_gripper) by extensions ['python_setup_py']
[0.744s] Level 1:colcon.colcon_core.package_identification:_identify(pal_gripper) by extension 'python_setup_py'
[0.745s] Level 1:colcon.colcon_core.package_identification:_identify(pal_gripper/pal_gripper) by extensions ['ignore', 'ignore_ament_install']
[0.745s] Level 1:colcon.colcon_core.package_identification:_identify(pal_gripper/pal_gripper) by extension 'ignore'
[0.745s] Level 1:colcon.colcon_core.package_identification:_identify(pal_gripper/pal_gripper) by extension 'ignore_ament_install'
[0.745s] Level 1:colcon.colcon_core.package_identification:_identify(pal_gripper/pal_gripper) by extensions ['colcon_pkg']
[0.745s] Level 1:colcon.colcon_core.package_identification:_identify(pal_gripper/pal_gripper) by extension 'colcon_pkg'
[0.745s] Level 1:colcon.colcon_core.package_identification:_identify(pal_gripper/pal_gripper) by extensions ['colcon_meta']
[0.745s] Level 1:colcon.colcon_core.package_identification:_identify(pal_gripper/pal_gripper) by extension 'colcon_meta'
[0.745s] Level 1:colcon.colcon_core.package_identification:_identify(pal_gripper/pal_gripper) by extensions ['ros']
[0.745s] Level 1:colcon.colcon_core.package_identification:_identify(pal_gripper/pal_gripper) by extension 'ros'
[0.746s] DEBUG:colcon.colcon_core.package_identification:Package 'pal_gripper/pal_gripper' with type 'ros.ament_cmake' and name 'pal_gripper'
[0.746s] Level 1:colcon.colcon_core.package_identification:_identify(pal_gripper/pal_gripper_controller_configuration) by extensions ['ignore', 'ignore_ament_install']
[0.746s] Level 1:colcon.colcon_core.package_identification:_identify(pal_gripper/pal_gripper_controller_configuration) by extension 'ignore'
[0.746s] Level 1:colcon.colcon_core.package_identification:_identify(pal_gripper/pal_gripper_controller_configuration) by extension 'ignore_ament_install'
[0.746s] Level 1:colcon.colcon_core.package_identification:_identify(pal_gripper/pal_gripper_controller_configuration) by extensions ['colcon_pkg']
[0.746s] Level 1:colcon.colcon_core.package_identification:_identify(pal_gripper/pal_gripper_controller_configuration) by extension 'colcon_pkg'
[0.746s] Level 1:colcon.colcon_core.package_identification:_identify(pal_gripper/pal_gripper_controller_configuration) by extensions ['colcon_meta']
[0.747s] Level 1:colcon.colcon_core.package_identification:_identify(pal_gripper/pal_gripper_controller_configuration) by extension 'colcon_meta'
[0.747s] Level 1:colcon.colcon_core.package_identification:_identify(pal_gripper/pal_gripper_controller_configuration) by extensions ['ros']
[0.747s] Level 1:colcon.colcon_core.package_identification:_identify(pal_gripper/pal_gripper_controller_configuration) by extension 'ros'
[0.747s] DEBUG:colcon.colcon_core.package_identification:Package 'pal_gripper/pal_gripper_controller_configuration' with type 'ros.ament_cmake' and name 'pal_gripper_controller_configuration'
[0.748s] Level 1:colcon.colcon_core.package_identification:_identify(pal_gripper/pal_gripper_description) by extensions ['ignore', 'ignore_ament_install']
[0.748s] Level 1:colcon.colcon_core.package_identification:_identify(pal_gripper/pal_gripper_description) by extension 'ignore'
[0.748s] Level 1:colcon.colcon_core.package_identification:_identify(pal_gripper/pal_gripper_description) by extension 'ignore_ament_install'
[0.748s] Level 1:colcon.colcon_core.package_identification:_identify(pal_gripper/pal_gripper_description) by extensions ['colcon_pkg']
[0.748s] Level 1:colcon.colcon_core.package_identification:_identify(pal_gripper/pal_gripper_description) by extension 'colcon_pkg'
[0.748s] Level 1:colcon.colcon_core.package_identification:_identify(pal_gripper/pal_gripper_description) by extensions ['colcon_meta']
[0.748s] Level 1:colcon.colcon_core.package_identification:_identify(pal_gripper/pal_gripper_description) by extension 'colcon_meta'
[0.748s] Level 1:colcon.colcon_core.package_identification:_identify(pal_gripper/pal_gripper_description) by extensions ['ros']
[0.748s] Level 1:colcon.colcon_core.package_identification:_identify(pal_gripper/pal_gripper_description) by extension 'ros'
[0.749s] DEBUG:colcon.colcon_core.package_identification:Package 'pal_gripper/pal_gripper_description' with type 'ros.ament_cmake' and name 'pal_gripper_description'
[0.749s] Level 1:colcon.colcon_core.package_identification:_identify(pal_gripper/pal_gripper_simulation) by extensions ['ignore', 'ignore_ament_install']
[0.749s] Level 1:colcon.colcon_core.package_identification:_identify(pal_gripper/pal_gripper_simulation) by extension 'ignore'
[0.749s] Level 1:colcon.colcon_core.package_identification:_identify(pal_gripper/pal_gripper_simulation) by extension 'ignore_ament_install'
[0.749s] Level 1:colcon.colcon_core.package_identification:_identify(pal_gripper/pal_gripper_simulation) by extensions ['colcon_pkg']
[0.749s] Level 1:colcon.colcon_core.package_identification:_identify(pal_gripper/pal_gripper_simulation) by extension 'colcon_pkg'
[0.749s] Level 1:colcon.colcon_core.package_identification:_identify(pal_gripper/pal_gripper_simulation) by extensions ['colcon_meta']
[0.749s] Level 1:colcon.colcon_core.package_identification:_identify(pal_gripper/pal_gripper_simulation) by extension 'colcon_meta'
[0.749s] Level 1:colcon.colcon_core.package_identification:_identify(pal_gripper/pal_gripper_simulation) by extensions ['ros']
[0.749s] Level 1:colcon.colcon_core.package_identification:_identify(pal_gripper/pal_gripper_simulation) by extension 'ros'
[0.750s] DEBUG:colcon.colcon_core.package_identification:Package 'pal_gripper/pal_gripper_simulation' with type 'ros.ament_cmake' and name 'pal_gripper_simulation'
[0.750s] Level 1:colcon.colcon_core.package_identification:_identify(pal_hey5) by extensions ['ignore', 'ignore_ament_install']
[0.750s] Level 1:colcon.colcon_core.package_identification:_identify(pal_hey5) by extension 'ignore'
[0.750s] Level 1:colcon.colcon_core.package_identification:_identify(pal_hey5) by extension 'ignore_ament_install'
[0.750s] Level 1:colcon.colcon_core.package_identification:_identify(pal_hey5) by extensions ['colcon_pkg']
[0.751s] Level 1:colcon.colcon_core.package_identification:_identify(pal_hey5) by extension 'colcon_pkg'
[0.751s] Level 1:colcon.colcon_core.package_identification:_identify(pal_hey5) by extensions ['colcon_meta']
[0.751s] Level 1:colcon.colcon_core.package_identification:_identify(pal_hey5) by extension 'colcon_meta'
[0.751s] Level 1:colcon.colcon_core.package_identification:_identify(pal_hey5) by extensions ['ros']
[0.751s] Level 1:colcon.colcon_core.package_identification:_identify(pal_hey5) by extension 'ros'
[0.751s] Level 1:colcon.colcon_core.package_identification:_identify(pal_hey5) by extensions ['cmake', 'python']
[0.751s] Level 1:colcon.colcon_core.package_identification:_identify(pal_hey5) by extension 'cmake'
[0.751s] Level 1:colcon.colcon_core.package_identification:_identify(pal_hey5) by extension 'python'
[0.751s] Level 1:colcon.colcon_core.package_identification:_identify(pal_hey5) by extensions ['python_setup_py']
[0.751s] Level 1:colcon.colcon_core.package_identification:_identify(pal_hey5) by extension 'python_setup_py'
[0.751s] Level 1:colcon.colcon_core.package_identification:_identify(pal_hey5/pal_hey5) by extensions ['ignore', 'ignore_ament_install']
[0.751s] Level 1:colcon.colcon_core.package_identification:_identify(pal_hey5/pal_hey5) by extension 'ignore'
[0.751s] Level 1:colcon.colcon_core.package_identification:_identify(pal_hey5/pal_hey5) by extension 'ignore_ament_install'
[0.751s] Level 1:colcon.colcon_core.package_identification:_identify(pal_hey5/pal_hey5) by extensions ['colcon_pkg']
[0.751s] Level 1:colcon.colcon_core.package_identification:_identify(pal_hey5/pal_hey5) by extension 'colcon_pkg'
[0.751s] Level 1:colcon.colcon_core.package_identification:_identify(pal_hey5/pal_hey5) by extensions ['colcon_meta']
[0.751s] Level 1:colcon.colcon_core.package_identification:_identify(pal_hey5/pal_hey5) by extension 'colcon_meta'
[0.751s] Level 1:colcon.colcon_core.package_identification:_identify(pal_hey5/pal_hey5) by extensions ['ros']
[0.751s] Level 1:colcon.colcon_core.package_identification:_identify(pal_hey5/pal_hey5) by extension 'ros'
[0.752s] DEBUG:colcon.colcon_core.package_identification:Package 'pal_hey5/pal_hey5' with type 'ros.ament_cmake' and name 'pal_hey5'
[0.752s] Level 1:colcon.colcon_core.package_identification:_identify(pal_hey5/pal_hey5_controller_configuration) by extensions ['ignore', 'ignore_ament_install']
[0.753s] Level 1:colcon.colcon_core.package_identification:_identify(pal_hey5/pal_hey5_controller_configuration) by extension 'ignore'
[0.753s] Level 1:colcon.colcon_core.package_identification:_identify(pal_hey5/pal_hey5_controller_configuration) by extension 'ignore_ament_install'
[0.753s] Level 1:colcon.colcon_core.package_identification:_identify(pal_hey5/pal_hey5_controller_configuration) by extensions ['colcon_pkg']
[0.753s] Level 1:colcon.colcon_core.package_identification:_identify(pal_hey5/pal_hey5_controller_configuration) by extension 'colcon_pkg'
[0.753s] Level 1:colcon.colcon_core.package_identification:_identify(pal_hey5/pal_hey5_controller_configuration) by extensions ['colcon_meta']
[0.753s] Level 1:colcon.colcon_core.package_identification:_identify(pal_hey5/pal_hey5_controller_configuration) by extension 'colcon_meta'
[0.753s] Level 1:colcon.colcon_core.package_identification:_identify(pal_hey5/pal_hey5_controller_configuration) by extensions ['ros']
[0.753s] Level 1:colcon.colcon_core.package_identification:_identify(pal_hey5/pal_hey5_controller_configuration) by extension 'ros'
[0.753s] DEBUG:colcon.colcon_core.package_identification:Package 'pal_hey5/pal_hey5_controller_configuration' with type 'ros.ament_cmake' and name 'pal_hey5_controller_configuration'
[0.754s] Level 1:colcon.colcon_core.package_identification:_identify(pal_hey5/pal_hey5_description) by extensions ['ignore', 'ignore_ament_install']
[0.754s] Level 1:colcon.colcon_core.package_identification:_identify(pal_hey5/pal_hey5_description) by extension 'ignore'
[0.754s] Level 1:colcon.colcon_core.package_identification:_identify(pal_hey5/pal_hey5_description) by extension 'ignore_ament_install'
[0.754s] Level 1:colcon.colcon_core.package_identification:_identify(pal_hey5/pal_hey5_description) by extensions ['colcon_pkg']
[0.754s] Level 1:colcon.colcon_core.package_identification:_identify(pal_hey5/pal_hey5_description) by extension 'colcon_pkg'
[0.754s] Level 1:colcon.colcon_core.package_identification:_identify(pal_hey5/pal_hey5_description) by extensions ['colcon_meta']
[0.754s] Level 1:colcon.colcon_core.package_identification:_identify(pal_hey5/pal_hey5_description) by extension 'colcon_meta'
[0.754s] Level 1:colcon.colcon_core.package_identification:_identify(pal_hey5/pal_hey5_description) by extensions ['ros']
[0.754s] Level 1:colcon.colcon_core.package_identification:_identify(pal_hey5/pal_hey5_description) by extension 'ros'
[0.755s] DEBUG:colcon.colcon_core.package_identification:Package 'pal_hey5/pal_hey5_description' with type 'ros.ament_cmake' and name 'pal_hey5_description'
[0.755s] Level 1:colcon.colcon_core.package_identification:_identify(pal_navigation_cfg_public) by extensions ['ignore', 'ignore_ament_install']
[0.755s] Level 1:colcon.colcon_core.package_identification:_identify(pal_navigation_cfg_public) by extension 'ignore'
[0.755s] Level 1:colcon.colcon_core.package_identification:_identify(pal_navigation_cfg_public) by extension 'ignore_ament_install'
[0.755s] Level 1:colcon.colcon_core.package_identification:_identify(pal_navigation_cfg_public) by extensions ['colcon_pkg']
[0.755s] Level 1:colcon.colcon_core.package_identification:_identify(pal_navigation_cfg_public) by extension 'colcon_pkg'
[0.755s] Level 1:colcon.colcon_core.package_identification:_identify(pal_navigation_cfg_public) by extensions ['colcon_meta']
[0.755s] Level 1:colcon.colcon_core.package_identification:_identify(pal_navigation_cfg_public) by extension 'colcon_meta'
[0.755s] Level 1:colcon.colcon_core.package_identification:_identify(pal_navigation_cfg_public) by extensions ['ros']
[0.755s] Level 1:colcon.colcon_core.package_identification:_identify(pal_navigation_cfg_public) by extension 'ros'
[0.756s] Level 1:colcon.colcon_core.package_identification:_identify(pal_navigation_cfg_public) by extensions ['cmake', 'python']
[0.756s] Level 1:colcon.colcon_core.package_identification:_identify(pal_navigation_cfg_public) by extension 'cmake'
[0.756s] Level 1:colcon.colcon_core.package_identification:_identify(pal_navigation_cfg_public) by extension 'python'
[0.756s] Level 1:colcon.colcon_core.package_identification:_identify(pal_navigation_cfg_public) by extensions ['python_setup_py']
[0.756s] Level 1:colcon.colcon_core.package_identification:_identify(pal_navigation_cfg_public) by extension 'python_setup_py'
[0.756s] Level 1:colcon.colcon_core.package_identification:_identify(pal_navigation_cfg_public/pal_navigation_cfg_bringup) by extensions ['ignore', 'ignore_ament_install']
[0.756s] Level 1:colcon.colcon_core.package_identification:_identify(pal_navigation_cfg_public/pal_navigation_cfg_bringup) by extension 'ignore'
[0.756s] Level 1:colcon.colcon_core.package_identification:_identify(pal_navigation_cfg_public/pal_navigation_cfg_bringup) by extension 'ignore_ament_install'
[0.756s] Level 1:colcon.colcon_core.package_identification:_identify(pal_navigation_cfg_public/pal_navigation_cfg_bringup) by extensions ['colcon_pkg']
[0.756s] Level 1:colcon.colcon_core.package_identification:_identify(pal_navigation_cfg_public/pal_navigation_cfg_bringup) by extension 'colcon_pkg'
[0.756s] Level 1:colcon.colcon_core.package_identification:_identify(pal_navigation_cfg_public/pal_navigation_cfg_bringup) by extensions ['colcon_meta']
[0.756s] Level 1:colcon.colcon_core.package_identification:_identify(pal_navigation_cfg_public/pal_navigation_cfg_bringup) by extension 'colcon_meta'
[0.756s] Level 1:colcon.colcon_core.package_identification:_identify(pal_navigation_cfg_public/pal_navigation_cfg_bringup) by extensions ['ros']
[0.756s] Level 1:colcon.colcon_core.package_identification:_identify(pal_navigation_cfg_public/pal_navigation_cfg_bringup) by extension 'ros'
[0.757s] DEBUG:colcon.colcon_core.package_identification:Package 'pal_navigation_cfg_public/pal_navigation_cfg_bringup' with type 'ros.ament_cmake' and name 'pal_navigation_cfg_bringup'
[0.757s] Level 1:colcon.colcon_core.package_identification:_identify(pal_navigation_cfg_public/pal_navigation_cfg_params) by extensions ['ignore', 'ignore_ament_install']
[0.757s] Level 1:colcon.colcon_core.package_identification:_identify(pal_navigation_cfg_public/pal_navigation_cfg_params) by extension 'ignore'
[0.758s] Level 1:colcon.colcon_core.package_identification:_identify(pal_navigation_cfg_public/pal_navigation_cfg_params) by extension 'ignore_ament_install'
[0.758s] Level 1:colcon.colcon_core.package_identification:_identify(pal_navigation_cfg_public/pal_navigation_cfg_params) by extensions ['colcon_pkg']
[0.758s] Level 1:colcon.colcon_core.package_identification:_identify(pal_navigation_cfg_public/pal_navigation_cfg_params) by extension 'colcon_pkg'
[0.758s] Level 1:colcon.colcon_core.package_identification:_identify(pal_navigation_cfg_public/pal_navigation_cfg_params) by extensions ['colcon_meta']
[0.758s] Level 1:colcon.colcon_core.package_identification:_identify(pal_navigation_cfg_public/pal_navigation_cfg_params) by extension 'colcon_meta'
[0.758s] Level 1:colcon.colcon_core.package_identification:_identify(pal_navigation_cfg_public/pal_navigation_cfg_params) by extensions ['ros']
[0.758s] Level 1:colcon.colcon_core.package_identification:_identify(pal_navigation_cfg_public/pal_navigation_cfg_params) by extension 'ros'
[0.759s] DEBUG:colcon.colcon_core.package_identification:Package 'pal_navigation_cfg_public/pal_navigation_cfg_params' with type 'ros.ament_cmake' and name 'pal_navigation_cfg_params'
[0.759s] Level 1:colcon.colcon_core.package_identification:_identify(pal_navigation_cfg_public/pal_navigation_cfg_public) by extensions ['ignore', 'ignore_ament_install']
[0.760s] Level 1:colcon.colcon_core.package_identification:_identify(pal_navigation_cfg_public/pal_navigation_cfg_public) by extension 'ignore'
[0.760s] Level 1:colcon.colcon_core.package_identification:_identify(pal_navigation_cfg_public/pal_navigation_cfg_public) by extension 'ignore_ament_install'
[0.760s] Level 1:colcon.colcon_core.package_identification:_identify(pal_navigation_cfg_public/pal_navigation_cfg_public) by extensions ['colcon_pkg']
[0.760s] Level 1:colcon.colcon_core.package_identification:_identify(pal_navigation_cfg_public/pal_navigation_cfg_public) by extension 'colcon_pkg'
[0.760s] Level 1:colcon.colcon_core.package_identification:_identify(pal_navigation_cfg_public/pal_navigation_cfg_public) by extensions ['colcon_meta']
[0.760s] Level 1:colcon.colcon_core.package_identification:_identify(pal_navigation_cfg_public/pal_navigation_cfg_public) by extension 'colcon_meta'
[0.760s] Level 1:colcon.colcon_core.package_identification:_identify(pal_navigation_cfg_public/pal_navigation_cfg_public) by extensions ['ros']
[0.760s] Level 1:colcon.colcon_core.package_identification:_identify(pal_navigation_cfg_public/pal_navigation_cfg_public) by extension 'ros'
[0.761s] DEBUG:colcon.colcon_core.package_identification:Package 'pal_navigation_cfg_public/pal_navigation_cfg_public' with type 'ros.ament_cmake' and name 'pal_navigation_cfg'
[0.761s] Level 1:colcon.colcon_core.package_identification:_identify(pal_robotiq_gripper) by extensions ['ignore', 'ignore_ament_install']
[0.761s] Level 1:colcon.colcon_core.package_identification:_identify(pal_robotiq_gripper) by extension 'ignore'
[0.761s] Level 1:colcon.colcon_core.package_identification:_identify(pal_robotiq_gripper) by extension 'ignore_ament_install'
[0.762s] Level 1:colcon.colcon_core.package_identification:_identify(pal_robotiq_gripper) by extensions ['colcon_pkg']
[0.762s] Level 1:colcon.colcon_core.package_identification:_identify(pal_robotiq_gripper) by extension 'colcon_pkg'
[0.762s] Level 1:colcon.colcon_core.package_identification:_identify(pal_robotiq_gripper) by extensions ['colcon_meta']
[0.762s] Level 1:colcon.colcon_core.package_identification:_identify(pal_robotiq_gripper) by extension 'colcon_meta'
[0.762s] Level 1:colcon.colcon_core.package_identification:_identify(pal_robotiq_gripper) by extensions ['ros']
[0.762s] Level 1:colcon.colcon_core.package_identification:_identify(pal_robotiq_gripper) by extension 'ros'
[0.762s] Level 1:colcon.colcon_core.package_identification:_identify(pal_robotiq_gripper) by extensions ['cmake', 'python']
[0.762s] Level 1:colcon.colcon_core.package_identification:_identify(pal_robotiq_gripper) by extension 'cmake'
[0.762s] Level 1:colcon.colcon_core.package_identification:_identify(pal_robotiq_gripper) by extension 'python'
[0.762s] Level 1:colcon.colcon_core.package_identification:_identify(pal_robotiq_gripper) by extensions ['python_setup_py']
[0.762s] Level 1:colcon.colcon_core.package_identification:_identify(pal_robotiq_gripper) by extension 'python_setup_py'
[0.763s] Level 1:colcon.colcon_core.package_identification:_identify(pal_robotiq_gripper/pal_robotiq_controller_configuration) by extensions ['ignore', 'ignore_ament_install']
[0.763s] Level 1:colcon.colcon_core.package_identification:_identify(pal_robotiq_gripper/pal_robotiq_controller_configuration) by extension 'ignore'
[0.763s] Level 1:colcon.colcon_core.package_identification:_identify(pal_robotiq_gripper/pal_robotiq_controller_configuration) by extension 'ignore_ament_install'
[0.763s] Level 1:colcon.colcon_core.package_identification:_identify(pal_robotiq_gripper/pal_robotiq_controller_configuration) by extensions ['colcon_pkg']
[0.763s] Level 1:colcon.colcon_core.package_identification:_identify(pal_robotiq_gripper/pal_robotiq_controller_configuration) by extension 'colcon_pkg'
[0.763s] Level 1:colcon.colcon_core.package_identification:_identify(pal_robotiq_gripper/pal_robotiq_controller_configuration) by extensions ['colcon_meta']
[0.763s] Level 1:colcon.colcon_core.package_identification:_identify(pal_robotiq_gripper/pal_robotiq_controller_configuration) by extension 'colcon_meta'
[0.763s] Level 1:colcon.colcon_core.package_identification:_identify(pal_robotiq_gripper/pal_robotiq_controller_configuration) by extensions ['ros']
[0.763s] Level 1:colcon.colcon_core.package_identification:_identify(pal_robotiq_gripper/pal_robotiq_controller_configuration) by extension 'ros'
[0.764s] DEBUG:colcon.colcon_core.package_identification:Package 'pal_robotiq_gripper/pal_robotiq_controller_configuration' with type 'ros.ament_cmake' and name 'pal_robotiq_controller_configuration'
[0.764s] Level 1:colcon.colcon_core.package_identification:_identify(pal_robotiq_gripper/pal_robotiq_description) by extensions ['ignore', 'ignore_ament_install']
[0.764s] Level 1:colcon.colcon_core.package_identification:_identify(pal_robotiq_gripper/pal_robotiq_description) by extension 'ignore'
[0.764s] Level 1:colcon.colcon_core.package_identification:_identify(pal_robotiq_gripper/pal_robotiq_description) by extension 'ignore_ament_install'
[0.764s] Level 1:colcon.colcon_core.package_identification:_identify(pal_robotiq_gripper/pal_robotiq_description) by extensions ['colcon_pkg']
[0.764s] Level 1:colcon.colcon_core.package_identification:_identify(pal_robotiq_gripper/pal_robotiq_description) by extension 'colcon_pkg'
[0.764s] Level 1:colcon.colcon_core.package_identification:_identify(pal_robotiq_gripper/pal_robotiq_description) by extensions ['colcon_meta']
[0.764s] Level 1:colcon.colcon_core.package_identification:_identify(pal_robotiq_gripper/pal_robotiq_description) by extension 'colcon_meta'
[0.764s] Level 1:colcon.colcon_core.package_identification:_identify(pal_robotiq_gripper/pal_robotiq_description) by extensions ['ros']
[0.764s] Level 1:colcon.colcon_core.package_identification:_identify(pal_robotiq_gripper/pal_robotiq_description) by extension 'ros'
[0.765s] DEBUG:colcon.colcon_core.package_identification:Package 'pal_robotiq_gripper/pal_robotiq_description' with type 'ros.ament_cmake' and name 'pal_robotiq_description'
[0.765s] Level 1:colcon.colcon_core.package_identification:_identify(pal_robotiq_gripper/pal_robotiq_epick_gripper) by extensions ['ignore', 'ignore_ament_install']
[0.765s] Level 1:colcon.colcon_core.package_identification:_identify(pal_robotiq_gripper/pal_robotiq_epick_gripper) by extension 'ignore'
[0.765s] Level 1:colcon.colcon_core.package_identification:_identify(pal_robotiq_gripper/pal_robotiq_epick_gripper) by extension 'ignore_ament_install'
[0.766s] Level 1:colcon.colcon_core.package_identification:_identify(pal_robotiq_gripper/pal_robotiq_epick_gripper) by extensions ['colcon_pkg']
[0.766s] Level 1:colcon.colcon_core.package_identification:_identify(pal_robotiq_gripper/pal_robotiq_epick_gripper) by extension 'colcon_pkg'
[0.766s] Level 1:colcon.colcon_core.package_identification:_identify(pal_robotiq_gripper/pal_robotiq_epick_gripper) by extensions ['colcon_meta']
[0.766s] Level 1:colcon.colcon_core.package_identification:_identify(pal_robotiq_gripper/pal_robotiq_epick_gripper) by extension 'colcon_meta'
[0.766s] Level 1:colcon.colcon_core.package_identification:_identify(pal_robotiq_gripper/pal_robotiq_epick_gripper) by extensions ['ros']
[0.766s] Level 1:colcon.colcon_core.package_identification:_identify(pal_robotiq_gripper/pal_robotiq_epick_gripper) by extension 'ros'
[0.766s] Level 1:colcon.colcon_core.package_identification:_identify(pal_robotiq_gripper/pal_robotiq_epick_gripper) by extensions ['cmake', 'python']
[0.766s] Level 1:colcon.colcon_core.package_identification:_identify(pal_robotiq_gripper/pal_robotiq_epick_gripper) by extension 'cmake'
[0.766s] Level 1:colcon.colcon_core.package_identification:_identify(pal_robotiq_gripper/pal_robotiq_epick_gripper) by extension 'python'
[0.766s] Level 1:colcon.colcon_core.package_identification:_identify(pal_robotiq_gripper/pal_robotiq_epick_gripper) by extensions ['python_setup_py']
[0.766s] Level 1:colcon.colcon_core.package_identification:_identify(pal_robotiq_gripper/pal_robotiq_epick_gripper) by extension 'python_setup_py'
[0.766s] Level 1:colcon.colcon_core.package_identification:_identify(pal_robotiq_gripper/pal_robotiq_epick_gripper/pal_robotiq_epick_description) by extensions ['ignore', 'ignore_ament_install']
[0.766s] Level 1:colcon.colcon_core.package_identification:_identify(pal_robotiq_gripper/pal_robotiq_epick_gripper/pal_robotiq_epick_description) by extension 'ignore'
[0.766s] Level 1:colcon.colcon_core.package_identification:_identify(pal_robotiq_gripper/pal_robotiq_epick_gripper/pal_robotiq_epick_description) ignored
[0.767s] Level 1:colcon.colcon_core.package_identification:_identify(pal_robotiq_gripper/pal_robotiq_epick_gripper/pal_robotiq_epick_gripper) by extensions ['ignore', 'ignore_ament_install']
[0.767s] Level 1:colcon.colcon_core.package_identification:_identify(pal_robotiq_gripper/pal_robotiq_epick_gripper/pal_robotiq_epick_gripper) by extension 'ignore'
[0.767s] Level 1:colcon.colcon_core.package_identification:_identify(pal_robotiq_gripper/pal_robotiq_epick_gripper/pal_robotiq_epick_gripper) ignored
[0.767s] Level 1:colcon.colcon_core.package_identification:_identify(pal_robotiq_gripper/pal_robotiq_gripper) by extensions ['ignore', 'ignore_ament_install']
[0.767s] Level 1:colcon.colcon_core.package_identification:_identify(pal_robotiq_gripper/pal_robotiq_gripper) by extension 'ignore'
[0.767s] Level 1:colcon.colcon_core.package_identification:_identify(pal_robotiq_gripper/pal_robotiq_gripper) by extension 'ignore_ament_install'
[0.767s] Level 1:colcon.colcon_core.package_identification:_identify(pal_robotiq_gripper/pal_robotiq_gripper) by extensions ['colcon_pkg']
[0.767s] Level 1:colcon.colcon_core.package_identification:_identify(pal_robotiq_gripper/pal_robotiq_gripper) by extension 'colcon_pkg'
[0.767s] Level 1:colcon.colcon_core.package_identification:_identify(pal_robotiq_gripper/pal_robotiq_gripper) by extensions ['colcon_meta']
[0.767s] Level 1:colcon.colcon_core.package_identification:_identify(pal_robotiq_gripper/pal_robotiq_gripper) by extension 'colcon_meta'
[0.767s] Level 1:colcon.colcon_core.package_identification:_identify(pal_robotiq_gripper/pal_robotiq_gripper) by extensions ['ros']
[0.767s] Level 1:colcon.colcon_core.package_identification:_identify(pal_robotiq_gripper/pal_robotiq_gripper) by extension 'ros'
[0.768s] DEBUG:colcon.colcon_core.package_identification:Package 'pal_robotiq_gripper/pal_robotiq_gripper' with type 'ros.ament_cmake' and name 'pal_robotiq_gripper'
[0.768s] Level 1:colcon.colcon_core.package_identification:_identify(pal_robotiq_gripper/pal_robotiq_gripper_wrapper) by extensions ['ignore', 'ignore_ament_install']
[0.768s] Level 1:colcon.colcon_core.package_identification:_identify(pal_robotiq_gripper/pal_robotiq_gripper_wrapper) by extension 'ignore'
[0.768s] Level 1:colcon.colcon_core.package_identification:_identify(pal_robotiq_gripper/pal_robotiq_gripper_wrapper) ignored
[0.769s] Level 1:colcon.colcon_core.package_identification:_identify(pal_urdf_utils) by extensions ['ignore', 'ignore_ament_install']
[0.769s] Level 1:colcon.colcon_core.package_identification:_identify(pal_urdf_utils) by extension 'ignore'
[0.769s] Level 1:colcon.colcon_core.package_identification:_identify(pal_urdf_utils) by extension 'ignore_ament_install'
[0.769s] Level 1:colcon.colcon_core.package_identification:_identify(pal_urdf_utils) by extensions ['colcon_pkg']
[0.769s] Level 1:colcon.colcon_core.package_identification:_identify(pal_urdf_utils) by extension 'colcon_pkg'
[0.769s] Level 1:colcon.colcon_core.package_identification:_identify(pal_urdf_utils) by extensions ['colcon_meta']
[0.769s] Level 1:colcon.colcon_core.package_identification:_identify(pal_urdf_utils) by extension 'colcon_meta'
[0.769s] Level 1:colcon.colcon_core.package_identification:_identify(pal_urdf_utils) by extensions ['ros']
[0.769s] Level 1:colcon.colcon_core.package_identification:_identify(pal_urdf_utils) by extension 'ros'
[0.770s] DEBUG:colcon.colcon_core.package_identification:Package 'pal_urdf_utils' with type 'ros.ament_cmake' and name 'pal_urdf_utils'
[0.770s] Level 1:colcon.colcon_core.package_identification:_identify(play_motion2) by extensions ['ignore', 'ignore_ament_install']
[0.770s] Level 1:colcon.colcon_core.package_identification:_identify(play_motion2) by extension 'ignore'
[0.770s] Level 1:colcon.colcon_core.package_identification:_identify(play_motion2) by extension 'ignore_ament_install'
[0.770s] Level 1:colcon.colcon_core.package_identification:_identify(play_motion2) by extensions ['colcon_pkg']
[0.770s] Level 1:colcon.colcon_core.package_identification:_identify(play_motion2) by extension 'colcon_pkg'
[0.770s] Level 1:colcon.colcon_core.package_identification:_identify(play_motion2) by extensions ['colcon_meta']
[0.770s] Level 1:colcon.colcon_core.package_identification:_identify(play_motion2) by extension 'colcon_meta'
[0.770s] Level 1:colcon.colcon_core.package_identification:_identify(play_motion2) by extensions ['ros']
[0.770s] Level 1:colcon.colcon_core.package_identification:_identify(play_motion2) by extension 'ros'
[0.771s] Level 1:colcon.colcon_core.package_identification:_identify(play_motion2) by extensions ['cmake', 'python']
[0.771s] Level 1:colcon.colcon_core.package_identification:_identify(play_motion2) by extension 'cmake'
[0.771s] Level 1:colcon.colcon_core.package_identification:_identify(play_motion2) by extension 'python'
[0.771s] Level 1:colcon.colcon_core.package_identification:_identify(play_motion2) by extensions ['python_setup_py']
[0.771s] Level 1:colcon.colcon_core.package_identification:_identify(play_motion2) by extension 'python_setup_py'
[0.771s] Level 1:colcon.colcon_core.package_identification:_identify(play_motion2/play_motion2) by extensions ['ignore', 'ignore_ament_install']
[0.771s] Level 1:colcon.colcon_core.package_identification:_identify(play_motion2/play_motion2) by extension 'ignore'
[0.771s] Level 1:colcon.colcon_core.package_identification:_identify(play_motion2/play_motion2) by extension 'ignore_ament_install'
[0.771s] Level 1:colcon.colcon_core.package_identification:_identify(play_motion2/play_motion2) by extensions ['colcon_pkg']
[0.771s] Level 1:colcon.colcon_core.package_identification:_identify(play_motion2/play_motion2) by extension 'colcon_pkg'
[0.771s] Level 1:colcon.colcon_core.package_identification:_identify(play_motion2/play_motion2) by extensions ['colcon_meta']
[0.771s] Level 1:colcon.colcon_core.package_identification:_identify(play_motion2/play_motion2) by extension 'colcon_meta'
[0.771s] Level 1:colcon.colcon_core.package_identification:_identify(play_motion2/play_motion2) by extensions ['ros']
[0.772s] Level 1:colcon.colcon_core.package_identification:_identify(play_motion2/play_motion2) by extension 'ros'
[0.774s] DEBUG:colcon.colcon_core.package_identification:Package 'play_motion2/play_motion2' with type 'ros.ament_cmake' and name 'play_motion2'
[0.774s] Level 1:colcon.colcon_core.package_identification:_identify(play_motion2/play_motion2_cli) by extensions ['ignore', 'ignore_ament_install']
[0.775s] Level 1:colcon.colcon_core.package_identification:_identify(play_motion2/play_motion2_cli) by extension 'ignore'
[0.775s] Level 1:colcon.colcon_core.package_identification:_identify(play_motion2/play_motion2_cli) by extension 'ignore_ament_install'
[0.775s] Level 1:colcon.colcon_core.package_identification:_identify(play_motion2/play_motion2_cli) by extensions ['colcon_pkg']
[0.775s] Level 1:colcon.colcon_core.package_identification:_identify(play_motion2/play_motion2_cli) by extension 'colcon_pkg'
[0.775s] Level 1:colcon.colcon_core.package_identification:_identify(play_motion2/play_motion2_cli) by extensions ['colcon_meta']
[0.775s] Level 1:colcon.colcon_core.package_identification:_identify(play_motion2/play_motion2_cli) by extension 'colcon_meta'
[0.775s] Level 1:colcon.colcon_core.package_identification:_identify(play_motion2/play_motion2_cli) by extensions ['ros']
[0.775s] Level 1:colcon.colcon_core.package_identification:_identify(play_motion2/play_motion2_cli) by extension 'ros'
[0.776s] DEBUG:colcon.colcon_core.package_identification:Package 'play_motion2/play_motion2_cli' with type 'ros.ament_python' and name 'play_motion2_cli'
[0.776s] Level 1:colcon.colcon_core.package_identification:_identify(play_motion2/play_motion2_msgs) by extensions ['ignore', 'ignore_ament_install']
[0.776s] Level 1:colcon.colcon_core.package_identification:_identify(play_motion2/play_motion2_msgs) by extension 'ignore'
[0.776s] Level 1:colcon.colcon_core.package_identification:_identify(play_motion2/play_motion2_msgs) by extension 'ignore_ament_install'
[0.776s] Level 1:colcon.colcon_core.package_identification:_identify(play_motion2/play_motion2_msgs) by extensions ['colcon_pkg']
[0.776s] Level 1:colcon.colcon_core.package_identification:_identify(play_motion2/play_motion2_msgs) by extension 'colcon_pkg'
[0.776s] Level 1:colcon.colcon_core.package_identification:_identify(play_motion2/play_motion2_msgs) by extensions ['colcon_meta']
[0.776s] Level 1:colcon.colcon_core.package_identification:_identify(play_motion2/play_motion2_msgs) by extension 'colcon_meta'
[0.776s] Level 1:colcon.colcon_core.package_identification:_identify(play_motion2/play_motion2_msgs) by extensions ['ros']
[0.776s] Level 1:colcon.colcon_core.package_identification:_identify(play_motion2/play_motion2_msgs) by extension 'ros'
[0.778s] DEBUG:colcon.colcon_core.package_identification:Package 'play_motion2/play_motion2_msgs' with type 'ros.ament_cmake' and name 'play_motion2_msgs'
[0.778s] Level 1:colcon.colcon_core.package_identification:_identify(pmb2_navigation) by extensions ['ignore', 'ignore_ament_install']
[0.778s] Level 1:colcon.colcon_core.package_identification:_identify(pmb2_navigation) by extension 'ignore'
[0.778s] Level 1:colcon.colcon_core.package_identification:_identify(pmb2_navigation) by extension 'ignore_ament_install'
[0.778s] Level 1:colcon.colcon_core.package_identification:_identify(pmb2_navigation) by extensions ['colcon_pkg']
[0.778s] Level 1:colcon.colcon_core.package_identification:_identify(pmb2_navigation) by extension 'colcon_pkg'
[0.778s] Level 1:colcon.colcon_core.package_identification:_identify(pmb2_navigation) by extensions ['colcon_meta']
[0.778s] Level 1:colcon.colcon_core.package_identification:_identify(pmb2_navigation) by extension 'colcon_meta'
[0.778s] Level 1:colcon.colcon_core.package_identification:_identify(pmb2_navigation) by extensions ['ros']
[0.778s] Level 1:colcon.colcon_core.package_identification:_identify(pmb2_navigation) by extension 'ros'
[0.778s] Level 1:colcon.colcon_core.package_identification:_identify(pmb2_navigation) by extensions ['cmake', 'python']
[0.778s] Level 1:colcon.colcon_core.package_identification:_identify(pmb2_navigation) by extension 'cmake'
[0.778s] Level 1:colcon.colcon_core.package_identification:_identify(pmb2_navigation) by extension 'python'
[0.779s] Level 1:colcon.colcon_core.package_identification:_identify(pmb2_navigation) by extensions ['python_setup_py']
[0.779s] Level 1:colcon.colcon_core.package_identification:_identify(pmb2_navigation) by extension 'python_setup_py'
[0.779s] Level 1:colcon.colcon_core.package_identification:_identify(pmb2_navigation/pmb2_2dnav) by extensions ['ignore', 'ignore_ament_install']
[0.779s] Level 1:colcon.colcon_core.package_identification:_identify(pmb2_navigation/pmb2_2dnav) by extension 'ignore'
[0.779s] Level 1:colcon.colcon_core.package_identification:_identify(pmb2_navigation/pmb2_2dnav) by extension 'ignore_ament_install'
[0.779s] Level 1:colcon.colcon_core.package_identification:_identify(pmb2_navigation/pmb2_2dnav) by extensions ['colcon_pkg']
[0.779s] Level 1:colcon.colcon_core.package_identification:_identify(pmb2_navigation/pmb2_2dnav) by extension 'colcon_pkg'
[0.779s] Level 1:colcon.colcon_core.package_identification:_identify(pmb2_navigation/pmb2_2dnav) by extensions ['colcon_meta']
[0.779s] Level 1:colcon.colcon_core.package_identification:_identify(pmb2_navigation/pmb2_2dnav) by extension 'colcon_meta'
[0.779s] Level 1:colcon.colcon_core.package_identification:_identify(pmb2_navigation/pmb2_2dnav) by extensions ['ros']
[0.779s] Level 1:colcon.colcon_core.package_identification:_identify(pmb2_navigation/pmb2_2dnav) by extension 'ros'
[0.796s] DEBUG:colcon.colcon_core.package_identification:Package 'pmb2_navigation/pmb2_2dnav' with type 'ros.ament_cmake' and name 'pmb2_2dnav'
[0.797s] Level 1:colcon.colcon_core.package_identification:_identify(pmb2_navigation/pmb2_laser_sensors) by extensions ['ignore', 'ignore_ament_install']
[0.797s] Level 1:colcon.colcon_core.package_identification:_identify(pmb2_navigation/pmb2_laser_sensors) by extension 'ignore'
[0.797s] Level 1:colcon.colcon_core.package_identification:_identify(pmb2_navigation/pmb2_laser_sensors) by extension 'ignore_ament_install'
[0.797s] Level 1:colcon.colcon_core.package_identification:_identify(pmb2_navigation/pmb2_laser_sensors) by extensions ['colcon_pkg']
[0.797s] Level 1:colcon.colcon_core.package_identification:_identify(pmb2_navigation/pmb2_laser_sensors) by extension 'colcon_pkg'
[0.797s] Level 1:colcon.colcon_core.package_identification:_identify(pmb2_navigation/pmb2_laser_sensors) by extensions ['colcon_meta']
[0.797s] Level 1:colcon.colcon_core.package_identification:_identify(pmb2_navigation/pmb2_laser_sensors) by extension 'colcon_meta'
[0.798s] Level 1:colcon.colcon_core.package_identification:_identify(pmb2_navigation/pmb2_laser_sensors) by extensions ['ros']
[0.798s] Level 1:colcon.colcon_core.package_identification:_identify(pmb2_navigation/pmb2_laser_sensors) by extension 'ros'
[0.801s] DEBUG:colcon.colcon_core.package_identification:Package 'pmb2_navigation/pmb2_laser_sensors' with type 'ros.ament_cmake' and name 'pmb2_laser_sensors'
[0.801s] Level 1:colcon.colcon_core.package_identification:_identify(pmb2_navigation/pmb2_navigation) by extensions ['ignore', 'ignore_ament_install']
[0.802s] Level 1:colcon.colcon_core.package_identification:_identify(pmb2_navigation/pmb2_navigation) by extension 'ignore'
[0.802s] Level 1:colcon.colcon_core.package_identification:_identify(pmb2_navigation/pmb2_navigation) by extension 'ignore_ament_install'
[0.802s] Level 1:colcon.colcon_core.package_identification:_identify(pmb2_navigation/pmb2_navigation) by extensions ['colcon_pkg']
[0.802s] Level 1:colcon.colcon_core.package_identification:_identify(pmb2_navigation/pmb2_navigation) by extension 'colcon_pkg'
[0.802s] Level 1:colcon.colcon_core.package_identification:_identify(pmb2_navigation/pmb2_navigation) by extensions ['colcon_meta']
[0.802s] Level 1:colcon.colcon_core.package_identification:_identify(pmb2_navigation/pmb2_navigation) by extension 'colcon_meta'
[0.802s] Level 1:colcon.colcon_core.package_identification:_identify(pmb2_navigation/pmb2_navigation) by extensions ['ros']
[0.802s] Level 1:colcon.colcon_core.package_identification:_identify(pmb2_navigation/pmb2_navigation) by extension 'ros'
[0.803s] DEBUG:colcon.colcon_core.package_identification:Package 'pmb2_navigation/pmb2_navigation' with type 'ros.ament_cmake' and name 'pmb2_navigation'
[0.803s] Level 1:colcon.colcon_core.package_identification:_identify(pmb2_navigation/pmb2_rgbd_sensors) by extensions ['ignore', 'ignore_ament_install']
[0.803s] Level 1:colcon.colcon_core.package_identification:_identify(pmb2_navigation/pmb2_rgbd_sensors) by extension 'ignore'
[0.803s] Level 1:colcon.colcon_core.package_identification:_identify(pmb2_navigation/pmb2_rgbd_sensors) by extension 'ignore_ament_install'
[0.803s] Level 1:colcon.colcon_core.package_identification:_identify(pmb2_navigation/pmb2_rgbd_sensors) by extensions ['colcon_pkg']
[0.803s] Level 1:colcon.colcon_core.package_identification:_identify(pmb2_navigation/pmb2_rgbd_sensors) by extension 'colcon_pkg'
[0.803s] Level 1:colcon.colcon_core.package_identification:_identify(pmb2_navigation/pmb2_rgbd_sensors) by extensions ['colcon_meta']
[0.803s] Level 1:colcon.colcon_core.package_identification:_identify(pmb2_navigation/pmb2_rgbd_sensors) by extension 'colcon_meta'
[0.803s] Level 1:colcon.colcon_core.package_identification:_identify(pmb2_navigation/pmb2_rgbd_sensors) by extensions ['ros']
[0.803s] Level 1:colcon.colcon_core.package_identification:_identify(pmb2_navigation/pmb2_rgbd_sensors) by extension 'ros'
[0.806s] DEBUG:colcon.colcon_core.package_identification:Package 'pmb2_navigation/pmb2_rgbd_sensors' with type 'ros.ament_cmake' and name 'pmb2_rgbd_sensors'
[0.807s] Level 1:colcon.colcon_core.package_identification:_identify(pmb2_robot) by extensions ['ignore', 'ignore_ament_install']
[0.807s] Level 1:colcon.colcon_core.package_identification:_identify(pmb2_robot) by extension 'ignore'
[0.807s] Level 1:colcon.colcon_core.package_identification:_identify(pmb2_robot) by extension 'ignore_ament_install'
[0.807s] Level 1:colcon.colcon_core.package_identification:_identify(pmb2_robot) by extensions ['colcon_pkg']
[0.807s] Level 1:colcon.colcon_core.package_identification:_identify(pmb2_robot) by extension 'colcon_pkg'
[0.807s] Level 1:colcon.colcon_core.package_identification:_identify(pmb2_robot) by extensions ['colcon_meta']
[0.807s] Level 1:colcon.colcon_core.package_identification:_identify(pmb2_robot) by extension 'colcon_meta'
[0.807s] Level 1:colcon.colcon_core.package_identification:_identify(pmb2_robot) by extensions ['ros']
[0.807s] Level 1:colcon.colcon_core.package_identification:_identify(pmb2_robot) by extension 'ros'
[0.807s] Level 1:colcon.colcon_core.package_identification:_identify(pmb2_robot) by extensions ['cmake', 'python']
[0.807s] Level 1:colcon.colcon_core.package_identification:_identify(pmb2_robot) by extension 'cmake'
[0.807s] Level 1:colcon.colcon_core.package_identification:_identify(pmb2_robot) by extension 'python'
[0.807s] Level 1:colcon.colcon_core.package_identification:_identify(pmb2_robot) by extensions ['python_setup_py']
[0.807s] Level 1:colcon.colcon_core.package_identification:_identify(pmb2_robot) by extension 'python_setup_py'
[0.808s] Level 1:colcon.colcon_core.package_identification:_identify(pmb2_robot/pmb2_bringup) by extensions ['ignore', 'ignore_ament_install']
[0.808s] Level 1:colcon.colcon_core.package_identification:_identify(pmb2_robot/pmb2_bringup) by extension 'ignore'
[0.808s] Level 1:colcon.colcon_core.package_identification:_identify(pmb2_robot/pmb2_bringup) by extension 'ignore_ament_install'
[0.808s] Level 1:colcon.colcon_core.package_identification:_identify(pmb2_robot/pmb2_bringup) by extensions ['colcon_pkg']
[0.808s] Level 1:colcon.colcon_core.package_identification:_identify(pmb2_robot/pmb2_bringup) by extension 'colcon_pkg'
[0.808s] Level 1:colcon.colcon_core.package_identification:_identify(pmb2_robot/pmb2_bringup) by extensions ['colcon_meta']
[0.808s] Level 1:colcon.colcon_core.package_identification:_identify(pmb2_robot/pmb2_bringup) by extension 'colcon_meta'
[0.808s] Level 1:colcon.colcon_core.package_identification:_identify(pmb2_robot/pmb2_bringup) by extensions ['ros']
[0.808s] Level 1:colcon.colcon_core.package_identification:_identify(pmb2_robot/pmb2_bringup) by extension 'ros'
[0.810s] DEBUG:colcon.colcon_core.package_identification:Package 'pmb2_robot/pmb2_bringup' with type 'ros.ament_cmake' and name 'pmb2_bringup'
[0.810s] Level 1:colcon.colcon_core.package_identification:_identify(pmb2_robot/pmb2_controller_configuration) by extensions ['ignore', 'ignore_ament_install']
[0.810s] Level 1:colcon.colcon_core.package_identification:_identify(pmb2_robot/pmb2_controller_configuration) by extension 'ignore'
[0.810s] Level 1:colcon.colcon_core.package_identification:_identify(pmb2_robot/pmb2_controller_configuration) by extension 'ignore_ament_install'
[0.810s] Level 1:colcon.colcon_core.package_identification:_identify(pmb2_robot/pmb2_controller_configuration) by extensions ['colcon_pkg']
[0.810s] Level 1:colcon.colcon_core.package_identification:_identify(pmb2_robot/pmb2_controller_configuration) by extension 'colcon_pkg'
[0.810s] Level 1:colcon.colcon_core.package_identification:_identify(pmb2_robot/pmb2_controller_configuration) by extensions ['colcon_meta']
[0.810s] Level 1:colcon.colcon_core.package_identification:_identify(pmb2_robot/pmb2_controller_configuration) by extension 'colcon_meta'
[0.811s] Level 1:colcon.colcon_core.package_identification:_identify(pmb2_robot/pmb2_controller_configuration) by extensions ['ros']
[0.811s] Level 1:colcon.colcon_core.package_identification:_identify(pmb2_robot/pmb2_controller_configuration) by extension 'ros'
[0.812s] DEBUG:colcon.colcon_core.package_identification:Package 'pmb2_robot/pmb2_controller_configuration' with type 'ros.ament_cmake' and name 'pmb2_controller_configuration'
[0.812s] Level 1:colcon.colcon_core.package_identification:_identify(pmb2_robot/pmb2_description) by extensions ['ignore', 'ignore_ament_install']
[0.812s] Level 1:colcon.colcon_core.package_identification:_identify(pmb2_robot/pmb2_description) by extension 'ignore'
[0.812s] Level 1:colcon.colcon_core.package_identification:_identify(pmb2_robot/pmb2_description) by extension 'ignore_ament_install'
[0.812s] Level 1:colcon.colcon_core.package_identification:_identify(pmb2_robot/pmb2_description) by extensions ['colcon_pkg']
[0.813s] Level 1:colcon.colcon_core.package_identification:_identify(pmb2_robot/pmb2_description) by extension 'colcon_pkg'
[0.813s] Level 1:colcon.colcon_core.package_identification:_identify(pmb2_robot/pmb2_description) by extensions ['colcon_meta']
[0.813s] Level 1:colcon.colcon_core.package_identification:_identify(pmb2_robot/pmb2_description) by extension 'colcon_meta'
[0.813s] Level 1:colcon.colcon_core.package_identification:_identify(pmb2_robot/pmb2_description) by extensions ['ros']
[0.813s] Level 1:colcon.colcon_core.package_identification:_identify(pmb2_robot/pmb2_description) by extension 'ros'
[0.814s] DEBUG:colcon.colcon_core.package_identification:Package 'pmb2_robot/pmb2_description' with type 'ros.ament_cmake' and name 'pmb2_description'
[0.815s] Level 1:colcon.colcon_core.package_identification:_identify(pmb2_robot/pmb2_robot) by extensions ['ignore', 'ignore_ament_install']
[0.815s] Level 1:colcon.colcon_core.package_identification:_identify(pmb2_robot/pmb2_robot) by extension 'ignore'
[0.815s] Level 1:colcon.colcon_core.package_identification:_identify(pmb2_robot/pmb2_robot) by extension 'ignore_ament_install'
[0.815s] Level 1:colcon.colcon_core.package_identification:_identify(pmb2_robot/pmb2_robot) by extensions ['colcon_pkg']
[0.815s] Level 1:colcon.colcon_core.package_identification:_identify(pmb2_robot/pmb2_robot) by extension 'colcon_pkg'
[0.815s] Level 1:colcon.colcon_core.package_identification:_identify(pmb2_robot/pmb2_robot) by extensions ['colcon_meta']
[0.815s] Level 1:colcon.colcon_core.package_identification:_identify(pmb2_robot/pmb2_robot) by extension 'colcon_meta'
[0.815s] Level 1:colcon.colcon_core.package_identification:_identify(pmb2_robot/pmb2_robot) by extensions ['ros']
[0.815s] Level 1:colcon.colcon_core.package_identification:_identify(pmb2_robot/pmb2_robot) by extension 'ros'
[0.816s] DEBUG:colcon.colcon_core.package_identification:Package 'pmb2_robot/pmb2_robot' with type 'ros.ament_cmake' and name 'pmb2_robot'
[0.816s] Level 1:colcon.colcon_core.package_identification:_identify(tiago_moveit_config) by extensions ['ignore', 'ignore_ament_install']
[0.816s] Level 1:colcon.colcon_core.package_identification:_identify(tiago_moveit_config) by extension 'ignore'
[0.816s] Level 1:colcon.colcon_core.package_identification:_identify(tiago_moveit_config) by extension 'ignore_ament_install'
[0.816s] Level 1:colcon.colcon_core.package_identification:_identify(tiago_moveit_config) by extensions ['colcon_pkg']
[0.816s] Level 1:colcon.colcon_core.package_identification:_identify(tiago_moveit_config) by extension 'colcon_pkg'
[0.816s] Level 1:colcon.colcon_core.package_identification:_identify(tiago_moveit_config) by extensions ['colcon_meta']
[0.816s] Level 1:colcon.colcon_core.package_identification:_identify(tiago_moveit_config) by extension 'colcon_meta'
[0.816s] Level 1:colcon.colcon_core.package_identification:_identify(tiago_moveit_config) by extensions ['ros']
[0.816s] Level 1:colcon.colcon_core.package_identification:_identify(tiago_moveit_config) by extension 'ros'
[0.817s] DEBUG:colcon.colcon_core.package_identification:Package 'tiago_moveit_config' with type 'ros.ament_cmake' and name 'tiago_moveit_config'
[0.818s] Level 1:colcon.colcon_core.package_identification:_identify(tiago_navigation) by extensions ['ignore', 'ignore_ament_install']
[0.818s] Level 1:colcon.colcon_core.package_identification:_identify(tiago_navigation) by extension 'ignore'
[0.818s] Level 1:colcon.colcon_core.package_identification:_identify(tiago_navigation) by extension 'ignore_ament_install'
[0.818s] Level 1:colcon.colcon_core.package_identification:_identify(tiago_navigation) by extensions ['colcon_pkg']
[0.818s] Level 1:colcon.colcon_core.package_identification:_identify(tiago_navigation) by extension 'colcon_pkg'
[0.818s] Level 1:colcon.colcon_core.package_identification:_identify(tiago_navigation) by extensions ['colcon_meta']
[0.818s] Level 1:colcon.colcon_core.package_identification:_identify(tiago_navigation) by extension 'colcon_meta'
[0.818s] Level 1:colcon.colcon_core.package_identification:_identify(tiago_navigation) by extensions ['ros']
[0.818s] Level 1:colcon.colcon_core.package_identification:_identify(tiago_navigation) by extension 'ros'
[0.818s] Level 1:colcon.colcon_core.package_identification:_identify(tiago_navigation) by extensions ['cmake', 'python']
[0.818s] Level 1:colcon.colcon_core.package_identification:_identify(tiago_navigation) by extension 'cmake'
[0.818s] Level 1:colcon.colcon_core.package_identification:_identify(tiago_navigation) by extension 'python'
[0.818s] Level 1:colcon.colcon_core.package_identification:_identify(tiago_navigation) by extensions ['python_setup_py']
[0.818s] Level 1:colcon.colcon_core.package_identification:_identify(tiago_navigation) by extension 'python_setup_py'
[0.819s] Level 1:colcon.colcon_core.package_identification:_identify(tiago_navigation/tiago_2dnav) by extensions ['ignore', 'ignore_ament_install']
[0.819s] Level 1:colcon.colcon_core.package_identification:_identify(tiago_navigation/tiago_2dnav) by extension 'ignore'
[0.819s] Level 1:colcon.colcon_core.package_identification:_identify(tiago_navigation/tiago_2dnav) by extension 'ignore_ament_install'
[0.819s] Level 1:colcon.colcon_core.package_identification:_identify(tiago_navigation/tiago_2dnav) by extensions ['colcon_pkg']
[0.819s] Level 1:colcon.colcon_core.package_identification:_identify(tiago_navigation/tiago_2dnav) by extension 'colcon_pkg'
[0.819s] Level 1:colcon.colcon_core.package_identification:_identify(tiago_navigation/tiago_2dnav) by extensions ['colcon_meta']
[0.819s] Level 1:colcon.colcon_core.package_identification:_identify(tiago_navigation/tiago_2dnav) by extension 'colcon_meta'
[0.819s] Level 1:colcon.colcon_core.package_identification:_identify(tiago_navigation/tiago_2dnav) by extensions ['ros']
[0.819s] Level 1:colcon.colcon_core.package_identification:_identify(tiago_navigation/tiago_2dnav) by extension 'ros'
[0.820s] DEBUG:colcon.colcon_core.package_identification:Package 'tiago_navigation/tiago_2dnav' with type 'ros.ament_cmake' and name 'tiago_2dnav'
[0.820s] Level 1:colcon.colcon_core.package_identification:_identify(tiago_navigation/tiago_laser_sensors) by extensions ['ignore', 'ignore_ament_install']
[0.821s] Level 1:colcon.colcon_core.package_identification:_identify(tiago_navigation/tiago_laser_sensors) by extension 'ignore'
[0.821s] Level 1:colcon.colcon_core.package_identification:_identify(tiago_navigation/tiago_laser_sensors) by extension 'ignore_ament_install'
[0.821s] Level 1:colcon.colcon_core.package_identification:_identify(tiago_navigation/tiago_laser_sensors) by extensions ['colcon_pkg']
[0.821s] Level 1:colcon.colcon_core.package_identification:_identify(tiago_navigation/tiago_laser_sensors) by extension 'colcon_pkg'
[0.821s] Level 1:colcon.colcon_core.package_identification:_identify(tiago_navigation/tiago_laser_sensors) by extensions ['colcon_meta']
[0.821s] Level 1:colcon.colcon_core.package_identification:_identify(tiago_navigation/tiago_laser_sensors) by extension 'colcon_meta'
[0.821s] Level 1:colcon.colcon_core.package_identification:_identify(tiago_navigation/tiago_laser_sensors) by extensions ['ros']
[0.821s] Level 1:colcon.colcon_core.package_identification:_identify(tiago_navigation/tiago_laser_sensors) by extension 'ros'
[0.822s] DEBUG:colcon.colcon_core.package_identification:Package 'tiago_navigation/tiago_laser_sensors' with type 'ros.ament_cmake' and name 'tiago_laser_sensors'
[0.822s] Level 1:colcon.colcon_core.package_identification:_identify(tiago_navigation/tiago_navigation) by extensions ['ignore', 'ignore_ament_install']
[0.822s] Level 1:colcon.colcon_core.package_identification:_identify(tiago_navigation/tiago_navigation) by extension 'ignore'
[0.822s] Level 1:colcon.colcon_core.package_identification:_identify(tiago_navigation/tiago_navigation) by extension 'ignore_ament_install'
[0.822s] Level 1:colcon.colcon_core.package_identification:_identify(tiago_navigation/tiago_navigation) by extensions ['colcon_pkg']
[0.822s] Level 1:colcon.colcon_core.package_identification:_identify(tiago_navigation/tiago_navigation) by extension 'colcon_pkg'
[0.822s] Level 1:colcon.colcon_core.package_identification:_identify(tiago_navigation/tiago_navigation) by extensions ['colcon_meta']
[0.822s] Level 1:colcon.colcon_core.package_identification:_identify(tiago_navigation/tiago_navigation) by extension 'colcon_meta'
[0.822s] Level 1:colcon.colcon_core.package_identification:_identify(tiago_navigation/tiago_navigation) by extensions ['ros']
[0.822s] Level 1:colcon.colcon_core.package_identification:_identify(tiago_navigation/tiago_navigation) by extension 'ros'
[0.823s] DEBUG:colcon.colcon_core.package_identification:Package 'tiago_navigation/tiago_navigation' with type 'ros.ament_cmake' and name 'tiago_navigation'
[0.823s] Level 1:colcon.colcon_core.package_identification:_identify(tiago_navigation/tiago_rgbd_sensors) by extensions ['ignore', 'ignore_ament_install']
[0.823s] Level 1:colcon.colcon_core.package_identification:_identify(tiago_navigation/tiago_rgbd_sensors) by extension 'ignore'
[0.823s] Level 1:colcon.colcon_core.package_identification:_identify(tiago_navigation/tiago_rgbd_sensors) by extension 'ignore_ament_install'
[0.824s] Level 1:colcon.colcon_core.package_identification:_identify(tiago_navigation/tiago_rgbd_sensors) by extensions ['colcon_pkg']
[0.824s] Level 1:colcon.colcon_core.package_identification:_identify(tiago_navigation/tiago_rgbd_sensors) by extension 'colcon_pkg'
[0.824s] Level 1:colcon.colcon_core.package_identification:_identify(tiago_navigation/tiago_rgbd_sensors) by extensions ['colcon_meta']
[0.824s] Level 1:colcon.colcon_core.package_identification:_identify(tiago_navigation/tiago_rgbd_sensors) by extension 'colcon_meta'
[0.824s] Level 1:colcon.colcon_core.package_identification:_identify(tiago_navigation/tiago_rgbd_sensors) by extensions ['ros']
[0.824s] Level 1:colcon.colcon_core.package_identification:_identify(tiago_navigation/tiago_rgbd_sensors) by extension 'ros'
[0.825s] DEBUG:colcon.colcon_core.package_identification:Package 'tiago_navigation/tiago_rgbd_sensors' with type 'ros.ament_cmake' and name 'tiago_rgbd_sensors'
[0.826s] Level 1:colcon.colcon_core.package_identification:_identify(tiago_robot) by extensions ['ignore', 'ignore_ament_install']
[0.826s] Level 1:colcon.colcon_core.package_identification:_identify(tiago_robot) by extension 'ignore'
[0.826s] Level 1:colcon.colcon_core.package_identification:_identify(tiago_robot) by extension 'ignore_ament_install'
[0.826s] Level 1:colcon.colcon_core.package_identification:_identify(tiago_robot) by extensions ['colcon_pkg']
[0.826s] Level 1:colcon.colcon_core.package_identification:_identify(tiago_robot) by extension 'colcon_pkg'
[0.826s] Level 1:colcon.colcon_core.package_identification:_identify(tiago_robot) by extensions ['colcon_meta']
[0.826s] Level 1:colcon.colcon_core.package_identification:_identify(tiago_robot) by extension 'colcon_meta'
[0.826s] Level 1:colcon.colcon_core.package_identification:_identify(tiago_robot) by extensions ['ros']
[0.826s] Level 1:colcon.colcon_core.package_identification:_identify(tiago_robot) by extension 'ros'
[0.826s] Level 1:colcon.colcon_core.package_identification:_identify(tiago_robot) by extensions ['cmake', 'python']
[0.826s] Level 1:colcon.colcon_core.package_identification:_identify(tiago_robot) by extension 'cmake'
[0.826s] Level 1:colcon.colcon_core.package_identification:_identify(tiago_robot) by extension 'python'
[0.826s] Level 1:colcon.colcon_core.package_identification:_identify(tiago_robot) by extensions ['python_setup_py']
[0.826s] Level 1:colcon.colcon_core.package_identification:_identify(tiago_robot) by extension 'python_setup_py'
[0.827s] Level 1:colcon.colcon_core.package_identification:_identify(tiago_robot/tiago_bringup) by extensions ['ignore', 'ignore_ament_install']
[0.827s] Level 1:colcon.colcon_core.package_identification:_identify(tiago_robot/tiago_bringup) by extension 'ignore'
[0.827s] Level 1:colcon.colcon_core.package_identification:_identify(tiago_robot/tiago_bringup) by extension 'ignore_ament_install'
[0.827s] Level 1:colcon.colcon_core.package_identification:_identify(tiago_robot/tiago_bringup) by extensions ['colcon_pkg']
[0.827s] Level 1:colcon.colcon_core.package_identification:_identify(tiago_robot/tiago_bringup) by extension 'colcon_pkg'
[0.827s] Level 1:colcon.colcon_core.package_identification:_identify(tiago_robot/tiago_bringup) by extensions ['colcon_meta']
[0.827s] Level 1:colcon.colcon_core.package_identification:_identify(tiago_robot/tiago_bringup) by extension 'colcon_meta'
[0.828s] Level 1:colcon.colcon_core.package_identification:_identify(tiago_robot/tiago_bringup) by extensions ['ros']
[0.828s] Level 1:colcon.colcon_core.package_identification:_identify(tiago_robot/tiago_bringup) by extension 'ros'
[0.829s] DEBUG:colcon.colcon_core.package_identification:Package 'tiago_robot/tiago_bringup' with type 'ros.ament_cmake' and name 'tiago_bringup'
[0.830s] Level 1:colcon.colcon_core.package_identification:_identify(tiago_robot/tiago_controller_configuration) by extensions ['ignore', 'ignore_ament_install']
[0.830s] Level 1:colcon.colcon_core.package_identification:_identify(tiago_robot/tiago_controller_configuration) by extension 'ignore'
[0.830s] Level 1:colcon.colcon_core.package_identification:_identify(tiago_robot/tiago_controller_configuration) by extension 'ignore_ament_install'
[0.830s] Level 1:colcon.colcon_core.package_identification:_identify(tiago_robot/tiago_controller_configuration) by extensions ['colcon_pkg']
[0.830s] Level 1:colcon.colcon_core.package_identification:_identify(tiago_robot/tiago_controller_configuration) by extension 'colcon_pkg'
[0.830s] Level 1:colcon.colcon_core.package_identification:_identify(tiago_robot/tiago_controller_configuration) by extensions ['colcon_meta']
[0.830s] Level 1:colcon.colcon_core.package_identification:_identify(tiago_robot/tiago_controller_configuration) by extension 'colcon_meta'
[0.830s] Level 1:colcon.colcon_core.package_identification:_identify(tiago_robot/tiago_controller_configuration) by extensions ['ros']
[0.830s] Level 1:colcon.colcon_core.package_identification:_identify(tiago_robot/tiago_controller_configuration) by extension 'ros'
[0.832s] DEBUG:colcon.colcon_core.package_identification:Package 'tiago_robot/tiago_controller_configuration' with type 'ros.ament_cmake' and name 'tiago_controller_configuration'
[0.832s] Level 1:colcon.colcon_core.package_identification:_identify(tiago_robot/tiago_description) by extensions ['ignore', 'ignore_ament_install']
[0.832s] Level 1:colcon.colcon_core.package_identification:_identify(tiago_robot/tiago_description) by extension 'ignore'
[0.832s] Level 1:colcon.colcon_core.package_identification:_identify(tiago_robot/tiago_description) by extension 'ignore_ament_install'
[0.832s] Level 1:colcon.colcon_core.package_identification:_identify(tiago_robot/tiago_description) by extensions ['colcon_pkg']
[0.833s] Level 1:colcon.colcon_core.package_identification:_identify(tiago_robot/tiago_description) by extension 'colcon_pkg'
[0.833s] Level 1:colcon.colcon_core.package_identification:_identify(tiago_robot/tiago_description) by extensions ['colcon_meta']
[0.833s] Level 1:colcon.colcon_core.package_identification:_identify(tiago_robot/tiago_description) by extension 'colcon_meta'
[0.833s] Level 1:colcon.colcon_core.package_identification:_identify(tiago_robot/tiago_description) by extensions ['ros']
[0.833s] Level 1:colcon.colcon_core.package_identification:_identify(tiago_robot/tiago_description) by extension 'ros'
[0.834s] DEBUG:colcon.colcon_core.package_identification:Package 'tiago_robot/tiago_description' with type 'ros.ament_cmake' and name 'tiago_description'
[0.834s] Level 1:colcon.colcon_core.package_identification:_identify(tiago_robot/tiago_robot) by extensions ['ignore', 'ignore_ament_install']
[0.834s] Level 1:colcon.colcon_core.package_identification:_identify(tiago_robot/tiago_robot) by extension 'ignore'
[0.834s] Level 1:colcon.colcon_core.package_identification:_identify(tiago_robot/tiago_robot) by extension 'ignore_ament_install'
[0.834s] Level 1:colcon.colcon_core.package_identification:_identify(tiago_robot/tiago_robot) by extensions ['colcon_pkg']
[0.835s] Level 1:colcon.colcon_core.package_identification:_identify(tiago_robot/tiago_robot) by extension 'colcon_pkg'
[0.835s] Level 1:colcon.colcon_core.package_identification:_identify(tiago_robot/tiago_robot) by extensions ['colcon_meta']
[0.835s] Level 1:colcon.colcon_core.package_identification:_identify(tiago_robot/tiago_robot) by extension 'colcon_meta'
[0.835s] Level 1:colcon.colcon_core.package_identification:_identify(tiago_robot/tiago_robot) by extensions ['ros']
[0.835s] Level 1:colcon.colcon_core.package_identification:_identify(tiago_robot/tiago_robot) by extension 'ros'
[0.835s] DEBUG:colcon.colcon_core.package_identification:Package 'tiago_robot/tiago_robot' with type 'ros.ament_cmake' and name 'tiago_robot'
[0.836s] Level 1:colcon.colcon_core.package_identification:_identify(tiago_simulation) by extensions ['ignore', 'ignore_ament_install']
[0.836s] Level 1:colcon.colcon_core.package_identification:_identify(tiago_simulation) by extension 'ignore'
[0.836s] Level 1:colcon.colcon_core.package_identification:_identify(tiago_simulation) by extension 'ignore_ament_install'
[0.836s] Level 1:colcon.colcon_core.package_identification:_identify(tiago_simulation) by extensions ['colcon_pkg']
[0.836s] Level 1:colcon.colcon_core.package_identification:_identify(tiago_simulation) by extension 'colcon_pkg'
[0.836s] Level 1:colcon.colcon_core.package_identification:_identify(tiago_simulation) by extensions ['colcon_meta']
[0.836s] Level 1:colcon.colcon_core.package_identification:_identify(tiago_simulation) by extension 'colcon_meta'
[0.836s] Level 1:colcon.colcon_core.package_identification:_identify(tiago_simulation) by extensions ['ros']
[0.836s] Level 1:colcon.colcon_core.package_identification:_identify(tiago_simulation) by extension 'ros'
[0.836s] Level 1:colcon.colcon_core.package_identification:_identify(tiago_simulation) by extensions ['cmake', 'python']
[0.836s] Level 1:colcon.colcon_core.package_identification:_identify(tiago_simulation) by extension 'cmake'
[0.836s] Level 1:colcon.colcon_core.package_identification:_identify(tiago_simulation) by extension 'python'
[0.836s] Level 1:colcon.colcon_core.package_identification:_identify(tiago_simulation) by extensions ['python_setup_py']
[0.836s] Level 1:colcon.colcon_core.package_identification:_identify(tiago_simulation) by extension 'python_setup_py'
[0.837s] Level 1:colcon.colcon_core.package_identification:_identify(tiago_simulation/doc) by extensions ['ignore', 'ignore_ament_install']
[0.837s] Level 1:colcon.colcon_core.package_identification:_identify(tiago_simulation/doc) by extension 'ignore'
[0.837s] Level 1:colcon.colcon_core.package_identification:_identify(tiago_simulation/doc) by extension 'ignore_ament_install'
[0.837s] Level 1:colcon.colcon_core.package_identification:_identify(tiago_simulation/doc) by extensions ['colcon_pkg']
[0.837s] Level 1:colcon.colcon_core.package_identification:_identify(tiago_simulation/doc) by extension 'colcon_pkg'
[0.837s] Level 1:colcon.colcon_core.package_identification:_identify(tiago_simulation/doc) by extensions ['colcon_meta']
[0.837s] Level 1:colcon.colcon_core.package_identification:_identify(tiago_simulation/doc) by extension 'colcon_meta'
[0.837s] Level 1:colcon.colcon_core.package_identification:_identify(tiago_simulation/doc) by extensions ['ros']
[0.837s] Level 1:colcon.colcon_core.package_identification:_identify(tiago_simulation/doc) by extension 'ros'
[0.837s] Level 1:colcon.colcon_core.package_identification:_identify(tiago_simulation/doc) by extensions ['cmake', 'python']
[0.837s] Level 1:colcon.colcon_core.package_identification:_identify(tiago_simulation/doc) by extension 'cmake'
[0.837s] Level 1:colcon.colcon_core.package_identification:_identify(tiago_simulation/doc) by extension 'python'
[0.837s] Level 1:colcon.colcon_core.package_identification:_identify(tiago_simulation/doc) by extensions ['python_setup_py']
[0.837s] Level 1:colcon.colcon_core.package_identification:_identify(tiago_simulation/doc) by extension 'python_setup_py'
[0.837s] Level 1:colcon.colcon_core.package_identification:_identify(tiago_simulation/doc/media) by extensions ['ignore', 'ignore_ament_install']
[0.838s] Level 1:colcon.colcon_core.package_identification:_identify(tiago_simulation/doc/media) by extension 'ignore'
[0.838s] Level 1:colcon.colcon_core.package_identification:_identify(tiago_simulation/doc/media) by extension 'ignore_ament_install'
[0.838s] Level 1:colcon.colcon_core.package_identification:_identify(tiago_simulation/doc/media) by extensions ['colcon_pkg']
[0.838s] Level 1:colcon.colcon_core.package_identification:_identify(tiago_simulation/doc/media) by extension 'colcon_pkg'
[0.838s] Level 1:colcon.colcon_core.package_identification:_identify(tiago_simulation/doc/media) by extensions ['colcon_meta']
[0.838s] Level 1:colcon.colcon_core.package_identification:_identify(tiago_simulation/doc/media) by extension 'colcon_meta'
[0.838s] Level 1:colcon.colcon_core.package_identification:_identify(tiago_simulation/doc/media) by extensions ['ros']
[0.838s] Level 1:colcon.colcon_core.package_identification:_identify(tiago_simulation/doc/media) by extension 'ros'
[0.838s] Level 1:colcon.colcon_core.package_identification:_identify(tiago_simulation/doc/media) by extensions ['cmake', 'python']
[0.838s] Level 1:colcon.colcon_core.package_identification:_identify(tiago_simulation/doc/media) by extension 'cmake'
[0.838s] Level 1:colcon.colcon_core.package_identification:_identify(tiago_simulation/doc/media) by extension 'python'
[0.838s] Level 1:colcon.colcon_core.package_identification:_identify(tiago_simulation/doc/media) by extensions ['python_setup_py']
[0.838s] Level 1:colcon.colcon_core.package_identification:_identify(tiago_simulation/doc/media) by extension 'python_setup_py'
[0.839s] Level 1:colcon.colcon_core.package_identification:_identify(tiago_simulation/tiago_gazebo) by extensions ['ignore', 'ignore_ament_install']
[0.839s] Level 1:colcon.colcon_core.package_identification:_identify(tiago_simulation/tiago_gazebo) by extension 'ignore'
[0.839s] Level 1:colcon.colcon_core.package_identification:_identify(tiago_simulation/tiago_gazebo) by extension 'ignore_ament_install'
[0.839s] Level 1:colcon.colcon_core.package_identification:_identify(tiago_simulation/tiago_gazebo) by extensions ['colcon_pkg']
[0.839s] Level 1:colcon.colcon_core.package_identification:_identify(tiago_simulation/tiago_gazebo) by extension 'colcon_pkg'
[0.839s] Level 1:colcon.colcon_core.package_identification:_identify(tiago_simulation/tiago_gazebo) by extensions ['colcon_meta']
[0.839s] Level 1:colcon.colcon_core.package_identification:_identify(tiago_simulation/tiago_gazebo) by extension 'colcon_meta'
[0.839s] Level 1:colcon.colcon_core.package_identification:_identify(tiago_simulation/tiago_gazebo) by extensions ['ros']
[0.839s] Level 1:colcon.colcon_core.package_identification:_identify(tiago_simulation/tiago_gazebo) by extension 'ros'
[0.841s] DEBUG:colcon.colcon_core.package_identification:Package 'tiago_simulation/tiago_gazebo' with type 'ros.ament_cmake' and name 'tiago_gazebo'
[0.841s] Level 1:colcon.colcon_core.package_identification:_identify(tiago_simulation/tiago_multi) by extensions ['ignore', 'ignore_ament_install']
[0.841s] Level 1:colcon.colcon_core.package_identification:_identify(tiago_simulation/tiago_multi) by extension 'ignore'
[0.841s] Level 1:colcon.colcon_core.package_identification:_identify(tiago_simulation/tiago_multi) ignored
[0.841s] Level 1:colcon.colcon_core.package_identification:_identify(tiago_simulation/tiago_simulation) by extensions ['ignore', 'ignore_ament_install']
[0.842s] Level 1:colcon.colcon_core.package_identification:_identify(tiago_simulation/tiago_simulation) by extension 'ignore'
[0.842s] Level 1:colcon.colcon_core.package_identification:_identify(tiago_simulation/tiago_simulation) by extension 'ignore_ament_install'
[0.842s] Level 1:colcon.colcon_core.package_identification:_identify(tiago_simulation/tiago_simulation) by extensions ['colcon_pkg']
[0.842s] Level 1:colcon.colcon_core.package_identification:_identify(tiago_simulation/tiago_simulation) by extension 'colcon_pkg'
[0.842s] Level 1:colcon.colcon_core.package_identification:_identify(tiago_simulation/tiago_simulation) by extensions ['colcon_meta']
[0.842s] Level 1:colcon.colcon_core.package_identification:_identify(tiago_simulation/tiago_simulation) by extension 'colcon_meta'
[0.842s] Level 1:colcon.colcon_core.package_identification:_identify(tiago_simulation/tiago_simulation) by extensions ['ros']
[0.842s] Level 1:colcon.colcon_core.package_identification:_identify(tiago_simulation/tiago_simulation) by extension 'ros'
[0.843s] DEBUG:colcon.colcon_core.package_identification:Package 'tiago_simulation/tiago_simulation' with type 'ros.ament_cmake' and name 'tiago_simulation'
[0.843s] Level 1:colcon.colcon_core.package_identification:_identify(ticare_vision) by extensions ['ignore', 'ignore_ament_install']
[0.843s] Level 1:colcon.colcon_core.package_identification:_identify(ticare_vision) by extension 'ignore'
[0.843s] Level 1:colcon.colcon_core.package_identification:_identify(ticare_vision) by extension 'ignore_ament_install'
[0.843s] Level 1:colcon.colcon_core.package_identification:_identify(ticare_vision) by extensions ['colcon_pkg']
[0.843s] Level 1:colcon.colcon_core.package_identification:_identify(ticare_vision) by extension 'colcon_pkg'
[0.843s] Level 1:colcon.colcon_core.package_identification:_identify(ticare_vision) by extensions ['colcon_meta']
[0.843s] Level 1:colcon.colcon_core.package_identification:_identify(ticare_vision) by extension 'colcon_meta'
[0.843s] Level 1:colcon.colcon_core.package_identification:_identify(ticare_vision) by extensions ['ros']
[0.843s] Level 1:colcon.colcon_core.package_identification:_identify(ticare_vision) by extension 'ros'
[0.844s] DEBUG:colcon.colcon_core.package_identification:Package 'ticare_vision' with type 'ros.ament_python' and name 'ticare_vision'
[0.845s] Level 1:colcon.colcon_core.package_identification:_identify(urdf_test) by extensions ['ignore', 'ignore_ament_install']
[0.845s] Level 1:colcon.colcon_core.package_identification:_identify(urdf_test) by extension 'ignore'
[0.845s] Level 1:colcon.colcon_core.package_identification:_identify(urdf_test) by extension 'ignore_ament_install'
[0.845s] Level 1:colcon.colcon_core.package_identification:_identify(urdf_test) by extensions ['colcon_pkg']
[0.845s] Level 1:colcon.colcon_core.package_identification:_identify(urdf_test) by extension 'colcon_pkg'
[0.845s] Level 1:colcon.colcon_core.package_identification:_identify(urdf_test) by extensions ['colcon_meta']
[0.845s] Level 1:colcon.colcon_core.package_identification:_identify(urdf_test) by extension 'colcon_meta'
[0.845s] Level 1:colcon.colcon_core.package_identification:_identify(urdf_test) by extensions ['ros']
[0.845s] Level 1:colcon.colcon_core.package_identification:_identify(urdf_test) by extension 'ros'
[0.846s] DEBUG:colcon.colcon_core.package_identification:Package 'urdf_test' with type 'ros.ament_cmake' and name 'urdf_test'
[0.846s] Level 1:colcon.colcon_core.package_discovery:discover_packages(recursive) using defaults
[0.846s] Level 1:colcon.colcon_core.package_discovery:discover_packages(ignore) discover
[0.846s] Level 1:colcon.colcon_core.package_discovery:discover_packages(ignore) using defaults
[0.846s] Level 1:colcon.colcon_core.package_discovery:discover_packages(path) discover
[0.846s] Level 1:colcon.colcon_core.package_discovery:discover_packages(path) using defaults
[0.882s] INFO:colcon.colcon_core.package_selection:Skipping not selected package 'launch_pal' in 'launch_pal'
[0.882s] INFO:colcon.colcon_core.package_selection:Skipping not selected package 'pal_gripper_controller_configuration' in 'pal_gripper/pal_gripper_controller_configuration'
[0.882s] INFO:colcon.colcon_core.package_selection:Skipping not selected package 'pal_hey5_controller_configuration' in 'pal_hey5/pal_hey5_controller_configuration'
[0.882s] INFO:colcon.colcon_core.package_selection:Skipping not selected package 'pal_navigation_cfg_params' in 'pal_navigation_cfg_public/pal_navigation_cfg_params'
[0.882s] INFO:colcon.colcon_core.package_selection:Skipping not selected package 'pal_robotiq_controller_configuration' in 'pal_robotiq_gripper/pal_robotiq_controller_configuration'
[0.882s] INFO:colcon.colcon_core.package_selection:Skipping not selected package 'pal_robotiq_description' in 'pal_robotiq_gripper/pal_robotiq_description'
[0.882s] INFO:colcon.colcon_core.package_selection:Skipping not selected package 'pal_urdf_utils' in 'pal_urdf_utils'
[0.882s] INFO:colcon.colcon_core.package_selection:Skipping not selected package 'play_motion2_msgs' in 'play_motion2/play_motion2_msgs'
[0.882s] INFO:colcon.colcon_core.package_selection:Skipping not selected package 'pmb2_laser_sensors' in 'pmb2_navigation/pmb2_laser_sensors'
[0.882s] INFO:colcon.colcon_core.package_selection:Skipping not selected package 'tiago_rgbd_sensors' in 'tiago_navigation/tiago_rgbd_sensors'
[0.882s] INFO:colcon.colcon_core.package_selection:Skipping not selected package 'urdf_test' in 'urdf_test'
[0.882s] INFO:colcon.colcon_core.package_selection:Skipping not selected package 'pal_gazebo_worlds' in 'pal_gazebo_worlds'
[0.882s] INFO:colcon.colcon_core.package_selection:Skipping not selected package 'pal_gripper_description' in 'pal_gripper/pal_gripper_description'
[0.882s] INFO:colcon.colcon_core.package_selection:Skipping not selected package 'pal_hey5_description' in 'pal_hey5/pal_hey5_description'
[0.882s] INFO:colcon.colcon_core.package_selection:Skipping not selected package 'pal_navigation_cfg_bringup' in 'pal_navigation_cfg_public/pal_navigation_cfg_bringup'
[0.882s] INFO:colcon.colcon_core.package_selection:Skipping not selected package 'pal_robotiq_gripper' in 'pal_robotiq_gripper/pal_robotiq_gripper'
[0.882s] INFO:colcon.colcon_core.package_selection:Skipping not selected package 'play_motion2' in 'play_motion2/play_motion2'
[0.882s] INFO:colcon.colcon_core.package_selection:Skipping not selected package 'pmb2_2dnav' in 'pmb2_navigation/pmb2_2dnav'
[0.882s] INFO:colcon.colcon_core.package_selection:Skipping not selected package 'pmb2_controller_configuration' in 'pmb2_robot/pmb2_controller_configuration'
[0.882s] INFO:colcon.colcon_core.package_selection:Skipping not selected package 'pmb2_description' in 'pmb2_robot/pmb2_description'
[0.882s] INFO:colcon.colcon_core.package_selection:Skipping not selected package 'pmb2_rgbd_sensors' in 'pmb2_navigation/pmb2_rgbd_sensors'
[0.882s] INFO:colcon.colcon_core.package_selection:Skipping not selected package 'tiago_laser_sensors' in 'tiago_navigation/tiago_laser_sensors'
[0.882s] INFO:colcon.colcon_core.package_selection:Skipping not selected package 'pal_gripper' in 'pal_gripper/pal_gripper'
[0.882s] INFO:colcon.colcon_core.package_selection:Skipping not selected package 'pal_gripper_simulation' in 'pal_gripper/pal_gripper_simulation'
[0.882s] INFO:colcon.colcon_core.package_selection:Skipping not selected package 'pal_hey5' in 'pal_hey5/pal_hey5'
[0.882s] INFO:colcon.colcon_core.package_selection:Skipping not selected package 'pal_navigation_cfg' in 'pal_navigation_cfg_public/pal_navigation_cfg_public'
[0.882s] INFO:colcon.colcon_core.package_selection:Skipping not selected package 'play_motion2_cli' in 'play_motion2/play_motion2_cli'
[0.882s] INFO:colcon.colcon_core.package_selection:Skipping not selected package 'pmb2_bringup' in 'pmb2_robot/pmb2_bringup'
[0.882s] INFO:colcon.colcon_core.package_selection:Skipping not selected package 'pmb2_navigation' in 'pmb2_navigation/pmb2_navigation'
[0.882s] INFO:colcon.colcon_core.package_selection:Skipping not selected package 'tiago_2dnav' in 'tiago_navigation/tiago_2dnav'
[0.882s] INFO:colcon.colcon_core.package_selection:Skipping not selected package 'tiago_controller_configuration' in 'tiago_robot/tiago_controller_configuration'
[0.883s] INFO:colcon.colcon_core.package_selection:Skipping not selected package 'tiago_description' in 'tiago_robot/tiago_description'
[0.883s] INFO:colcon.colcon_core.package_selection:Skipping not selected package 'pmb2_robot' in 'pmb2_robot/pmb2_robot'
[0.883s] INFO:colcon.colcon_core.package_selection:Skipping not selected package 'tiago_bringup' in 'tiago_robot/tiago_bringup'
[0.883s] INFO:colcon.colcon_core.package_selection:Skipping not selected package 'tiago_moveit_config' in 'tiago_moveit_config'
[0.883s] INFO:colcon.colcon_core.package_selection:Skipping not selected package 'tiago_navigation' in 'tiago_navigation/tiago_navigation'
[0.883s] INFO:colcon.colcon_core.package_selection:Skipping not selected package 'tiago_gazebo' in 'tiago_simulation/tiago_gazebo'
[0.883s] INFO:colcon.colcon_core.package_selection:Skipping not selected package 'tiago_robot' in 'tiago_robot/tiago_robot'
[0.883s] INFO:colcon.colcon_core.package_selection:Skipping not selected package 'tiago_simulation' in 'tiago_simulation/tiago_simulation'
[0.884s] Level 1:colcon.colcon_core.package_discovery:discover_packages(prefix_path) check parameters
[0.884s] Level 1:colcon.colcon_core.package_discovery:discover_packages(prefix_path) discover
[0.899s] DEBUG:colcon.colcon_installed_package_information.package_discovery:Found 1 installed packages in /home/luisgfgetino/ticare_ws/src/install
[0.901s] DEBUG:colcon.colcon_installed_package_information.package_discovery:Found 40 installed packages in /home/luisgfgetino/ticare_ws/install
[0.904s] DEBUG:colcon.colcon_installed_package_information.package_discovery:Found 400 installed packages in /opt/ros/humble
[0.906s] Level 1:colcon.colcon_core.package_discovery:discover_packages(prefix_path) using defaults
[1.125s] Level 5:colcon.colcon_core.verb:set package 'ticare_vision' build argument 'cmake_args' from command line to 'None'
[1.125s] Level 5:colcon.colcon_core.verb:set package 'ticare_vision' build argument 'cmake_target' from command line to 'None'
[1.125s] Level 5:colcon.colcon_core.verb:set package 'ticare_vision' build argument 'cmake_target_skip_unavailable' from command line to 'False'
[1.125s] Level 5:colcon.colcon_core.verb:set package 'ticare_vision' build argument 'cmake_clean_cache' from command line to 'False'
[1.125s] Level 5:colcon.colcon_core.verb:set package 'ticare_vision' build argument 'cmake_clean_first' from command line to 'False'
[1.125s] Level 5:colcon.colcon_core.verb:set package 'ticare_vision' build argument 'cmake_force_configure' from command line to 'False'
[1.125s] Level 5:colcon.colcon_core.verb:set package 'ticare_vision' build argument 'ament_cmake_args' from command line to 'None'
[1.125s] Level 5:colcon.colcon_core.verb:set package 'ticare_vision' build argument 'catkin_cmake_args' from command line to 'None'
[1.125s] Level 5:colcon.colcon_core.verb:set package 'ticare_vision' build argument 'catkin_skip_building_tests' from command line to 'False'
[1.125s] DEBUG:colcon.colcon_core.verb:Building package 'ticare_vision' with the following arguments: {'ament_cmake_args': None, 'build_base': '/home/luisgfgetino/ticare_ws/src/build/ticare_vision', 'catkin_cmake_args': None, 'catkin_skip_building_tests': False, 'cmake_args': None, 'cmake_clean_cache': False, 'cmake_clean_first': False, 'cmake_force_configure': False, 'cmake_target': None, 'cmake_target_skip_unavailable': False, 'install_base': '/home/luisgfgetino/ticare_ws/src/install/ticare_vision', 'merge_install': False, 'path': '/home/luisgfgetino/ticare_ws/src/ticare_vision', 'symlink_install': False, 'test_result_base': None}
[1.126s] INFO:colcon.colcon_core.executor:Executing jobs using 'parallel' executor
[1.128s] DEBUG:colcon.colcon_parallel_executor.executor.parallel:run_until_complete
[1.129s] INFO:colcon.colcon_ros.task.ament_python.build:Building ROS package in '/home/luisgfgetino/ticare_ws/src/ticare_vision' with build type 'ament_python'
[1.130s] Level 1:colcon.colcon_core.shell:create_environment_hook('ticare_vision', 'ament_prefix_path')
[1.137s] INFO:colcon.colcon_core.plugin_system:Skipping extension 'colcon_core.shell.bat': Not used on non-Windows systems
[1.137s] INFO:colcon.colcon_core.shell:Creating environment hook '/home/luisgfgetino/ticare_ws/src/install/ticare_vision/share/ticare_vision/hook/ament_prefix_path.ps1'
[1.138s] INFO:colcon.colcon_core.shell:Creating environment descriptor '/home/luisgfgetino/ticare_ws/src/install/ticare_vision/share/ticare_vision/hook/ament_prefix_path.dsv'
[1.139s] INFO:colcon.colcon_core.shell:Creating environment hook '/home/luisgfgetino/ticare_ws/src/install/ticare_vision/share/ticare_vision/hook/ament_prefix_path.sh'
[1.141s] INFO:colcon.colcon_core.shell:Skip shell extension 'powershell' for command environment: Not usable outside of PowerShell
[1.141s] DEBUG:colcon.colcon_core.shell:Skip shell extension 'dsv' for command environment
[1.454s] INFO:colcon.colcon_core.task.python.build:Building Python package in '/home/luisgfgetino/ticare_ws/src/ticare_vision'
[1.455s] INFO:colcon.colcon_core.shell:Skip shell extension 'powershell' for command environment: Not usable outside of PowerShell
[1.455s] DEBUG:colcon.colcon_core.shell:Skip shell extension 'dsv' for command environment
[2.076s] DEBUG:colcon.colcon_core.event_handler.log_command:Invoking command in '/home/luisgfgetino/ticare_ws/src/ticare_vision': PYTHONPATH=/home/luisgfgetino/ticare_ws/src/build/ticare_vision/prefix_override:/usr/lib/python3/dist-packages/colcon_core/task/python/colcon_distutils_commands:/home/luisgfgetino/ticare_ws/src/install/ticare_vision/lib/python3.10/site-packages:${PYTHONPATH} /usr/bin/python3 -W ignore:setup.py install is deprecated -W ignore:easy_install command is deprecated setup.py egg_info --egg-base ../build/ticare_vision build --build-base /home/luisgfgetino/ticare_ws/src/build/ticare_vision/build install --record /home/luisgfgetino/ticare_ws/src/build/ticare_vision/install.log --single-version-externally-managed install_data
[2.377s] DEBUG:colcon.colcon_core.event_handler.log_command:Invoked command in '/home/luisgfgetino/ticare_ws/src/ticare_vision' returned '0': PYTHONPATH=/home/luisgfgetino/ticare_ws/src/build/ticare_vision/prefix_override:/usr/lib/python3/dist-packages/colcon_core/task/python/colcon_distutils_commands:/home/luisgfgetino/ticare_ws/src/install/ticare_vision/lib/python3.10/site-packages:${PYTHONPATH} /usr/bin/python3 -W ignore:setup.py install is deprecated -W ignore:easy_install command is deprecated setup.py egg_info --egg-base ../build/ticare_vision build --build-base /home/luisgfgetino/ticare_ws/src/build/ticare_vision/build install --record /home/luisgfgetino/ticare_ws/src/build/ticare_vision/install.log --single-version-externally-managed install_data
[2.383s] Level 1:colcon.colcon_core.environment:checking '/home/luisgfgetino/ticare_ws/src/install/ticare_vision' for CMake module files
[2.384s] Level 1:colcon.colcon_core.environment:checking '/home/luisgfgetino/ticare_ws/src/install/ticare_vision' for CMake config files
[2.387s] Level 1:colcon.colcon_core.environment:checking '/home/luisgfgetino/ticare_ws/src/install/ticare_vision/lib'
[2.387s] Level 1:colcon.colcon_core.environment:checking '/home/luisgfgetino/ticare_ws/src/install/ticare_vision/bin'
[2.387s] Level 1:colcon.colcon_core.environment:checking '/home/luisgfgetino/ticare_ws/src/install/ticare_vision/lib/pkgconfig/ticare_vision.pc'
[2.387s] Level 1:colcon.colcon_core.environment:checking '/home/luisgfgetino/ticare_ws/src/install/ticare_vision/lib/python3.10/site-packages'
[2.387s] Level 1:colcon.colcon_core.shell:create_environment_hook('ticare_vision', 'pythonpath')
[2.387s] INFO:colcon.colcon_core.shell:Creating environment hook '/home/luisgfgetino/ticare_ws/src/install/ticare_vision/share/ticare_vision/hook/pythonpath.ps1'
[2.388s] INFO:colcon.colcon_core.shell:Creating environment descriptor '/home/luisgfgetino/ticare_ws/src/install/ticare_vision/share/ticare_vision/hook/pythonpath.dsv'
[2.388s] INFO:colcon.colcon_core.shell:Creating environment hook '/home/luisgfgetino/ticare_ws/src/install/ticare_vision/share/ticare_vision/hook/pythonpath.sh'
[2.389s] Level 1:colcon.colcon_core.environment:checking '/home/luisgfgetino/ticare_ws/src/install/ticare_vision/bin'
[2.389s] Level 1:colcon.colcon_core.environment:create_environment_scripts_only(ticare_vision)
[2.389s] INFO:colcon.colcon_core.shell:Creating package script '/home/luisgfgetino/ticare_ws/src/install/ticare_vision/share/ticare_vision/package.ps1'
[2.391s] INFO:colcon.colcon_core.shell:Creating package descriptor '/home/luisgfgetino/ticare_ws/src/install/ticare_vision/share/ticare_vision/package.dsv'
[2.391s] INFO:colcon.colcon_core.shell:Creating package script '/home/luisgfgetino/ticare_ws/src/install/ticare_vision/share/ticare_vision/package.sh'
[2.392s] INFO:colcon.colcon_core.shell:Creating package script '/home/luisgfgetino/ticare_ws/src/install/ticare_vision/share/ticare_vision/package.bash'
[2.393s] INFO:colcon.colcon_core.shell:Creating package script '/home/luisgfgetino/ticare_ws/src/install/ticare_vision/share/ticare_vision/package.zsh'
[2.394s] Level 1:colcon.colcon_core.environment:create_file_with_runtime_dependencies(/home/luisgfgetino/ticare_ws/src/install/ticare_vision/share/colcon-core/packages/ticare_vision)
[2.395s] DEBUG:colcon.colcon_parallel_executor.executor.parallel:closing loop
[2.395s] DEBUG:colcon.colcon_parallel_executor.executor.parallel:loop closed
[2.395s] DEBUG:colcon.colcon_parallel_executor.executor.parallel:run_until_complete finished with '0'
[2.395s] DEBUG:colcon.colcon_core.event_reactor:joining thread
[2.485s] INFO:colcon.colcon_core.plugin_system:Skipping extension 'colcon_notification.desktop_notification.notify_send': Could not find 'notify-send'
[2.485s] INFO:colcon.colcon_core.plugin_system:Skipping extension 'colcon_notification.desktop_notification.terminal_notifier': Not used on non-Darwin systems
[2.485s] INFO:colcon.colcon_core.plugin_system:Skipping extension 'colcon_notification.desktop_notification.win32': Not used on non-Windows systems
[2.485s] INFO:colcon.colcon_notification.desktop_notification:Sending desktop notification using 'notify2'
[2.487s] DEBUG:colcon.colcon_notification.desktop_notification.notify2:Failed to initialize notify2: org.freedesktop.DBus.Error.ServiceUnknown: The name org.freedesktop.Notifications was not provided by any .service files
[2.487s] DEBUG:colcon.colcon_core.event_reactor:joined thread
[2.487s] INFO:colcon.colcon_core.shell:Creating prefix script '/home/luisgfgetino/ticare_ws/src/install/local_setup.ps1'
[2.489s] INFO:colcon.colcon_core.shell:Creating prefix util module '/home/luisgfgetino/ticare_ws/src/install/_local_setup_util_ps1.py'
[2.490s] INFO:colcon.colcon_core.shell:Creating prefix chain script '/home/luisgfgetino/ticare_ws/src/install/setup.ps1'
[2.494s] INFO:colcon.colcon_core.shell:Creating prefix script '/home/luisgfgetino/ticare_ws/src/install/local_setup.sh'
[2.495s] INFO:colcon.colcon_core.shell:Creating prefix util module '/home/luisgfgetino/ticare_ws/src/install/_local_setup_util_sh.py'
[2.495s] INFO:colcon.colcon_core.shell:Creating prefix chain script '/home/luisgfgetino/ticare_ws/src/install/setup.sh'
[2.498s] INFO:colcon.colcon_core.shell:Creating prefix script '/home/luisgfgetino/ticare_ws/src/install/local_setup.bash'
[2.499s] INFO:colcon.colcon_core.shell:Creating prefix chain script '/home/luisgfgetino/ticare_ws/src/install/setup.bash'
[2.503s] INFO:colcon.colcon_core.shell:Creating prefix script '/home/luisgfgetino/ticare_ws/src/install/local_setup.zsh'
[2.504s] INFO:colcon.colcon_core.shell:Creating prefix chain script '/home/luisgfgetino/ticare_ws/src/install/setup.zsh'
