running egg_info
writing ../build/ticare_vision/ticare_vision.egg-info/PKG-INFO
writing dependency_links to ../build/ticare_vision/ticare_vision.egg-info/dependency_links.txt
writing entry points to ../build/ticare_vision/ticare_vision.egg-info/entry_points.txt
writing requirements to ../build/ticare_vision/ticare_vision.egg-info/requires.txt
writing top-level names to ../build/ticare_vision/ticare_vision.egg-info/top_level.txt
reading manifest file '../build/ticare_vision/ticare_vision.egg-info/SOURCES.txt'
writing manifest file '../build/ticare_vision/ticare_vision.egg-info/SOURCES.txt'
running build
running build_py
copying ticare_vision/vision_node.py -> /home/luisgfgetino/ticare_ws/src/build/ticare_vision/build/lib/ticare_vision
running install
running install_lib
copying /home/luisgfgetino/ticare_ws/src/build/ticare_vision/build/lib/ticare_vision/vision_node.py -> /home/luisgfgetino/ticare_ws/src/install/ticare_vision/lib/python3.10/site-packages/ticare_vision
byte-compiling /home/luisgfgetino/ticare_ws/src/install/ticare_vision/lib/python3.10/site-packages/ticare_vision/vision_node.py to vision_node.cpython-310.pyc
running install_data
running install_egg_info
removing '/home/luisgfgetino/ticare_ws/src/install/ticare_vision/lib/python3.10/site-packages/ticare_vision-0.0.0-py3.10.egg-info' (and everything under it)
Copying ../build/ticare_vision/ticare_vision.egg-info to /home/luisgfgetino/ticare_ws/src/install/ticare_vision/lib/python3.10/site-packages/ticare_vision-0.0.0-py3.10.egg-info
running install_scripts
Installing vision_node script to /home/luisgfgetino/ticare_ws/src/install/ticare_vision/lib/ticare_vision
Installing vision_node_sim script to /home/luisgfgetino/ticare_ws/src/install/ticare_vision/lib/ticare_vision
writing list of installed files to '/home/luisgfgetino/ticare_ws/src/build/ticare_vision/install.log'
