[0.866s] Invoking command in '/home/luisgfgetino/ticare_ws/src/ticare_vision': PYTHONPATH=/home/luisgfgetino/ticare_ws/src/build/ticare_vision/prefix_override:/usr/lib/python3/dist-packages/colcon_core/task/python/colcon_distutils_commands:/home/luisgfgetino/ticare_ws/src/install/ticare_vision/lib/python3.10/site-packages:${PYTHONPATH} /usr/bin/python3 -W ignore:setup.py install is deprecated -W ignore:easy_install command is deprecated setup.py egg_info --egg-base ../build/ticare_vision build --build-base /home/luisgfgetino/ticare_ws/src/build/ticare_vision/build install --record /home/luisgfgetino/ticare_ws/src/build/ticare_vision/install.log --single-version-externally-managed install_data
[1.124s] running egg_info
[1.124s] writing ../build/ticare_vision/ticare_vision.egg-info/PKG-INFO
[1.125s] writing dependency_links to ../build/ticare_vision/ticare_vision.egg-info/dependency_links.txt
[1.125s] writing entry points to ../build/ticare_vision/ticare_vision.egg-info/entry_points.txt
[1.125s] writing requirements to ../build/ticare_vision/ticare_vision.egg-info/requires.txt
[1.126s] writing top-level names to ../build/ticare_vision/ticare_vision.egg-info/top_level.txt
[1.128s] reading manifest file '../build/ticare_vision/ticare_vision.egg-info/SOURCES.txt'
[1.129s] writing manifest file '../build/ticare_vision/ticare_vision.egg-info/SOURCES.txt'
[1.130s] running build
[1.130s] running build_py
[1.130s] copying ticare_vision/vision_node.py -> /home/luisgfgetino/ticare_ws/src/build/ticare_vision/build/lib/ticare_vision
[1.130s] running install
[1.131s] running install_lib
[1.132s] copying /home/luisgfgetino/ticare_ws/src/build/ticare_vision/build/lib/ticare_vision/vision_node.py -> /home/luisgfgetino/ticare_ws/src/install/ticare_vision/lib/python3.10/site-packages/ticare_vision
[1.133s] byte-compiling /home/luisgfgetino/ticare_ws/src/install/ticare_vision/lib/python3.10/site-packages/ticare_vision/vision_node.py to vision_node.cpython-310.pyc
[1.135s] running install_data
[1.135s] running install_egg_info
[1.137s] removing '/home/luisgfgetino/ticare_ws/src/install/ticare_vision/lib/python3.10/site-packages/ticare_vision-0.0.0-py3.10.egg-info' (and everything under it)
[1.138s] Copying ../build/ticare_vision/ticare_vision.egg-info to /home/luisgfgetino/ticare_ws/src/install/ticare_vision/lib/python3.10/site-packages/ticare_vision-0.0.0-py3.10.egg-info
[1.140s] running install_scripts
[1.159s] Installing vision_node script to /home/luisgfgetino/ticare_ws/src/install/ticare_vision/lib/ticare_vision
[1.160s] Installing vision_node_sim script to /home/luisgfgetino/ticare_ws/src/install/ticare_vision/lib/ticare_vision
[1.160s] writing list of installed files to '/home/luisgfgetino/ticare_ws/src/build/ticare_vision/install.log'
[1.194s] Invoked command in '/home/luisgfgetino/ticare_ws/src/ticare_vision' returned '0': PYTHONPATH=/home/luisgfgetino/ticare_ws/src/build/ticare_vision/prefix_override:/usr/lib/python3/dist-packages/colcon_core/task/python/colcon_distutils_commands:/home/luisgfgetino/ticare_ws/src/install/ticare_vision/lib/python3.10/site-packages:${PYTHONPATH} /usr/bin/python3 -W ignore:setup.py install is deprecated -W ignore:easy_install command is deprecated setup.py egg_info --egg-base ../build/ticare_vision build --build-base /home/luisgfgetino/ticare_ws/src/build/ticare_vision/build install --record /home/luisgfgetino/ticare_ws/src/build/ticare_vision/install.log --single-version-externally-managed install_data
