[0.946s] Invoking command in '/home/luisgfgetino/ticare_ws/src/ticare_vision': PYTHONPATH=/home/luisgfgetino/ticare_ws/src/build/ticare_vision/prefix_override:/usr/lib/python3/dist-packages/colcon_core/task/python/colcon_distutils_commands:/home/luisgfgetino/ticare_ws/src/install/ticare_vision/lib/python3.10/site-packages:${PYTHONPATH} /usr/bin/python3 -W ignore:setup.py install is deprecated -W ignore:easy_install command is deprecated setup.py egg_info --egg-base ../build/ticare_vision build --build-base /home/luisgfgetino/ticare_ws/src/build/ticare_vision/build install --record /home/luisgfgetino/ticare_ws/src/build/ticare_vision/install.log --single-version-externally-managed install_data
[1.184s] running egg_info
[1.184s] writing ../build/ticare_vision/ticare_vision.egg-info/PKG-INFO
[1.185s] writing dependency_links to ../build/ticare_vision/ticare_vision.egg-info/dependency_links.txt
[1.185s] writing entry points to ../build/ticare_vision/ticare_vision.egg-info/entry_points.txt
[1.186s] writing requirements to ../build/ticare_vision/ticare_vision.egg-info/requires.txt
[1.186s] writing top-level names to ../build/ticare_vision/ticare_vision.egg-info/top_level.txt
[1.188s] reading manifest file '../build/ticare_vision/ticare_vision.egg-info/SOURCES.txt'
[1.189s] writing manifest file '../build/ticare_vision/ticare_vision.egg-info/SOURCES.txt'
[1.190s] running build
[1.190s] running build_py
[1.190s] running install
[1.190s] running install_lib
[1.192s] running install_data
[1.193s] running install_egg_info
[1.194s] removing '/home/luisgfgetino/ticare_ws/src/install/ticare_vision/lib/python3.10/site-packages/ticare_vision-0.0.0-py3.10.egg-info' (and everything under it)
[1.195s] Copying ../build/ticare_vision/ticare_vision.egg-info to /home/luisgfgetino/ticare_ws/src/install/ticare_vision/lib/python3.10/site-packages/ticare_vision-0.0.0-py3.10.egg-info
[1.197s] running install_scripts
[1.219s] Installing vision_node script to /home/luisgfgetino/ticare_ws/src/install/ticare_vision/lib/ticare_vision
[1.219s] Installing vision_node_sim script to /home/luisgfgetino/ticare_ws/src/install/ticare_vision/lib/ticare_vision
[1.220s] writing list of installed files to '/home/luisgfgetino/ticare_ws/src/build/ticare_vision/install.log'
[1.247s] Invoked command in '/home/luisgfgetino/ticare_ws/src/ticare_vision' returned '0': PYTHONPATH=/home/luisgfgetino/ticare_ws/src/build/ticare_vision/prefix_override:/usr/lib/python3/dist-packages/colcon_core/task/python/colcon_distutils_commands:/home/luisgfgetino/ticare_ws/src/install/ticare_vision/lib/python3.10/site-packages:${PYTHONPATH} /usr/bin/python3 -W ignore:setup.py install is deprecated -W ignore:easy_install command is deprecated setup.py egg_info --egg-base ../build/ticare_vision build --build-base /home/luisgfgetino/ticare_ws/src/build/ticare_vision/build install --record /home/luisgfgetino/ticare_ws/src/build/ticare_vision/install.log --single-version-externally-managed install_data
