[1.274s] Invoking command in '/home/luisgfgetino/ticare_ws/src/ticare_vision': PYTHONPATH=/home/luisgfgetino/ticare_ws/src/build/ticare_vision/prefix_override:/usr/lib/python3/dist-packages/colcon_core/task/python/colcon_distutils_commands:/home/luisgfgetino/ticare_ws/src/install/ticare_vision/lib/python3.10/site-packages:${PYTHONPATH} /usr/bin/python3 -W ignore:setup.py install is deprecated -W ignore:easy_install command is deprecated setup.py egg_info --egg-base ../build/ticare_vision build --build-base /home/luisgfgetino/ticare_ws/src/build/ticare_vision/build install --record /home/luisgfgetino/ticare_ws/src/build/ticare_vision/install.log --single-version-externally-managed install_data
[1.615s] running egg_info
[1.616s] writing ../build/ticare_vision/ticare_vision.egg-info/PKG-INFO
[1.616s] writing dependency_links to ../build/ticare_vision/ticare_vision.egg-info/dependency_links.txt
[1.617s] writing entry points to ../build/ticare_vision/ticare_vision.egg-info/entry_points.txt
[1.617s] writing requirements to ../build/ticare_vision/ticare_vision.egg-info/requires.txt
[1.617s] writing top-level names to ../build/ticare_vision/ticare_vision.egg-info/top_level.txt
[1.619s] reading manifest file '../build/ticare_vision/ticare_vision.egg-info/SOURCES.txt'
[1.621s] writing manifest file '../build/ticare_vision/ticare_vision.egg-info/SOURCES.txt'
[1.621s] running build
[1.621s] running build_py
[1.621s] copying ticare_vision/vision_node_sim.py -> /home/luisgfgetino/ticare_ws/src/build/ticare_vision/build/lib/ticare_vision
[1.622s] running install
[1.622s] running install_lib
[1.624s] copying /home/luisgfgetino/ticare_ws/src/build/ticare_vision/build/lib/ticare_vision/vision_node_sim.py -> /home/luisgfgetino/ticare_ws/src/install/ticare_vision/lib/python3.10/site-packages/ticare_vision
[1.625s] byte-compiling /home/luisgfgetino/ticare_ws/src/install/ticare_vision/lib/python3.10/site-packages/ticare_vision/vision_node_sim.py to vision_node_sim.cpython-310.pyc
[1.627s] running install_data
[1.628s] running install_egg_info
[1.629s] removing '/home/luisgfgetino/ticare_ws/src/install/ticare_vision/lib/python3.10/site-packages/ticare_vision-0.0.0-py3.10.egg-info' (and everything under it)
[1.630s] Copying ../build/ticare_vision/ticare_vision.egg-info to /home/luisgfgetino/ticare_ws/src/install/ticare_vision/lib/python3.10/site-packages/ticare_vision-0.0.0-py3.10.egg-info
[1.632s] running install_scripts
[1.654s] Installing vision_node script to /home/luisgfgetino/ticare_ws/src/install/ticare_vision/lib/ticare_vision
[1.654s] Installing vision_node_sim script to /home/luisgfgetino/ticare_ws/src/install/ticare_vision/lib/ticare_vision
[1.655s] writing list of installed files to '/home/luisgfgetino/ticare_ws/src/build/ticare_vision/install.log'
[1.687s] Invoked command in '/home/luisgfgetino/ticare_ws/src/ticare_vision' returned '0': PYTHONPATH=/home/luisgfgetino/ticare_ws/src/build/ticare_vision/prefix_override:/usr/lib/python3/dist-packages/colcon_core/task/python/colcon_distutils_commands:/home/luisgfgetino/ticare_ws/src/install/ticare_vision/lib/python3.10/site-packages:${PYTHONPATH} /usr/bin/python3 -W ignore:setup.py install is deprecated -W ignore:easy_install command is deprecated setup.py egg_info --egg-base ../build/ticare_vision build --build-base /home/luisgfgetino/ticare_ws/src/build/ticare_vision/build install --record /home/luisgfgetino/ticare_ws/src/build/ticare_vision/install.log --single-version-externally-managed install_data
