/home/luisgfgetino/ticare_ws/src/install/ticare_vision/lib/python3.10/site-packages/ticare_vision/vision_node.py
/home/luisgfgetino/ticare_ws/src/install/ticare_vision/lib/python3.10/site-packages/ticare_vision/__init__.py
/home/luisgfgetino/ticare_ws/src/install/ticare_vision/lib/python3.10/site-packages/ticare_vision/vision_node_sim.py
/home/luisgfgetino/ticare_ws/src/install/ticare_vision/lib/python3.10/site-packages/ticare_vision/__pycache__/vision_node.cpython-310.pyc
/home/luisgfgetino/ticare_ws/src/install/ticare_vision/lib/python3.10/site-packages/ticare_vision/__pycache__/__init__.cpython-310.pyc
/home/luisgfgetino/ticare_ws/src/install/ticare_vision/lib/python3.10/site-packages/ticare_vision/__pycache__/vision_node_sim.cpython-310.pyc
/home/luisgfgetino/ticare_ws/src/install/ticare_vision/share/ament_index/resource_index/packages/ticare_vision
/home/luisgfgetino/ticare_ws/src/install/ticare_vision/share/ticare_vision/package.xml
/home/luisgfgetino/ticare_ws/src/install/ticare_vision/share/ticare_vision/launch/vision_launch.launch.py
/home/luisgfgetino/ticare_ws/src/install/ticare_vision/share/ticare_vision/launch/vision_launch_sim.launch.py
/home/luisgfgetino/ticare_ws/src/install/ticare_vision/share/ticare_vision/config/vision_params.yaml
/home/luisgfgetino/ticare_ws/src/install/ticare_vision/share/ticare_vision/data/weights.pt
/home/luisgfgetino/ticare_ws/src/install/ticare_vision/lib/python3.10/site-packages/ticare_vision-0.0.0-py3.10.egg-info/dependency_links.txt
/home/luisgfgetino/ticare_ws/src/install/ticare_vision/lib/python3.10/site-packages/ticare_vision-0.0.0-py3.10.egg-info/entry_points.txt
/home/luisgfgetino/ticare_ws/src/install/ticare_vision/lib/python3.10/site-packages/ticare_vision-0.0.0-py3.10.egg-info/SOURCES.txt
/home/luisgfgetino/ticare_ws/src/install/ticare_vision/lib/python3.10/site-packages/ticare_vision-0.0.0-py3.10.egg-info/PKG-INFO
/home/luisgfgetino/ticare_ws/src/install/ticare_vision/lib/python3.10/site-packages/ticare_vision-0.0.0-py3.10.egg-info/requires.txt
/home/luisgfgetino/ticare_ws/src/install/ticare_vision/lib/python3.10/site-packages/ticare_vision-0.0.0-py3.10.egg-info/top_level.txt
/home/luisgfgetino/ticare_ws/src/install/ticare_vision/lib/python3.10/site-packages/ticare_vision-0.0.0-py3.10.egg-info/zip-safe
/home/luisgfgetino/ticare_ws/src/install/ticare_vision/lib/ticare_vision/vision_node
/home/luisgfgetino/ticare_ws/src/install/ticare_vision/lib/ticare_vision/vision_node_sim
