[0.545s] DEBUG:colcon:Command line arguments: ['/usr/bin/colcon', 'build', '--packages-select', 'ticare_vision']
[0.545s] DEBUG:colcon:Parsed command line arguments: Namespace(log_base=None, log_level=None, verb_name='build', build_base='build', install_base='install', merge_install=False, symlink_install=False, test_result_base=None, continue_on_error=False, executor='parallel', parallel_workers=16, event_handlers=None, ignore_user_meta=False, metas=['./colcon.meta'], base_paths=['.'], packages_ignore=None, packages_ignore_regex=None, paths=None, packages_up_to=None, packages_up_to_regex=None, packages_above=None, packages_above_and_dependencies=None, packages_above_depth=None, packages_select_by_dep=None, packages_skip_by_dep=None, packages_skip_up_to=None, packages_select_build_failed=False, packages_skip_build_finished=False, packages_select_test_failures=False, packages_skip_test_passed=False, packages_select=['ticare_vision'], packages_skip=None, packages_select_regex=None, packages_skip_regex=None, packages_start=None, packages_end=None, allow_overriding=[], cmake_args=None, cmake_target=None, cmake_target_skip_unavailable=False, cmake_clean_cache=False, cmake_clean_first=False, cmake_force_configure=False, ament_cmake_args=None, catkin_cmake_args=None, catkin_skip_building_tests=False, verb_parser=<colcon_defaults.argument_parser.defaults.DefaultArgumentsDecorator object at 0x7f9d3024e5c0>, verb_extension=<colcon_core.verb.build.BuildVerb object at 0x7f9d30342ce0>, main=<bound method BuildVerb.main of <colcon_core.verb.build.BuildVerb object at 0x7f9d30342ce0>>)
[1.091s] Level 1:colcon.colcon_core.package_discovery:discover_packages(colcon_meta) check parameters
[1.092s] Level 1:colcon.colcon_core.package_discovery:discover_packages(recursive) check parameters
[1.092s] Level 1:colcon.colcon_core.package_discovery:discover_packages(ignore) check parameters
[1.092s] Level 1:colcon.colcon_core.package_discovery:discover_packages(path) check parameters
[1.092s] Level 1:colcon.colcon_core.package_discovery:discover_packages(colcon_meta) discover
[1.092s] Level 1:colcon.colcon_core.package_discovery:discover_packages(recursive) discover
[1.092s] INFO:colcon.colcon_core.package_discovery:Crawling recursively for packages in '/home/luisgfgetino/ticare_ws/src'
[1.092s] Level 1:colcon.colcon_core.package_identification:_identify(.) by extensions ['ignore', 'ignore_ament_install']
[1.092s] Level 1:colcon.colcon_core.package_identification:_identify(.) by extension 'ignore'
[1.092s] Level 1:colcon.colcon_core.package_identification:_identify(.) by extension 'ignore_ament_install'
[1.092s] Level 1:colcon.colcon_core.package_identification:_identify(.) by extensions ['colcon_pkg']
[1.092s] Level 1:colcon.colcon_core.package_identification:_identify(.) by extension 'colcon_pkg'
[1.092s] Level 1:colcon.colcon_core.package_identification:_identify(.) by extensions ['colcon_meta']
[1.092s] Level 1:colcon.colcon_core.package_identification:_identify(.) by extension 'colcon_meta'
[1.093s] Level 1:colcon.colcon_core.package_identification:_identify(.) by extensions ['ros']
[1.093s] Level 1:colcon.colcon_core.package_identification:_identify(.) by extension 'ros'
[1.112s] Level 1:colcon.colcon_core.package_identification:_identify(.) by extensions ['cmake', 'python']
[1.113s] Level 1:colcon.colcon_core.package_identification:_identify(.) by extension 'cmake'
[1.113s] Level 1:colcon.colcon_core.package_identification:_identify(.) by extension 'python'
[1.113s] Level 1:colcon.colcon_core.package_identification:_identify(.) by extensions ['python_setup_py']
[1.113s] Level 1:colcon.colcon_core.package_identification:_identify(.) by extension 'python_setup_py'
[1.113s] Level 1:colcon.colcon_core.package_identification:_identify(build) by extensions ['ignore', 'ignore_ament_install']
[1.113s] Level 1:colcon.colcon_core.package_identification:_identify(build) by extension 'ignore'
[1.113s] Level 1:colcon.colcon_core.package_identification:_identify(build) ignored
[1.113s] Level 1:colcon.colcon_core.package_identification:_identify(install) by extensions ['ignore', 'ignore_ament_install']
[1.113s] Level 1:colcon.colcon_core.package_identification:_identify(install) by extension 'ignore'
[1.113s] Level 1:colcon.colcon_core.package_identification:_identify(install) ignored
[1.114s] Level 1:colcon.colcon_core.package_identification:_identify(launch_pal) by extensions ['ignore', 'ignore_ament_install']
[1.114s] Level 1:colcon.colcon_core.package_identification:_identify(launch_pal) by extension 'ignore'
[1.114s] Level 1:colcon.colcon_core.package_identification:_identify(launch_pal) by extension 'ignore_ament_install'
[1.115s] Level 1:colcon.colcon_core.package_identification:_identify(launch_pal) by extensions ['colcon_pkg']
[1.115s] Level 1:colcon.colcon_core.package_identification:_identify(launch_pal) by extension 'colcon_pkg'
[1.115s] Level 1:colcon.colcon_core.package_identification:_identify(launch_pal) by extensions ['colcon_meta']
[1.115s] Level 1:colcon.colcon_core.package_identification:_identify(launch_pal) by extension 'colcon_meta'
[1.115s] Level 1:colcon.colcon_core.package_identification:_identify(launch_pal) by extensions ['ros']
[1.115s] Level 1:colcon.colcon_core.package_identification:_identify(launch_pal) by extension 'ros'
[1.121s] DEBUG:colcon.colcon_core.package_identification:Package 'launch_pal' with type 'ros.ament_python' and name 'launch_pal'
[1.121s] Level 1:colcon.colcon_core.package_identification:_identify(log) by extensions ['ignore', 'ignore_ament_install']
[1.121s] Level 1:colcon.colcon_core.package_identification:_identify(log) by extension 'ignore'
[1.121s] Level 1:colcon.colcon_core.package_identification:_identify(log) ignored
[1.121s] Level 1:colcon.colcon_core.package_identification:_identify(pal_gazebo_worlds) by extensions ['ignore', 'ignore_ament_install']
[1.122s] Level 1:colcon.colcon_core.package_identification:_identify(pal_gazebo_worlds) by extension 'ignore'
[1.122s] Level 1:colcon.colcon_core.package_identification:_identify(pal_gazebo_worlds) by extension 'ignore_ament_install'
[1.122s] Level 1:colcon.colcon_core.package_identification:_identify(pal_gazebo_worlds) by extensions ['colcon_pkg']
[1.122s] Level 1:colcon.colcon_core.package_identification:_identify(pal_gazebo_worlds) by extension 'colcon_pkg'
[1.122s] Level 1:colcon.colcon_core.package_identification:_identify(pal_gazebo_worlds) by extensions ['colcon_meta']
[1.122s] Level 1:colcon.colcon_core.package_identification:_identify(pal_gazebo_worlds) by extension 'colcon_meta'
[1.122s] Level 1:colcon.colcon_core.package_identification:_identify(pal_gazebo_worlds) by extensions ['ros']
[1.122s] Level 1:colcon.colcon_core.package_identification:_identify(pal_gazebo_worlds) by extension 'ros'
[1.125s] DEBUG:colcon.colcon_core.package_identification:Package 'pal_gazebo_worlds' with type 'ros.ament_cmake' and name 'pal_gazebo_worlds'
[1.126s] Level 1:colcon.colcon_core.package_identification:_identify(pal_gripper) by extensions ['ignore', 'ignore_ament_install']
[1.126s] Level 1:colcon.colcon_core.package_identification:_identify(pal_gripper) by extension 'ignore'
[1.126s] Level 1:colcon.colcon_core.package_identification:_identify(pal_gripper) by extension 'ignore_ament_install'
[1.126s] Level 1:colcon.colcon_core.package_identification:_identify(pal_gripper) by extensions ['colcon_pkg']
[1.126s] Level 1:colcon.colcon_core.package_identification:_identify(pal_gripper) by extension 'colcon_pkg'
[1.127s] Level 1:colcon.colcon_core.package_identification:_identify(pal_gripper) by extensions ['colcon_meta']
[1.127s] Level 1:colcon.colcon_core.package_identification:_identify(pal_gripper) by extension 'colcon_meta'
[1.127s] Level 1:colcon.colcon_core.package_identification:_identify(pal_gripper) by extensions ['ros']
[1.127s] Level 1:colcon.colcon_core.package_identification:_identify(pal_gripper) by extension 'ros'
[1.127s] Level 1:colcon.colcon_core.package_identification:_identify(pal_gripper) by extensions ['cmake', 'python']
[1.127s] Level 1:colcon.colcon_core.package_identification:_identify(pal_gripper) by extension 'cmake'
[1.127s] Level 1:colcon.colcon_core.package_identification:_identify(pal_gripper) by extension 'python'
[1.127s] Level 1:colcon.colcon_core.package_identification:_identify(pal_gripper) by extensions ['python_setup_py']
[1.127s] Level 1:colcon.colcon_core.package_identification:_identify(pal_gripper) by extension 'python_setup_py'
[1.128s] Level 1:colcon.colcon_core.package_identification:_identify(pal_gripper/pal_gripper) by extensions ['ignore', 'ignore_ament_install']
[1.128s] Level 1:colcon.colcon_core.package_identification:_identify(pal_gripper/pal_gripper) by extension 'ignore'
[1.128s] Level 1:colcon.colcon_core.package_identification:_identify(pal_gripper/pal_gripper) by extension 'ignore_ament_install'
[1.128s] Level 1:colcon.colcon_core.package_identification:_identify(pal_gripper/pal_gripper) by extensions ['colcon_pkg']
[1.128s] Level 1:colcon.colcon_core.package_identification:_identify(pal_gripper/pal_gripper) by extension 'colcon_pkg'
[1.128s] Level 1:colcon.colcon_core.package_identification:_identify(pal_gripper/pal_gripper) by extensions ['colcon_meta']
[1.128s] Level 1:colcon.colcon_core.package_identification:_identify(pal_gripper/pal_gripper) by extension 'colcon_meta'
[1.128s] Level 1:colcon.colcon_core.package_identification:_identify(pal_gripper/pal_gripper) by extensions ['ros']
[1.128s] Level 1:colcon.colcon_core.package_identification:_identify(pal_gripper/pal_gripper) by extension 'ros'
[1.129s] DEBUG:colcon.colcon_core.package_identification:Package 'pal_gripper/pal_gripper' with type 'ros.ament_cmake' and name 'pal_gripper'
[1.130s] Level 1:colcon.colcon_core.package_identification:_identify(pal_gripper/pal_gripper_controller_configuration) by extensions ['ignore', 'ignore_ament_install']
[1.130s] Level 1:colcon.colcon_core.package_identification:_identify(pal_gripper/pal_gripper_controller_configuration) by extension 'ignore'
[1.130s] Level 1:colcon.colcon_core.package_identification:_identify(pal_gripper/pal_gripper_controller_configuration) by extension 'ignore_ament_install'
[1.130s] Level 1:colcon.colcon_core.package_identification:_identify(pal_gripper/pal_gripper_controller_configuration) by extensions ['colcon_pkg']
[1.130s] Level 1:colcon.colcon_core.package_identification:_identify(pal_gripper/pal_gripper_controller_configuration) by extension 'colcon_pkg'
[1.130s] Level 1:colcon.colcon_core.package_identification:_identify(pal_gripper/pal_gripper_controller_configuration) by extensions ['colcon_meta']
[1.130s] Level 1:colcon.colcon_core.package_identification:_identify(pal_gripper/pal_gripper_controller_configuration) by extension 'colcon_meta'
[1.130s] Level 1:colcon.colcon_core.package_identification:_identify(pal_gripper/pal_gripper_controller_configuration) by extensions ['ros']
[1.130s] Level 1:colcon.colcon_core.package_identification:_identify(pal_gripper/pal_gripper_controller_configuration) by extension 'ros'
[1.131s] DEBUG:colcon.colcon_core.package_identification:Package 'pal_gripper/pal_gripper_controller_configuration' with type 'ros.ament_cmake' and name 'pal_gripper_controller_configuration'
[1.132s] Level 1:colcon.colcon_core.package_identification:_identify(pal_gripper/pal_gripper_description) by extensions ['ignore', 'ignore_ament_install']
[1.132s] Level 1:colcon.colcon_core.package_identification:_identify(pal_gripper/pal_gripper_description) by extension 'ignore'
[1.132s] Level 1:colcon.colcon_core.package_identification:_identify(pal_gripper/pal_gripper_description) by extension 'ignore_ament_install'
[1.132s] Level 1:colcon.colcon_core.package_identification:_identify(pal_gripper/pal_gripper_description) by extensions ['colcon_pkg']
[1.132s] Level 1:colcon.colcon_core.package_identification:_identify(pal_gripper/pal_gripper_description) by extension 'colcon_pkg'
[1.132s] Level 1:colcon.colcon_core.package_identification:_identify(pal_gripper/pal_gripper_description) by extensions ['colcon_meta']
[1.132s] Level 1:colcon.colcon_core.package_identification:_identify(pal_gripper/pal_gripper_description) by extension 'colcon_meta'
[1.132s] Level 1:colcon.colcon_core.package_identification:_identify(pal_gripper/pal_gripper_description) by extensions ['ros']
[1.132s] Level 1:colcon.colcon_core.package_identification:_identify(pal_gripper/pal_gripper_description) by extension 'ros'
[1.133s] DEBUG:colcon.colcon_core.package_identification:Package 'pal_gripper/pal_gripper_description' with type 'ros.ament_cmake' and name 'pal_gripper_description'
[1.134s] Level 1:colcon.colcon_core.package_identification:_identify(pal_gripper/pal_gripper_simulation) by extensions ['ignore', 'ignore_ament_install']
[1.134s] Level 1:colcon.colcon_core.package_identification:_identify(pal_gripper/pal_gripper_simulation) by extension 'ignore'
[1.134s] Level 1:colcon.colcon_core.package_identification:_identify(pal_gripper/pal_gripper_simulation) by extension 'ignore_ament_install'
[1.134s] Level 1:colcon.colcon_core.package_identification:_identify(pal_gripper/pal_gripper_simulation) by extensions ['colcon_pkg']
[1.134s] Level 1:colcon.colcon_core.package_identification:_identify(pal_gripper/pal_gripper_simulation) by extension 'colcon_pkg'
[1.134s] Level 1:colcon.colcon_core.package_identification:_identify(pal_gripper/pal_gripper_simulation) by extensions ['colcon_meta']
[1.134s] Level 1:colcon.colcon_core.package_identification:_identify(pal_gripper/pal_gripper_simulation) by extension 'colcon_meta'
[1.134s] Level 1:colcon.colcon_core.package_identification:_identify(pal_gripper/pal_gripper_simulation) by extensions ['ros']
[1.134s] Level 1:colcon.colcon_core.package_identification:_identify(pal_gripper/pal_gripper_simulation) by extension 'ros'
[1.136s] DEBUG:colcon.colcon_core.package_identification:Package 'pal_gripper/pal_gripper_simulation' with type 'ros.ament_cmake' and name 'pal_gripper_simulation'
[1.136s] Level 1:colcon.colcon_core.package_identification:_identify(pal_hey5) by extensions ['ignore', 'ignore_ament_install']
[1.136s] Level 1:colcon.colcon_core.package_identification:_identify(pal_hey5) by extension 'ignore'
[1.136s] Level 1:colcon.colcon_core.package_identification:_identify(pal_hey5) by extension 'ignore_ament_install'
[1.136s] Level 1:colcon.colcon_core.package_identification:_identify(pal_hey5) by extensions ['colcon_pkg']
[1.136s] Level 1:colcon.colcon_core.package_identification:_identify(pal_hey5) by extension 'colcon_pkg'
[1.136s] Level 1:colcon.colcon_core.package_identification:_identify(pal_hey5) by extensions ['colcon_meta']
[1.137s] Level 1:colcon.colcon_core.package_identification:_identify(pal_hey5) by extension 'colcon_meta'
[1.137s] Level 1:colcon.colcon_core.package_identification:_identify(pal_hey5) by extensions ['ros']
[1.137s] Level 1:colcon.colcon_core.package_identification:_identify(pal_hey5) by extension 'ros'
[1.137s] Level 1:colcon.colcon_core.package_identification:_identify(pal_hey5) by extensions ['cmake', 'python']
[1.137s] Level 1:colcon.colcon_core.package_identification:_identify(pal_hey5) by extension 'cmake'
[1.137s] Level 1:colcon.colcon_core.package_identification:_identify(pal_hey5) by extension 'python'
[1.137s] Level 1:colcon.colcon_core.package_identification:_identify(pal_hey5) by extensions ['python_setup_py']
[1.137s] Level 1:colcon.colcon_core.package_identification:_identify(pal_hey5) by extension 'python_setup_py'
[1.137s] Level 1:colcon.colcon_core.package_identification:_identify(pal_hey5/pal_hey5) by extensions ['ignore', 'ignore_ament_install']
[1.137s] Level 1:colcon.colcon_core.package_identification:_identify(pal_hey5/pal_hey5) by extension 'ignore'
[1.137s] Level 1:colcon.colcon_core.package_identification:_identify(pal_hey5/pal_hey5) by extension 'ignore_ament_install'
[1.137s] Level 1:colcon.colcon_core.package_identification:_identify(pal_hey5/pal_hey5) by extensions ['colcon_pkg']
[1.137s] Level 1:colcon.colcon_core.package_identification:_identify(pal_hey5/pal_hey5) by extension 'colcon_pkg'
[1.137s] Level 1:colcon.colcon_core.package_identification:_identify(pal_hey5/pal_hey5) by extensions ['colcon_meta']
[1.137s] Level 1:colcon.colcon_core.package_identification:_identify(pal_hey5/pal_hey5) by extension 'colcon_meta'
[1.138s] Level 1:colcon.colcon_core.package_identification:_identify(pal_hey5/pal_hey5) by extensions ['ros']
[1.138s] Level 1:colcon.colcon_core.package_identification:_identify(pal_hey5/pal_hey5) by extension 'ros'
[1.138s] DEBUG:colcon.colcon_core.package_identification:Package 'pal_hey5/pal_hey5' with type 'ros.ament_cmake' and name 'pal_hey5'
[1.139s] Level 1:colcon.colcon_core.package_identification:_identify(pal_hey5/pal_hey5_controller_configuration) by extensions ['ignore', 'ignore_ament_install']
[1.139s] Level 1:colcon.colcon_core.package_identification:_identify(pal_hey5/pal_hey5_controller_configuration) by extension 'ignore'
[1.139s] Level 1:colcon.colcon_core.package_identification:_identify(pal_hey5/pal_hey5_controller_configuration) by extension 'ignore_ament_install'
[1.139s] Level 1:colcon.colcon_core.package_identification:_identify(pal_hey5/pal_hey5_controller_configuration) by extensions ['colcon_pkg']
[1.139s] Level 1:colcon.colcon_core.package_identification:_identify(pal_hey5/pal_hey5_controller_configuration) by extension 'colcon_pkg'
[1.139s] Level 1:colcon.colcon_core.package_identification:_identify(pal_hey5/pal_hey5_controller_configuration) by extensions ['colcon_meta']
[1.139s] Level 1:colcon.colcon_core.package_identification:_identify(pal_hey5/pal_hey5_controller_configuration) by extension 'colcon_meta'
[1.139s] Level 1:colcon.colcon_core.package_identification:_identify(pal_hey5/pal_hey5_controller_configuration) by extensions ['ros']
[1.139s] Level 1:colcon.colcon_core.package_identification:_identify(pal_hey5/pal_hey5_controller_configuration) by extension 'ros'
[1.140s] DEBUG:colcon.colcon_core.package_identification:Package 'pal_hey5/pal_hey5_controller_configuration' with type 'ros.ament_cmake' and name 'pal_hey5_controller_configuration'
[1.140s] Level 1:colcon.colcon_core.package_identification:_identify(pal_hey5/pal_hey5_description) by extensions ['ignore', 'ignore_ament_install']
[1.140s] Level 1:colcon.colcon_core.package_identification:_identify(pal_hey5/pal_hey5_description) by extension 'ignore'
[1.140s] Level 1:colcon.colcon_core.package_identification:_identify(pal_hey5/pal_hey5_description) by extension 'ignore_ament_install'
[1.140s] Level 1:colcon.colcon_core.package_identification:_identify(pal_hey5/pal_hey5_description) by extensions ['colcon_pkg']
[1.140s] Level 1:colcon.colcon_core.package_identification:_identify(pal_hey5/pal_hey5_description) by extension 'colcon_pkg'
[1.140s] Level 1:colcon.colcon_core.package_identification:_identify(pal_hey5/pal_hey5_description) by extensions ['colcon_meta']
[1.141s] Level 1:colcon.colcon_core.package_identification:_identify(pal_hey5/pal_hey5_description) by extension 'colcon_meta'
[1.141s] Level 1:colcon.colcon_core.package_identification:_identify(pal_hey5/pal_hey5_description) by extensions ['ros']
[1.141s] Level 1:colcon.colcon_core.package_identification:_identify(pal_hey5/pal_hey5_description) by extension 'ros'
[1.142s] DEBUG:colcon.colcon_core.package_identification:Package 'pal_hey5/pal_hey5_description' with type 'ros.ament_cmake' and name 'pal_hey5_description'
[1.142s] Level 1:colcon.colcon_core.package_identification:_identify(pal_navigation_cfg_public) by extensions ['ignore', 'ignore_ament_install']
[1.142s] Level 1:colcon.colcon_core.package_identification:_identify(pal_navigation_cfg_public) by extension 'ignore'
[1.142s] Level 1:colcon.colcon_core.package_identification:_identify(pal_navigation_cfg_public) by extension 'ignore_ament_install'
[1.143s] Level 1:colcon.colcon_core.package_identification:_identify(pal_navigation_cfg_public) by extensions ['colcon_pkg']
[1.143s] Level 1:colcon.colcon_core.package_identification:_identify(pal_navigation_cfg_public) by extension 'colcon_pkg'
[1.143s] Level 1:colcon.colcon_core.package_identification:_identify(pal_navigation_cfg_public) by extensions ['colcon_meta']
[1.143s] Level 1:colcon.colcon_core.package_identification:_identify(pal_navigation_cfg_public) by extension 'colcon_meta'
[1.143s] Level 1:colcon.colcon_core.package_identification:_identify(pal_navigation_cfg_public) by extensions ['ros']
[1.143s] Level 1:colcon.colcon_core.package_identification:_identify(pal_navigation_cfg_public) by extension 'ros'
[1.143s] Level 1:colcon.colcon_core.package_identification:_identify(pal_navigation_cfg_public) by extensions ['cmake', 'python']
[1.143s] Level 1:colcon.colcon_core.package_identification:_identify(pal_navigation_cfg_public) by extension 'cmake'
[1.143s] Level 1:colcon.colcon_core.package_identification:_identify(pal_navigation_cfg_public) by extension 'python'
[1.143s] Level 1:colcon.colcon_core.package_identification:_identify(pal_navigation_cfg_public) by extensions ['python_setup_py']
[1.143s] Level 1:colcon.colcon_core.package_identification:_identify(pal_navigation_cfg_public) by extension 'python_setup_py'
[1.144s] Level 1:colcon.colcon_core.package_identification:_identify(pal_navigation_cfg_public/pal_navigation_cfg_bringup) by extensions ['ignore', 'ignore_ament_install']
[1.144s] Level 1:colcon.colcon_core.package_identification:_identify(pal_navigation_cfg_public/pal_navigation_cfg_bringup) by extension 'ignore'
[1.144s] Level 1:colcon.colcon_core.package_identification:_identify(pal_navigation_cfg_public/pal_navigation_cfg_bringup) by extension 'ignore_ament_install'
[1.144s] Level 1:colcon.colcon_core.package_identification:_identify(pal_navigation_cfg_public/pal_navigation_cfg_bringup) by extensions ['colcon_pkg']
[1.144s] Level 1:colcon.colcon_core.package_identification:_identify(pal_navigation_cfg_public/pal_navigation_cfg_bringup) by extension 'colcon_pkg'
[1.144s] Level 1:colcon.colcon_core.package_identification:_identify(pal_navigation_cfg_public/pal_navigation_cfg_bringup) by extensions ['colcon_meta']
[1.144s] Level 1:colcon.colcon_core.package_identification:_identify(pal_navigation_cfg_public/pal_navigation_cfg_bringup) by extension 'colcon_meta'
[1.144s] Level 1:colcon.colcon_core.package_identification:_identify(pal_navigation_cfg_public/pal_navigation_cfg_bringup) by extensions ['ros']
[1.144s] Level 1:colcon.colcon_core.package_identification:_identify(pal_navigation_cfg_public/pal_navigation_cfg_bringup) by extension 'ros'
[1.145s] DEBUG:colcon.colcon_core.package_identification:Package 'pal_navigation_cfg_public/pal_navigation_cfg_bringup' with type 'ros.ament_cmake' and name 'pal_navigation_cfg_bringup'
[1.146s] Level 1:colcon.colcon_core.package_identification:_identify(pal_navigation_cfg_public/pal_navigation_cfg_params) by extensions ['ignore', 'ignore_ament_install']
[1.146s] Level 1:colcon.colcon_core.package_identification:_identify(pal_navigation_cfg_public/pal_navigation_cfg_params) by extension 'ignore'
[1.146s] Level 1:colcon.colcon_core.package_identification:_identify(pal_navigation_cfg_public/pal_navigation_cfg_params) by extension 'ignore_ament_install'
[1.146s] Level 1:colcon.colcon_core.package_identification:_identify(pal_navigation_cfg_public/pal_navigation_cfg_params) by extensions ['colcon_pkg']
[1.146s] Level 1:colcon.colcon_core.package_identification:_identify(pal_navigation_cfg_public/pal_navigation_cfg_params) by extension 'colcon_pkg'
[1.146s] Level 1:colcon.colcon_core.package_identification:_identify(pal_navigation_cfg_public/pal_navigation_cfg_params) by extensions ['colcon_meta']
[1.146s] Level 1:colcon.colcon_core.package_identification:_identify(pal_navigation_cfg_public/pal_navigation_cfg_params) by extension 'colcon_meta'
[1.146s] Level 1:colcon.colcon_core.package_identification:_identify(pal_navigation_cfg_public/pal_navigation_cfg_params) by extensions ['ros']
[1.146s] Level 1:colcon.colcon_core.package_identification:_identify(pal_navigation_cfg_public/pal_navigation_cfg_params) by extension 'ros'
[1.147s] DEBUG:colcon.colcon_core.package_identification:Package 'pal_navigation_cfg_public/pal_navigation_cfg_params' with type 'ros.ament_cmake' and name 'pal_navigation_cfg_params'
[1.148s] Level 1:colcon.colcon_core.package_identification:_identify(pal_navigation_cfg_public/pal_navigation_cfg_public) by extensions ['ignore', 'ignore_ament_install']
[1.148s] Level 1:colcon.colcon_core.package_identification:_identify(pal_navigation_cfg_public/pal_navigation_cfg_public) by extension 'ignore'
[1.148s] Level 1:colcon.colcon_core.package_identification:_identify(pal_navigation_cfg_public/pal_navigation_cfg_public) by extension 'ignore_ament_install'
[1.148s] Level 1:colcon.colcon_core.package_identification:_identify(pal_navigation_cfg_public/pal_navigation_cfg_public) by extensions ['colcon_pkg']
[1.148s] Level 1:colcon.colcon_core.package_identification:_identify(pal_navigation_cfg_public/pal_navigation_cfg_public) by extension 'colcon_pkg'
[1.148s] Level 1:colcon.colcon_core.package_identification:_identify(pal_navigation_cfg_public/pal_navigation_cfg_public) by extensions ['colcon_meta']
[1.148s] Level 1:colcon.colcon_core.package_identification:_identify(pal_navigation_cfg_public/pal_navigation_cfg_public) by extension 'colcon_meta'
[1.148s] Level 1:colcon.colcon_core.package_identification:_identify(pal_navigation_cfg_public/pal_navigation_cfg_public) by extensions ['ros']
[1.148s] Level 1:colcon.colcon_core.package_identification:_identify(pal_navigation_cfg_public/pal_navigation_cfg_public) by extension 'ros'
[1.149s] DEBUG:colcon.colcon_core.package_identification:Package 'pal_navigation_cfg_public/pal_navigation_cfg_public' with type 'ros.ament_cmake' and name 'pal_navigation_cfg'
[1.150s] Level 1:colcon.colcon_core.package_identification:_identify(pal_robotiq_gripper) by extensions ['ignore', 'ignore_ament_install']
[1.150s] Level 1:colcon.colcon_core.package_identification:_identify(pal_robotiq_gripper) by extension 'ignore'
[1.150s] Level 1:colcon.colcon_core.package_identification:_identify(pal_robotiq_gripper) by extension 'ignore_ament_install'
[1.150s] Level 1:colcon.colcon_core.package_identification:_identify(pal_robotiq_gripper) by extensions ['colcon_pkg']
[1.150s] Level 1:colcon.colcon_core.package_identification:_identify(pal_robotiq_gripper) by extension 'colcon_pkg'
[1.150s] Level 1:colcon.colcon_core.package_identification:_identify(pal_robotiq_gripper) by extensions ['colcon_meta']
[1.150s] Level 1:colcon.colcon_core.package_identification:_identify(pal_robotiq_gripper) by extension 'colcon_meta'
[1.150s] Level 1:colcon.colcon_core.package_identification:_identify(pal_robotiq_gripper) by extensions ['ros']
[1.150s] Level 1:colcon.colcon_core.package_identification:_identify(pal_robotiq_gripper) by extension 'ros'
[1.151s] Level 1:colcon.colcon_core.package_identification:_identify(pal_robotiq_gripper) by extensions ['cmake', 'python']
[1.151s] Level 1:colcon.colcon_core.package_identification:_identify(pal_robotiq_gripper) by extension 'cmake'
[1.151s] Level 1:colcon.colcon_core.package_identification:_identify(pal_robotiq_gripper) by extension 'python'
[1.151s] Level 1:colcon.colcon_core.package_identification:_identify(pal_robotiq_gripper) by extensions ['python_setup_py']
[1.151s] Level 1:colcon.colcon_core.package_identification:_identify(pal_robotiq_gripper) by extension 'python_setup_py'
[1.151s] Level 1:colcon.colcon_core.package_identification:_identify(pal_robotiq_gripper/pal_robotiq_controller_configuration) by extensions ['ignore', 'ignore_ament_install']
[1.151s] Level 1:colcon.colcon_core.package_identification:_identify(pal_robotiq_gripper/pal_robotiq_controller_configuration) by extension 'ignore'
[1.151s] Level 1:colcon.colcon_core.package_identification:_identify(pal_robotiq_gripper/pal_robotiq_controller_configuration) by extension 'ignore_ament_install'
[1.151s] Level 1:colcon.colcon_core.package_identification:_identify(pal_robotiq_gripper/pal_robotiq_controller_configuration) by extensions ['colcon_pkg']
[1.152s] Level 1:colcon.colcon_core.package_identification:_identify(pal_robotiq_gripper/pal_robotiq_controller_configuration) by extension 'colcon_pkg'
[1.152s] Level 1:colcon.colcon_core.package_identification:_identify(pal_robotiq_gripper/pal_robotiq_controller_configuration) by extensions ['colcon_meta']
[1.152s] Level 1:colcon.colcon_core.package_identification:_identify(pal_robotiq_gripper/pal_robotiq_controller_configuration) by extension 'colcon_meta'
[1.152s] Level 1:colcon.colcon_core.package_identification:_identify(pal_robotiq_gripper/pal_robotiq_controller_configuration) by extensions ['ros']
[1.152s] Level 1:colcon.colcon_core.package_identification:_identify(pal_robotiq_gripper/pal_robotiq_controller_configuration) by extension 'ros'
[1.153s] DEBUG:colcon.colcon_core.package_identification:Package 'pal_robotiq_gripper/pal_robotiq_controller_configuration' with type 'ros.ament_cmake' and name 'pal_robotiq_controller_configuration'
[1.153s] Level 1:colcon.colcon_core.package_identification:_identify(pal_robotiq_gripper/pal_robotiq_description) by extensions ['ignore', 'ignore_ament_install']
[1.153s] Level 1:colcon.colcon_core.package_identification:_identify(pal_robotiq_gripper/pal_robotiq_description) by extension 'ignore'
[1.153s] Level 1:colcon.colcon_core.package_identification:_identify(pal_robotiq_gripper/pal_robotiq_description) by extension 'ignore_ament_install'
[1.153s] Level 1:colcon.colcon_core.package_identification:_identify(pal_robotiq_gripper/pal_robotiq_description) by extensions ['colcon_pkg']
[1.153s] Level 1:colcon.colcon_core.package_identification:_identify(pal_robotiq_gripper/pal_robotiq_description) by extension 'colcon_pkg'
[1.153s] Level 1:colcon.colcon_core.package_identification:_identify(pal_robotiq_gripper/pal_robotiq_description) by extensions ['colcon_meta']
[1.154s] Level 1:colcon.colcon_core.package_identification:_identify(pal_robotiq_gripper/pal_robotiq_description) by extension 'colcon_meta'
[1.154s] Level 1:colcon.colcon_core.package_identification:_identify(pal_robotiq_gripper/pal_robotiq_description) by extensions ['ros']
[1.154s] Level 1:colcon.colcon_core.package_identification:_identify(pal_robotiq_gripper/pal_robotiq_description) by extension 'ros'
[1.155s] DEBUG:colcon.colcon_core.package_identification:Package 'pal_robotiq_gripper/pal_robotiq_description' with type 'ros.ament_cmake' and name 'pal_robotiq_description'
[1.156s] Level 1:colcon.colcon_core.package_identification:_identify(pal_robotiq_gripper/pal_robotiq_epick_gripper) by extensions ['ignore', 'ignore_ament_install']
[1.156s] Level 1:colcon.colcon_core.package_identification:_identify(pal_robotiq_gripper/pal_robotiq_epick_gripper) by extension 'ignore'
[1.156s] Level 1:colcon.colcon_core.package_identification:_identify(pal_robotiq_gripper/pal_robotiq_epick_gripper) by extension 'ignore_ament_install'
[1.156s] Level 1:colcon.colcon_core.package_identification:_identify(pal_robotiq_gripper/pal_robotiq_epick_gripper) by extensions ['colcon_pkg']
[1.156s] Level 1:colcon.colcon_core.package_identification:_identify(pal_robotiq_gripper/pal_robotiq_epick_gripper) by extension 'colcon_pkg'
[1.156s] Level 1:colcon.colcon_core.package_identification:_identify(pal_robotiq_gripper/pal_robotiq_epick_gripper) by extensions ['colcon_meta']
[1.156s] Level 1:colcon.colcon_core.package_identification:_identify(pal_robotiq_gripper/pal_robotiq_epick_gripper) by extension 'colcon_meta'
[1.157s] Level 1:colcon.colcon_core.package_identification:_identify(pal_robotiq_gripper/pal_robotiq_epick_gripper) by extensions ['ros']
[1.157s] Level 1:colcon.colcon_core.package_identification:_identify(pal_robotiq_gripper/pal_robotiq_epick_gripper) by extension 'ros'
[1.157s] Level 1:colcon.colcon_core.package_identification:_identify(pal_robotiq_gripper/pal_robotiq_epick_gripper) by extensions ['cmake', 'python']
[1.157s] Level 1:colcon.colcon_core.package_identification:_identify(pal_robotiq_gripper/pal_robotiq_epick_gripper) by extension 'cmake'
[1.157s] Level 1:colcon.colcon_core.package_identification:_identify(pal_robotiq_gripper/pal_robotiq_epick_gripper) by extension 'python'
[1.157s] Level 1:colcon.colcon_core.package_identification:_identify(pal_robotiq_gripper/pal_robotiq_epick_gripper) by extensions ['python_setup_py']
[1.157s] Level 1:colcon.colcon_core.package_identification:_identify(pal_robotiq_gripper/pal_robotiq_epick_gripper) by extension 'python_setup_py'
[1.158s] Level 1:colcon.colcon_core.package_identification:_identify(pal_robotiq_gripper/pal_robotiq_epick_gripper/pal_robotiq_epick_description) by extensions ['ignore', 'ignore_ament_install']
[1.158s] Level 1:colcon.colcon_core.package_identification:_identify(pal_robotiq_gripper/pal_robotiq_epick_gripper/pal_robotiq_epick_description) by extension 'ignore'
[1.158s] Level 1:colcon.colcon_core.package_identification:_identify(pal_robotiq_gripper/pal_robotiq_epick_gripper/pal_robotiq_epick_description) ignored
[1.158s] Level 1:colcon.colcon_core.package_identification:_identify(pal_robotiq_gripper/pal_robotiq_epick_gripper/pal_robotiq_epick_gripper) by extensions ['ignore', 'ignore_ament_install']
[1.158s] Level 1:colcon.colcon_core.package_identification:_identify(pal_robotiq_gripper/pal_robotiq_epick_gripper/pal_robotiq_epick_gripper) by extension 'ignore'
[1.158s] Level 1:colcon.colcon_core.package_identification:_identify(pal_robotiq_gripper/pal_robotiq_epick_gripper/pal_robotiq_epick_gripper) ignored
[1.159s] Level 1:colcon.colcon_core.package_identification:_identify(pal_robotiq_gripper/pal_robotiq_gripper) by extensions ['ignore', 'ignore_ament_install']
[1.159s] Level 1:colcon.colcon_core.package_identification:_identify(pal_robotiq_gripper/pal_robotiq_gripper) by extension 'ignore'
[1.159s] Level 1:colcon.colcon_core.package_identification:_identify(pal_robotiq_gripper/pal_robotiq_gripper) by extension 'ignore_ament_install'
[1.159s] Level 1:colcon.colcon_core.package_identification:_identify(pal_robotiq_gripper/pal_robotiq_gripper) by extensions ['colcon_pkg']
[1.159s] Level 1:colcon.colcon_core.package_identification:_identify(pal_robotiq_gripper/pal_robotiq_gripper) by extension 'colcon_pkg'
[1.159s] Level 1:colcon.colcon_core.package_identification:_identify(pal_robotiq_gripper/pal_robotiq_gripper) by extensions ['colcon_meta']
[1.159s] Level 1:colcon.colcon_core.package_identification:_identify(pal_robotiq_gripper/pal_robotiq_gripper) by extension 'colcon_meta'
[1.159s] Level 1:colcon.colcon_core.package_identification:_identify(pal_robotiq_gripper/pal_robotiq_gripper) by extensions ['ros']
[1.159s] Level 1:colcon.colcon_core.package_identification:_identify(pal_robotiq_gripper/pal_robotiq_gripper) by extension 'ros'
[1.160s] DEBUG:colcon.colcon_core.package_identification:Package 'pal_robotiq_gripper/pal_robotiq_gripper' with type 'ros.ament_cmake' and name 'pal_robotiq_gripper'
[1.161s] Level 1:colcon.colcon_core.package_identification:_identify(pal_robotiq_gripper/pal_robotiq_gripper_wrapper) by extensions ['ignore', 'ignore_ament_install']
[1.161s] Level 1:colcon.colcon_core.package_identification:_identify(pal_robotiq_gripper/pal_robotiq_gripper_wrapper) by extension 'ignore'
[1.161s] Level 1:colcon.colcon_core.package_identification:_identify(pal_robotiq_gripper/pal_robotiq_gripper_wrapper) ignored
[1.161s] Level 1:colcon.colcon_core.package_identification:_identify(pal_urdf_utils) by extensions ['ignore', 'ignore_ament_install']
[1.162s] Level 1:colcon.colcon_core.package_identification:_identify(pal_urdf_utils) by extension 'ignore'
[1.162s] Level 1:colcon.colcon_core.package_identification:_identify(pal_urdf_utils) by extension 'ignore_ament_install'
[1.162s] Level 1:colcon.colcon_core.package_identification:_identify(pal_urdf_utils) by extensions ['colcon_pkg']
[1.162s] Level 1:colcon.colcon_core.package_identification:_identify(pal_urdf_utils) by extension 'colcon_pkg'
[1.162s] Level 1:colcon.colcon_core.package_identification:_identify(pal_urdf_utils) by extensions ['colcon_meta']
[1.162s] Level 1:colcon.colcon_core.package_identification:_identify(pal_urdf_utils) by extension 'colcon_meta'
[1.162s] Level 1:colcon.colcon_core.package_identification:_identify(pal_urdf_utils) by extensions ['ros']
[1.162s] Level 1:colcon.colcon_core.package_identification:_identify(pal_urdf_utils) by extension 'ros'
[1.163s] DEBUG:colcon.colcon_core.package_identification:Package 'pal_urdf_utils' with type 'ros.ament_cmake' and name 'pal_urdf_utils'
[1.163s] Level 1:colcon.colcon_core.package_identification:_identify(play_motion2) by extensions ['ignore', 'ignore_ament_install']
[1.163s] Level 1:colcon.colcon_core.package_identification:_identify(play_motion2) by extension 'ignore'
[1.164s] Level 1:colcon.colcon_core.package_identification:_identify(play_motion2) by extension 'ignore_ament_install'
[1.164s] Level 1:colcon.colcon_core.package_identification:_identify(play_motion2) by extensions ['colcon_pkg']
[1.164s] Level 1:colcon.colcon_core.package_identification:_identify(play_motion2) by extension 'colcon_pkg'
[1.164s] Level 1:colcon.colcon_core.package_identification:_identify(play_motion2) by extensions ['colcon_meta']
[1.164s] Level 1:colcon.colcon_core.package_identification:_identify(play_motion2) by extension 'colcon_meta'
[1.164s] Level 1:colcon.colcon_core.package_identification:_identify(play_motion2) by extensions ['ros']
[1.164s] Level 1:colcon.colcon_core.package_identification:_identify(play_motion2) by extension 'ros'
[1.164s] Level 1:colcon.colcon_core.package_identification:_identify(play_motion2) by extensions ['cmake', 'python']
[1.164s] Level 1:colcon.colcon_core.package_identification:_identify(play_motion2) by extension 'cmake'
[1.164s] Level 1:colcon.colcon_core.package_identification:_identify(play_motion2) by extension 'python'
[1.164s] Level 1:colcon.colcon_core.package_identification:_identify(play_motion2) by extensions ['python_setup_py']
[1.164s] Level 1:colcon.colcon_core.package_identification:_identify(play_motion2) by extension 'python_setup_py'
[1.165s] Level 1:colcon.colcon_core.package_identification:_identify(play_motion2/play_motion2) by extensions ['ignore', 'ignore_ament_install']
[1.165s] Level 1:colcon.colcon_core.package_identification:_identify(play_motion2/play_motion2) by extension 'ignore'
[1.165s] Level 1:colcon.colcon_core.package_identification:_identify(play_motion2/play_motion2) by extension 'ignore_ament_install'
[1.165s] Level 1:colcon.colcon_core.package_identification:_identify(play_motion2/play_motion2) by extensions ['colcon_pkg']
[1.165s] Level 1:colcon.colcon_core.package_identification:_identify(play_motion2/play_motion2) by extension 'colcon_pkg'
[1.165s] Level 1:colcon.colcon_core.package_identification:_identify(play_motion2/play_motion2) by extensions ['colcon_meta']
[1.165s] Level 1:colcon.colcon_core.package_identification:_identify(play_motion2/play_motion2) by extension 'colcon_meta'
[1.165s] Level 1:colcon.colcon_core.package_identification:_identify(play_motion2/play_motion2) by extensions ['ros']
[1.165s] Level 1:colcon.colcon_core.package_identification:_identify(play_motion2/play_motion2) by extension 'ros'
[1.170s] DEBUG:colcon.colcon_core.package_identification:Package 'play_motion2/play_motion2' with type 'ros.ament_cmake' and name 'play_motion2'
[1.170s] Level 1:colcon.colcon_core.package_identification:_identify(play_motion2/play_motion2_cli) by extensions ['ignore', 'ignore_ament_install']
[1.170s] Level 1:colcon.colcon_core.package_identification:_identify(play_motion2/play_motion2_cli) by extension 'ignore'
[1.170s] Level 1:colcon.colcon_core.package_identification:_identify(play_motion2/play_motion2_cli) by extension 'ignore_ament_install'
[1.170s] Level 1:colcon.colcon_core.package_identification:_identify(play_motion2/play_motion2_cli) by extensions ['colcon_pkg']
[1.170s] Level 1:colcon.colcon_core.package_identification:_identify(play_motion2/play_motion2_cli) by extension 'colcon_pkg'
[1.170s] Level 1:colcon.colcon_core.package_identification:_identify(play_motion2/play_motion2_cli) by extensions ['colcon_meta']
[1.171s] Level 1:colcon.colcon_core.package_identification:_identify(play_motion2/play_motion2_cli) by extension 'colcon_meta'
[1.171s] Level 1:colcon.colcon_core.package_identification:_identify(play_motion2/play_motion2_cli) by extensions ['ros']
[1.171s] Level 1:colcon.colcon_core.package_identification:_identify(play_motion2/play_motion2_cli) by extension 'ros'
[1.172s] DEBUG:colcon.colcon_core.package_identification:Package 'play_motion2/play_motion2_cli' with type 'ros.ament_python' and name 'play_motion2_cli'
[1.173s] Level 1:colcon.colcon_core.package_identification:_identify(play_motion2/play_motion2_msgs) by extensions ['ignore', 'ignore_ament_install']
[1.173s] Level 1:colcon.colcon_core.package_identification:_identify(play_motion2/play_motion2_msgs) by extension 'ignore'
[1.173s] Level 1:colcon.colcon_core.package_identification:_identify(play_motion2/play_motion2_msgs) by extension 'ignore_ament_install'
[1.173s] Level 1:colcon.colcon_core.package_identification:_identify(play_motion2/play_motion2_msgs) by extensions ['colcon_pkg']
[1.173s] Level 1:colcon.colcon_core.package_identification:_identify(play_motion2/play_motion2_msgs) by extension 'colcon_pkg'
[1.173s] Level 1:colcon.colcon_core.package_identification:_identify(play_motion2/play_motion2_msgs) by extensions ['colcon_meta']
[1.173s] Level 1:colcon.colcon_core.package_identification:_identify(play_motion2/play_motion2_msgs) by extension 'colcon_meta'
[1.173s] Level 1:colcon.colcon_core.package_identification:_identify(play_motion2/play_motion2_msgs) by extensions ['ros']
[1.173s] Level 1:colcon.colcon_core.package_identification:_identify(play_motion2/play_motion2_msgs) by extension 'ros'
[1.174s] DEBUG:colcon.colcon_core.package_identification:Package 'play_motion2/play_motion2_msgs' with type 'ros.ament_cmake' and name 'play_motion2_msgs'
[1.175s] Level 1:colcon.colcon_core.package_identification:_identify(pmb2_navigation) by extensions ['ignore', 'ignore_ament_install']
[1.175s] Level 1:colcon.colcon_core.package_identification:_identify(pmb2_navigation) by extension 'ignore'
[1.175s] Level 1:colcon.colcon_core.package_identification:_identify(pmb2_navigation) by extension 'ignore_ament_install'
[1.175s] Level 1:colcon.colcon_core.package_identification:_identify(pmb2_navigation) by extensions ['colcon_pkg']
[1.175s] Level 1:colcon.colcon_core.package_identification:_identify(pmb2_navigation) by extension 'colcon_pkg'
[1.175s] Level 1:colcon.colcon_core.package_identification:_identify(pmb2_navigation) by extensions ['colcon_meta']
[1.175s] Level 1:colcon.colcon_core.package_identification:_identify(pmb2_navigation) by extension 'colcon_meta'
[1.176s] Level 1:colcon.colcon_core.package_identification:_identify(pmb2_navigation) by extensions ['ros']
[1.176s] Level 1:colcon.colcon_core.package_identification:_identify(pmb2_navigation) by extension 'ros'
[1.176s] Level 1:colcon.colcon_core.package_identification:_identify(pmb2_navigation) by extensions ['cmake', 'python']
[1.176s] Level 1:colcon.colcon_core.package_identification:_identify(pmb2_navigation) by extension 'cmake'
[1.176s] Level 1:colcon.colcon_core.package_identification:_identify(pmb2_navigation) by extension 'python'
[1.176s] Level 1:colcon.colcon_core.package_identification:_identify(pmb2_navigation) by extensions ['python_setup_py']
[1.176s] Level 1:colcon.colcon_core.package_identification:_identify(pmb2_navigation) by extension 'python_setup_py'
[1.176s] Level 1:colcon.colcon_core.package_identification:_identify(pmb2_navigation/pmb2_2dnav) by extensions ['ignore', 'ignore_ament_install']
[1.177s] Level 1:colcon.colcon_core.package_identification:_identify(pmb2_navigation/pmb2_2dnav) by extension 'ignore'
[1.177s] Level 1:colcon.colcon_core.package_identification:_identify(pmb2_navigation/pmb2_2dnav) by extension 'ignore_ament_install'
[1.177s] Level 1:colcon.colcon_core.package_identification:_identify(pmb2_navigation/pmb2_2dnav) by extensions ['colcon_pkg']
[1.177s] Level 1:colcon.colcon_core.package_identification:_identify(pmb2_navigation/pmb2_2dnav) by extension 'colcon_pkg'
[1.177s] Level 1:colcon.colcon_core.package_identification:_identify(pmb2_navigation/pmb2_2dnav) by extensions ['colcon_meta']
[1.177s] Level 1:colcon.colcon_core.package_identification:_identify(pmb2_navigation/pmb2_2dnav) by extension 'colcon_meta'
[1.177s] Level 1:colcon.colcon_core.package_identification:_identify(pmb2_navigation/pmb2_2dnav) by extensions ['ros']
[1.177s] Level 1:colcon.colcon_core.package_identification:_identify(pmb2_navigation/pmb2_2dnav) by extension 'ros'
[1.205s] DEBUG:colcon.colcon_core.package_identification:Package 'pmb2_navigation/pmb2_2dnav' with type 'ros.ament_cmake' and name 'pmb2_2dnav'
[1.206s] Level 1:colcon.colcon_core.package_identification:_identify(pmb2_navigation/pmb2_laser_sensors) by extensions ['ignore', 'ignore_ament_install']
[1.206s] Level 1:colcon.colcon_core.package_identification:_identify(pmb2_navigation/pmb2_laser_sensors) by extension 'ignore'
[1.206s] Level 1:colcon.colcon_core.package_identification:_identify(pmb2_navigation/pmb2_laser_sensors) by extension 'ignore_ament_install'
[1.207s] Level 1:colcon.colcon_core.package_identification:_identify(pmb2_navigation/pmb2_laser_sensors) by extensions ['colcon_pkg']
[1.207s] Level 1:colcon.colcon_core.package_identification:_identify(pmb2_navigation/pmb2_laser_sensors) by extension 'colcon_pkg'
[1.207s] Level 1:colcon.colcon_core.package_identification:_identify(pmb2_navigation/pmb2_laser_sensors) by extensions ['colcon_meta']
[1.207s] Level 1:colcon.colcon_core.package_identification:_identify(pmb2_navigation/pmb2_laser_sensors) by extension 'colcon_meta'
[1.207s] Level 1:colcon.colcon_core.package_identification:_identify(pmb2_navigation/pmb2_laser_sensors) by extensions ['ros']
[1.207s] Level 1:colcon.colcon_core.package_identification:_identify(pmb2_navigation/pmb2_laser_sensors) by extension 'ros'
[1.212s] DEBUG:colcon.colcon_core.package_identification:Package 'pmb2_navigation/pmb2_laser_sensors' with type 'ros.ament_cmake' and name 'pmb2_laser_sensors'
[1.213s] Level 1:colcon.colcon_core.package_identification:_identify(pmb2_navigation/pmb2_navigation) by extensions ['ignore', 'ignore_ament_install']
[1.213s] Level 1:colcon.colcon_core.package_identification:_identify(pmb2_navigation/pmb2_navigation) by extension 'ignore'
[1.213s] Level 1:colcon.colcon_core.package_identification:_identify(pmb2_navigation/pmb2_navigation) by extension 'ignore_ament_install'
[1.213s] Level 1:colcon.colcon_core.package_identification:_identify(pmb2_navigation/pmb2_navigation) by extensions ['colcon_pkg']
[1.213s] Level 1:colcon.colcon_core.package_identification:_identify(pmb2_navigation/pmb2_navigation) by extension 'colcon_pkg'
[1.213s] Level 1:colcon.colcon_core.package_identification:_identify(pmb2_navigation/pmb2_navigation) by extensions ['colcon_meta']
[1.213s] Level 1:colcon.colcon_core.package_identification:_identify(pmb2_navigation/pmb2_navigation) by extension 'colcon_meta'
[1.213s] Level 1:colcon.colcon_core.package_identification:_identify(pmb2_navigation/pmb2_navigation) by extensions ['ros']
[1.213s] Level 1:colcon.colcon_core.package_identification:_identify(pmb2_navigation/pmb2_navigation) by extension 'ros'
[1.214s] DEBUG:colcon.colcon_core.package_identification:Package 'pmb2_navigation/pmb2_navigation' with type 'ros.ament_cmake' and name 'pmb2_navigation'
[1.215s] Level 1:colcon.colcon_core.package_identification:_identify(pmb2_navigation/pmb2_rgbd_sensors) by extensions ['ignore', 'ignore_ament_install']
[1.215s] Level 1:colcon.colcon_core.package_identification:_identify(pmb2_navigation/pmb2_rgbd_sensors) by extension 'ignore'
[1.215s] Level 1:colcon.colcon_core.package_identification:_identify(pmb2_navigation/pmb2_rgbd_sensors) by extension 'ignore_ament_install'
[1.215s] Level 1:colcon.colcon_core.package_identification:_identify(pmb2_navigation/pmb2_rgbd_sensors) by extensions ['colcon_pkg']
[1.215s] Level 1:colcon.colcon_core.package_identification:_identify(pmb2_navigation/pmb2_rgbd_sensors) by extension 'colcon_pkg'
[1.215s] Level 1:colcon.colcon_core.package_identification:_identify(pmb2_navigation/pmb2_rgbd_sensors) by extensions ['colcon_meta']
[1.215s] Level 1:colcon.colcon_core.package_identification:_identify(pmb2_navigation/pmb2_rgbd_sensors) by extension 'colcon_meta'
[1.215s] Level 1:colcon.colcon_core.package_identification:_identify(pmb2_navigation/pmb2_rgbd_sensors) by extensions ['ros']
[1.215s] Level 1:colcon.colcon_core.package_identification:_identify(pmb2_navigation/pmb2_rgbd_sensors) by extension 'ros'
[1.218s] DEBUG:colcon.colcon_core.package_identification:Package 'pmb2_navigation/pmb2_rgbd_sensors' with type 'ros.ament_cmake' and name 'pmb2_rgbd_sensors'
[1.219s] Level 1:colcon.colcon_core.package_identification:_identify(pmb2_robot) by extensions ['ignore', 'ignore_ament_install']
[1.219s] Level 1:colcon.colcon_core.package_identification:_identify(pmb2_robot) by extension 'ignore'
[1.220s] Level 1:colcon.colcon_core.package_identification:_identify(pmb2_robot) by extension 'ignore_ament_install'
[1.220s] Level 1:colcon.colcon_core.package_identification:_identify(pmb2_robot) by extensions ['colcon_pkg']
[1.220s] Level 1:colcon.colcon_core.package_identification:_identify(pmb2_robot) by extension 'colcon_pkg'
[1.220s] Level 1:colcon.colcon_core.package_identification:_identify(pmb2_robot) by extensions ['colcon_meta']
[1.220s] Level 1:colcon.colcon_core.package_identification:_identify(pmb2_robot) by extension 'colcon_meta'
[1.220s] Level 1:colcon.colcon_core.package_identification:_identify(pmb2_robot) by extensions ['ros']
[1.220s] Level 1:colcon.colcon_core.package_identification:_identify(pmb2_robot) by extension 'ros'
[1.220s] Level 1:colcon.colcon_core.package_identification:_identify(pmb2_robot) by extensions ['cmake', 'python']
[1.220s] Level 1:colcon.colcon_core.package_identification:_identify(pmb2_robot) by extension 'cmake'
[1.220s] Level 1:colcon.colcon_core.package_identification:_identify(pmb2_robot) by extension 'python'
[1.220s] Level 1:colcon.colcon_core.package_identification:_identify(pmb2_robot) by extensions ['python_setup_py']
[1.220s] Level 1:colcon.colcon_core.package_identification:_identify(pmb2_robot) by extension 'python_setup_py'
[1.221s] Level 1:colcon.colcon_core.package_identification:_identify(pmb2_robot/pmb2_bringup) by extensions ['ignore', 'ignore_ament_install']
[1.221s] Level 1:colcon.colcon_core.package_identification:_identify(pmb2_robot/pmb2_bringup) by extension 'ignore'
[1.221s] Level 1:colcon.colcon_core.package_identification:_identify(pmb2_robot/pmb2_bringup) by extension 'ignore_ament_install'
[1.221s] Level 1:colcon.colcon_core.package_identification:_identify(pmb2_robot/pmb2_bringup) by extensions ['colcon_pkg']
[1.221s] Level 1:colcon.colcon_core.package_identification:_identify(pmb2_robot/pmb2_bringup) by extension 'colcon_pkg'
[1.221s] Level 1:colcon.colcon_core.package_identification:_identify(pmb2_robot/pmb2_bringup) by extensions ['colcon_meta']
[1.221s] Level 1:colcon.colcon_core.package_identification:_identify(pmb2_robot/pmb2_bringup) by extension 'colcon_meta'
[1.221s] Level 1:colcon.colcon_core.package_identification:_identify(pmb2_robot/pmb2_bringup) by extensions ['ros']
[1.221s] Level 1:colcon.colcon_core.package_identification:_identify(pmb2_robot/pmb2_bringup) by extension 'ros'
[1.224s] DEBUG:colcon.colcon_core.package_identification:Package 'pmb2_robot/pmb2_bringup' with type 'ros.ament_cmake' and name 'pmb2_bringup'
[1.225s] Level 1:colcon.colcon_core.package_identification:_identify(pmb2_robot/pmb2_controller_configuration) by extensions ['ignore', 'ignore_ament_install']
[1.225s] Level 1:colcon.colcon_core.package_identification:_identify(pmb2_robot/pmb2_controller_configuration) by extension 'ignore'
[1.225s] Level 1:colcon.colcon_core.package_identification:_identify(pmb2_robot/pmb2_controller_configuration) by extension 'ignore_ament_install'
[1.225s] Level 1:colcon.colcon_core.package_identification:_identify(pmb2_robot/pmb2_controller_configuration) by extensions ['colcon_pkg']
[1.225s] Level 1:colcon.colcon_core.package_identification:_identify(pmb2_robot/pmb2_controller_configuration) by extension 'colcon_pkg'
[1.225s] Level 1:colcon.colcon_core.package_identification:_identify(pmb2_robot/pmb2_controller_configuration) by extensions ['colcon_meta']
[1.225s] Level 1:colcon.colcon_core.package_identification:_identify(pmb2_robot/pmb2_controller_configuration) by extension 'colcon_meta'
[1.225s] Level 1:colcon.colcon_core.package_identification:_identify(pmb2_robot/pmb2_controller_configuration) by extensions ['ros']
[1.225s] Level 1:colcon.colcon_core.package_identification:_identify(pmb2_robot/pmb2_controller_configuration) by extension 'ros'
[1.227s] DEBUG:colcon.colcon_core.package_identification:Package 'pmb2_robot/pmb2_controller_configuration' with type 'ros.ament_cmake' and name 'pmb2_controller_configuration'
[1.227s] Level 1:colcon.colcon_core.package_identification:_identify(pmb2_robot/pmb2_description) by extensions ['ignore', 'ignore_ament_install']
[1.227s] Level 1:colcon.colcon_core.package_identification:_identify(pmb2_robot/pmb2_description) by extension 'ignore'
[1.227s] Level 1:colcon.colcon_core.package_identification:_identify(pmb2_robot/pmb2_description) by extension 'ignore_ament_install'
[1.227s] Level 1:colcon.colcon_core.package_identification:_identify(pmb2_robot/pmb2_description) by extensions ['colcon_pkg']
[1.227s] Level 1:colcon.colcon_core.package_identification:_identify(pmb2_robot/pmb2_description) by extension 'colcon_pkg'
[1.228s] Level 1:colcon.colcon_core.package_identification:_identify(pmb2_robot/pmb2_description) by extensions ['colcon_meta']
[1.228s] Level 1:colcon.colcon_core.package_identification:_identify(pmb2_robot/pmb2_description) by extension 'colcon_meta'
[1.228s] Level 1:colcon.colcon_core.package_identification:_identify(pmb2_robot/pmb2_description) by extensions ['ros']
[1.228s] Level 1:colcon.colcon_core.package_identification:_identify(pmb2_robot/pmb2_description) by extension 'ros'
[1.230s] DEBUG:colcon.colcon_core.package_identification:Package 'pmb2_robot/pmb2_description' with type 'ros.ament_cmake' and name 'pmb2_description'
[1.230s] Level 1:colcon.colcon_core.package_identification:_identify(pmb2_robot/pmb2_robot) by extensions ['ignore', 'ignore_ament_install']
[1.230s] Level 1:colcon.colcon_core.package_identification:_identify(pmb2_robot/pmb2_robot) by extension 'ignore'
[1.230s] Level 1:colcon.colcon_core.package_identification:_identify(pmb2_robot/pmb2_robot) by extension 'ignore_ament_install'
[1.230s] Level 1:colcon.colcon_core.package_identification:_identify(pmb2_robot/pmb2_robot) by extensions ['colcon_pkg']
[1.230s] Level 1:colcon.colcon_core.package_identification:_identify(pmb2_robot/pmb2_robot) by extension 'colcon_pkg'
[1.231s] Level 1:colcon.colcon_core.package_identification:_identify(pmb2_robot/pmb2_robot) by extensions ['colcon_meta']
[1.231s] Level 1:colcon.colcon_core.package_identification:_identify(pmb2_robot/pmb2_robot) by extension 'colcon_meta'
[1.231s] Level 1:colcon.colcon_core.package_identification:_identify(pmb2_robot/pmb2_robot) by extensions ['ros']
[1.231s] Level 1:colcon.colcon_core.package_identification:_identify(pmb2_robot/pmb2_robot) by extension 'ros'
[1.232s] DEBUG:colcon.colcon_core.package_identification:Package 'pmb2_robot/pmb2_robot' with type 'ros.ament_cmake' and name 'pmb2_robot'
[1.233s] Level 1:colcon.colcon_core.package_identification:_identify(tiago_moveit_config) by extensions ['ignore', 'ignore_ament_install']
[1.233s] Level 1:colcon.colcon_core.package_identification:_identify(tiago_moveit_config) by extension 'ignore'
[1.233s] Level 1:colcon.colcon_core.package_identification:_identify(tiago_moveit_config) by extension 'ignore_ament_install'
[1.233s] Level 1:colcon.colcon_core.package_identification:_identify(tiago_moveit_config) by extensions ['colcon_pkg']
[1.233s] Level 1:colcon.colcon_core.package_identification:_identify(tiago_moveit_config) by extension 'colcon_pkg'
[1.233s] Level 1:colcon.colcon_core.package_identification:_identify(tiago_moveit_config) by extensions ['colcon_meta']
[1.233s] Level 1:colcon.colcon_core.package_identification:_identify(tiago_moveit_config) by extension 'colcon_meta'
[1.233s] Level 1:colcon.colcon_core.package_identification:_identify(tiago_moveit_config) by extensions ['ros']
[1.234s] Level 1:colcon.colcon_core.package_identification:_identify(tiago_moveit_config) by extension 'ros'
[1.235s] DEBUG:colcon.colcon_core.package_identification:Package 'tiago_moveit_config' with type 'ros.ament_cmake' and name 'tiago_moveit_config'
[1.235s] Level 1:colcon.colcon_core.package_identification:_identify(tiago_navigation) by extensions ['ignore', 'ignore_ament_install']
[1.235s] Level 1:colcon.colcon_core.package_identification:_identify(tiago_navigation) by extension 'ignore'
[1.236s] Level 1:colcon.colcon_core.package_identification:_identify(tiago_navigation) by extension 'ignore_ament_install'
[1.236s] Level 1:colcon.colcon_core.package_identification:_identify(tiago_navigation) by extensions ['colcon_pkg']
[1.236s] Level 1:colcon.colcon_core.package_identification:_identify(tiago_navigation) by extension 'colcon_pkg'
[1.236s] Level 1:colcon.colcon_core.package_identification:_identify(tiago_navigation) by extensions ['colcon_meta']
[1.236s] Level 1:colcon.colcon_core.package_identification:_identify(tiago_navigation) by extension 'colcon_meta'
[1.236s] Level 1:colcon.colcon_core.package_identification:_identify(tiago_navigation) by extensions ['ros']
[1.236s] Level 1:colcon.colcon_core.package_identification:_identify(tiago_navigation) by extension 'ros'
[1.236s] Level 1:colcon.colcon_core.package_identification:_identify(tiago_navigation) by extensions ['cmake', 'python']
[1.236s] Level 1:colcon.colcon_core.package_identification:_identify(tiago_navigation) by extension 'cmake'
[1.236s] Level 1:colcon.colcon_core.package_identification:_identify(tiago_navigation) by extension 'python'
[1.236s] Level 1:colcon.colcon_core.package_identification:_identify(tiago_navigation) by extensions ['python_setup_py']
[1.236s] Level 1:colcon.colcon_core.package_identification:_identify(tiago_navigation) by extension 'python_setup_py'
[1.237s] Level 1:colcon.colcon_core.package_identification:_identify(tiago_navigation/tiago_2dnav) by extensions ['ignore', 'ignore_ament_install']
[1.237s] Level 1:colcon.colcon_core.package_identification:_identify(tiago_navigation/tiago_2dnav) by extension 'ignore'
[1.237s] Level 1:colcon.colcon_core.package_identification:_identify(tiago_navigation/tiago_2dnav) by extension 'ignore_ament_install'
[1.237s] Level 1:colcon.colcon_core.package_identification:_identify(tiago_navigation/tiago_2dnav) by extensions ['colcon_pkg']
[1.237s] Level 1:colcon.colcon_core.package_identification:_identify(tiago_navigation/tiago_2dnav) by extension 'colcon_pkg'
[1.237s] Level 1:colcon.colcon_core.package_identification:_identify(tiago_navigation/tiago_2dnav) by extensions ['colcon_meta']
[1.237s] Level 1:colcon.colcon_core.package_identification:_identify(tiago_navigation/tiago_2dnav) by extension 'colcon_meta'
[1.237s] Level 1:colcon.colcon_core.package_identification:_identify(tiago_navigation/tiago_2dnav) by extensions ['ros']
[1.237s] Level 1:colcon.colcon_core.package_identification:_identify(tiago_navigation/tiago_2dnav) by extension 'ros'
[1.238s] DEBUG:colcon.colcon_core.package_identification:Package 'tiago_navigation/tiago_2dnav' with type 'ros.ament_cmake' and name 'tiago_2dnav'
[1.239s] Level 1:colcon.colcon_core.package_identification:_identify(tiago_navigation/tiago_laser_sensors) by extensions ['ignore', 'ignore_ament_install']
[1.239s] Level 1:colcon.colcon_core.package_identification:_identify(tiago_navigation/tiago_laser_sensors) by extension 'ignore'
[1.239s] Level 1:colcon.colcon_core.package_identification:_identify(tiago_navigation/tiago_laser_sensors) by extension 'ignore_ament_install'
[1.239s] Level 1:colcon.colcon_core.package_identification:_identify(tiago_navigation/tiago_laser_sensors) by extensions ['colcon_pkg']
[1.239s] Level 1:colcon.colcon_core.package_identification:_identify(tiago_navigation/tiago_laser_sensors) by extension 'colcon_pkg'
[1.239s] Level 1:colcon.colcon_core.package_identification:_identify(tiago_navigation/tiago_laser_sensors) by extensions ['colcon_meta']
[1.239s] Level 1:colcon.colcon_core.package_identification:_identify(tiago_navigation/tiago_laser_sensors) by extension 'colcon_meta'
[1.239s] Level 1:colcon.colcon_core.package_identification:_identify(tiago_navigation/tiago_laser_sensors) by extensions ['ros']
[1.239s] Level 1:colcon.colcon_core.package_identification:_identify(tiago_navigation/tiago_laser_sensors) by extension 'ros'
[1.240s] DEBUG:colcon.colcon_core.package_identification:Package 'tiago_navigation/tiago_laser_sensors' with type 'ros.ament_cmake' and name 'tiago_laser_sensors'
[1.240s] Level 1:colcon.colcon_core.package_identification:_identify(tiago_navigation/tiago_navigation) by extensions ['ignore', 'ignore_ament_install']
[1.241s] Level 1:colcon.colcon_core.package_identification:_identify(tiago_navigation/tiago_navigation) by extension 'ignore'
[1.241s] Level 1:colcon.colcon_core.package_identification:_identify(tiago_navigation/tiago_navigation) by extension 'ignore_ament_install'
[1.241s] Level 1:colcon.colcon_core.package_identification:_identify(tiago_navigation/tiago_navigation) by extensions ['colcon_pkg']
[1.241s] Level 1:colcon.colcon_core.package_identification:_identify(tiago_navigation/tiago_navigation) by extension 'colcon_pkg'
[1.241s] Level 1:colcon.colcon_core.package_identification:_identify(tiago_navigation/tiago_navigation) by extensions ['colcon_meta']
[1.241s] Level 1:colcon.colcon_core.package_identification:_identify(tiago_navigation/tiago_navigation) by extension 'colcon_meta'
[1.241s] Level 1:colcon.colcon_core.package_identification:_identify(tiago_navigation/tiago_navigation) by extensions ['ros']
[1.241s] Level 1:colcon.colcon_core.package_identification:_identify(tiago_navigation/tiago_navigation) by extension 'ros'
[1.243s] DEBUG:colcon.colcon_core.package_identification:Package 'tiago_navigation/tiago_navigation' with type 'ros.ament_cmake' and name 'tiago_navigation'
[1.243s] Level 1:colcon.colcon_core.package_identification:_identify(tiago_navigation/tiago_rgbd_sensors) by extensions ['ignore', 'ignore_ament_install']
[1.243s] Level 1:colcon.colcon_core.package_identification:_identify(tiago_navigation/tiago_rgbd_sensors) by extension 'ignore'
[1.243s] Level 1:colcon.colcon_core.package_identification:_identify(tiago_navigation/tiago_rgbd_sensors) by extension 'ignore_ament_install'
[1.243s] Level 1:colcon.colcon_core.package_identification:_identify(tiago_navigation/tiago_rgbd_sensors) by extensions ['colcon_pkg']
[1.243s] Level 1:colcon.colcon_core.package_identification:_identify(tiago_navigation/tiago_rgbd_sensors) by extension 'colcon_pkg'
[1.243s] Level 1:colcon.colcon_core.package_identification:_identify(tiago_navigation/tiago_rgbd_sensors) by extensions ['colcon_meta']
[1.243s] Level 1:colcon.colcon_core.package_identification:_identify(tiago_navigation/tiago_rgbd_sensors) by extension 'colcon_meta'
[1.243s] Level 1:colcon.colcon_core.package_identification:_identify(tiago_navigation/tiago_rgbd_sensors) by extensions ['ros']
[1.243s] Level 1:colcon.colcon_core.package_identification:_identify(tiago_navigation/tiago_rgbd_sensors) by extension 'ros'
[1.246s] DEBUG:colcon.colcon_core.package_identification:Package 'tiago_navigation/tiago_rgbd_sensors' with type 'ros.ament_cmake' and name 'tiago_rgbd_sensors'
[1.246s] Level 1:colcon.colcon_core.package_identification:_identify(tiago_robot) by extensions ['ignore', 'ignore_ament_install']
[1.246s] Level 1:colcon.colcon_core.package_identification:_identify(tiago_robot) by extension 'ignore'
[1.246s] Level 1:colcon.colcon_core.package_identification:_identify(tiago_robot) by extension 'ignore_ament_install'
[1.246s] Level 1:colcon.colcon_core.package_identification:_identify(tiago_robot) by extensions ['colcon_pkg']
[1.247s] Level 1:colcon.colcon_core.package_identification:_identify(tiago_robot) by extension 'colcon_pkg'
[1.247s] Level 1:colcon.colcon_core.package_identification:_identify(tiago_robot) by extensions ['colcon_meta']
[1.247s] Level 1:colcon.colcon_core.package_identification:_identify(tiago_robot) by extension 'colcon_meta'
[1.247s] Level 1:colcon.colcon_core.package_identification:_identify(tiago_robot) by extensions ['ros']
[1.247s] Level 1:colcon.colcon_core.package_identification:_identify(tiago_robot) by extension 'ros'
[1.247s] Level 1:colcon.colcon_core.package_identification:_identify(tiago_robot) by extensions ['cmake', 'python']
[1.247s] Level 1:colcon.colcon_core.package_identification:_identify(tiago_robot) by extension 'cmake'
[1.247s] Level 1:colcon.colcon_core.package_identification:_identify(tiago_robot) by extension 'python'
[1.247s] Level 1:colcon.colcon_core.package_identification:_identify(tiago_robot) by extensions ['python_setup_py']
[1.247s] Level 1:colcon.colcon_core.package_identification:_identify(tiago_robot) by extension 'python_setup_py'
[1.247s] Level 1:colcon.colcon_core.package_identification:_identify(tiago_robot/tiago_bringup) by extensions ['ignore', 'ignore_ament_install']
[1.247s] Level 1:colcon.colcon_core.package_identification:_identify(tiago_robot/tiago_bringup) by extension 'ignore'
[1.247s] Level 1:colcon.colcon_core.package_identification:_identify(tiago_robot/tiago_bringup) by extension 'ignore_ament_install'
[1.248s] Level 1:colcon.colcon_core.package_identification:_identify(tiago_robot/tiago_bringup) by extensions ['colcon_pkg']
[1.248s] Level 1:colcon.colcon_core.package_identification:_identify(tiago_robot/tiago_bringup) by extension 'colcon_pkg'
[1.248s] Level 1:colcon.colcon_core.package_identification:_identify(tiago_robot/tiago_bringup) by extensions ['colcon_meta']
[1.248s] Level 1:colcon.colcon_core.package_identification:_identify(tiago_robot/tiago_bringup) by extension 'colcon_meta'
[1.248s] Level 1:colcon.colcon_core.package_identification:_identify(tiago_robot/tiago_bringup) by extensions ['ros']
[1.248s] Level 1:colcon.colcon_core.package_identification:_identify(tiago_robot/tiago_bringup) by extension 'ros'
[1.250s] DEBUG:colcon.colcon_core.package_identification:Package 'tiago_robot/tiago_bringup' with type 'ros.ament_cmake' and name 'tiago_bringup'
[1.250s] Level 1:colcon.colcon_core.package_identification:_identify(tiago_robot/tiago_controller_configuration) by extensions ['ignore', 'ignore_ament_install']
[1.250s] Level 1:colcon.colcon_core.package_identification:_identify(tiago_robot/tiago_controller_configuration) by extension 'ignore'
[1.250s] Level 1:colcon.colcon_core.package_identification:_identify(tiago_robot/tiago_controller_configuration) by extension 'ignore_ament_install'
[1.250s] Level 1:colcon.colcon_core.package_identification:_identify(tiago_robot/tiago_controller_configuration) by extensions ['colcon_pkg']
[1.250s] Level 1:colcon.colcon_core.package_identification:_identify(tiago_robot/tiago_controller_configuration) by extension 'colcon_pkg'
[1.251s] Level 1:colcon.colcon_core.package_identification:_identify(tiago_robot/tiago_controller_configuration) by extensions ['colcon_meta']
[1.251s] Level 1:colcon.colcon_core.package_identification:_identify(tiago_robot/tiago_controller_configuration) by extension 'colcon_meta'
[1.251s] Level 1:colcon.colcon_core.package_identification:_identify(tiago_robot/tiago_controller_configuration) by extensions ['ros']
[1.251s] Level 1:colcon.colcon_core.package_identification:_identify(tiago_robot/tiago_controller_configuration) by extension 'ros'
[1.253s] DEBUG:colcon.colcon_core.package_identification:Package 'tiago_robot/tiago_controller_configuration' with type 'ros.ament_cmake' and name 'tiago_controller_configuration'
[1.253s] Level 1:colcon.colcon_core.package_identification:_identify(tiago_robot/tiago_description) by extensions ['ignore', 'ignore_ament_install']
[1.254s] Level 1:colcon.colcon_core.package_identification:_identify(tiago_robot/tiago_description) by extension 'ignore'
[1.254s] Level 1:colcon.colcon_core.package_identification:_identify(tiago_robot/tiago_description) by extension 'ignore_ament_install'
[1.254s] Level 1:colcon.colcon_core.package_identification:_identify(tiago_robot/tiago_description) by extensions ['colcon_pkg']
[1.254s] Level 1:colcon.colcon_core.package_identification:_identify(tiago_robot/tiago_description) by extension 'colcon_pkg'
[1.254s] Level 1:colcon.colcon_core.package_identification:_identify(tiago_robot/tiago_description) by extensions ['colcon_meta']
[1.254s] Level 1:colcon.colcon_core.package_identification:_identify(tiago_robot/tiago_description) by extension 'colcon_meta'
[1.254s] Level 1:colcon.colcon_core.package_identification:_identify(tiago_robot/tiago_description) by extensions ['ros']
[1.254s] Level 1:colcon.colcon_core.package_identification:_identify(tiago_robot/tiago_description) by extension 'ros'
[1.256s] DEBUG:colcon.colcon_core.package_identification:Package 'tiago_robot/tiago_description' with type 'ros.ament_cmake' and name 'tiago_description'
[1.256s] Level 1:colcon.colcon_core.package_identification:_identify(tiago_robot/tiago_robot) by extensions ['ignore', 'ignore_ament_install']
[1.256s] Level 1:colcon.colcon_core.package_identification:_identify(tiago_robot/tiago_robot) by extension 'ignore'
[1.256s] Level 1:colcon.colcon_core.package_identification:_identify(tiago_robot/tiago_robot) by extension 'ignore_ament_install'
[1.256s] Level 1:colcon.colcon_core.package_identification:_identify(tiago_robot/tiago_robot) by extensions ['colcon_pkg']
[1.256s] Level 1:colcon.colcon_core.package_identification:_identify(tiago_robot/tiago_robot) by extension 'colcon_pkg'
[1.256s] Level 1:colcon.colcon_core.package_identification:_identify(tiago_robot/tiago_robot) by extensions ['colcon_meta']
[1.256s] Level 1:colcon.colcon_core.package_identification:_identify(tiago_robot/tiago_robot) by extension 'colcon_meta'
[1.256s] Level 1:colcon.colcon_core.package_identification:_identify(tiago_robot/tiago_robot) by extensions ['ros']
[1.256s] Level 1:colcon.colcon_core.package_identification:_identify(tiago_robot/tiago_robot) by extension 'ros'
[1.257s] DEBUG:colcon.colcon_core.package_identification:Package 'tiago_robot/tiago_robot' with type 'ros.ament_cmake' and name 'tiago_robot'
[1.257s] Level 1:colcon.colcon_core.package_identification:_identify(tiago_simulation) by extensions ['ignore', 'ignore_ament_install']
[1.257s] Level 1:colcon.colcon_core.package_identification:_identify(tiago_simulation) by extension 'ignore'
[1.257s] Level 1:colcon.colcon_core.package_identification:_identify(tiago_simulation) by extension 'ignore_ament_install'
[1.258s] Level 1:colcon.colcon_core.package_identification:_identify(tiago_simulation) by extensions ['colcon_pkg']
[1.258s] Level 1:colcon.colcon_core.package_identification:_identify(tiago_simulation) by extension 'colcon_pkg'
[1.258s] Level 1:colcon.colcon_core.package_identification:_identify(tiago_simulation) by extensions ['colcon_meta']
[1.258s] Level 1:colcon.colcon_core.package_identification:_identify(tiago_simulation) by extension 'colcon_meta'
[1.258s] Level 1:colcon.colcon_core.package_identification:_identify(tiago_simulation) by extensions ['ros']
[1.258s] Level 1:colcon.colcon_core.package_identification:_identify(tiago_simulation) by extension 'ros'
[1.258s] Level 1:colcon.colcon_core.package_identification:_identify(tiago_simulation) by extensions ['cmake', 'python']
[1.258s] Level 1:colcon.colcon_core.package_identification:_identify(tiago_simulation) by extension 'cmake'
[1.258s] Level 1:colcon.colcon_core.package_identification:_identify(tiago_simulation) by extension 'python'
[1.258s] Level 1:colcon.colcon_core.package_identification:_identify(tiago_simulation) by extensions ['python_setup_py']
[1.258s] Level 1:colcon.colcon_core.package_identification:_identify(tiago_simulation) by extension 'python_setup_py'
[1.258s] Level 1:colcon.colcon_core.package_identification:_identify(tiago_simulation/doc) by extensions ['ignore', 'ignore_ament_install']
[1.258s] Level 1:colcon.colcon_core.package_identification:_identify(tiago_simulation/doc) by extension 'ignore'
[1.258s] Level 1:colcon.colcon_core.package_identification:_identify(tiago_simulation/doc) by extension 'ignore_ament_install'
[1.258s] Level 1:colcon.colcon_core.package_identification:_identify(tiago_simulation/doc) by extensions ['colcon_pkg']
[1.258s] Level 1:colcon.colcon_core.package_identification:_identify(tiago_simulation/doc) by extension 'colcon_pkg'
[1.258s] Level 1:colcon.colcon_core.package_identification:_identify(tiago_simulation/doc) by extensions ['colcon_meta']
[1.258s] Level 1:colcon.colcon_core.package_identification:_identify(tiago_simulation/doc) by extension 'colcon_meta'
[1.258s] Level 1:colcon.colcon_core.package_identification:_identify(tiago_simulation/doc) by extensions ['ros']
[1.258s] Level 1:colcon.colcon_core.package_identification:_identify(tiago_simulation/doc) by extension 'ros'
[1.259s] Level 1:colcon.colcon_core.package_identification:_identify(tiago_simulation/doc) by extensions ['cmake', 'python']
[1.259s] Level 1:colcon.colcon_core.package_identification:_identify(tiago_simulation/doc) by extension 'cmake'
[1.259s] Level 1:colcon.colcon_core.package_identification:_identify(tiago_simulation/doc) by extension 'python'
[1.259s] Level 1:colcon.colcon_core.package_identification:_identify(tiago_simulation/doc) by extensions ['python_setup_py']
[1.259s] Level 1:colcon.colcon_core.package_identification:_identify(tiago_simulation/doc) by extension 'python_setup_py'
[1.259s] Level 1:colcon.colcon_core.package_identification:_identify(tiago_simulation/doc/media) by extensions ['ignore', 'ignore_ament_install']
[1.259s] Level 1:colcon.colcon_core.package_identification:_identify(tiago_simulation/doc/media) by extension 'ignore'
[1.259s] Level 1:colcon.colcon_core.package_identification:_identify(tiago_simulation/doc/media) by extension 'ignore_ament_install'
[1.259s] Level 1:colcon.colcon_core.package_identification:_identify(tiago_simulation/doc/media) by extensions ['colcon_pkg']
[1.259s] Level 1:colcon.colcon_core.package_identification:_identify(tiago_simulation/doc/media) by extension 'colcon_pkg'
[1.259s] Level 1:colcon.colcon_core.package_identification:_identify(tiago_simulation/doc/media) by extensions ['colcon_meta']
[1.259s] Level 1:colcon.colcon_core.package_identification:_identify(tiago_simulation/doc/media) by extension 'colcon_meta'
[1.259s] Level 1:colcon.colcon_core.package_identification:_identify(tiago_simulation/doc/media) by extensions ['ros']
[1.259s] Level 1:colcon.colcon_core.package_identification:_identify(tiago_simulation/doc/media) by extension 'ros'
[1.259s] Level 1:colcon.colcon_core.package_identification:_identify(tiago_simulation/doc/media) by extensions ['cmake', 'python']
[1.259s] Level 1:colcon.colcon_core.package_identification:_identify(tiago_simulation/doc/media) by extension 'cmake'
[1.259s] Level 1:colcon.colcon_core.package_identification:_identify(tiago_simulation/doc/media) by extension 'python'
[1.259s] Level 1:colcon.colcon_core.package_identification:_identify(tiago_simulation/doc/media) by extensions ['python_setup_py']
[1.259s] Level 1:colcon.colcon_core.package_identification:_identify(tiago_simulation/doc/media) by extension 'python_setup_py'
[1.260s] Level 1:colcon.colcon_core.package_identification:_identify(tiago_simulation/tiago_gazebo) by extensions ['ignore', 'ignore_ament_install']
[1.260s] Level 1:colcon.colcon_core.package_identification:_identify(tiago_simulation/tiago_gazebo) by extension 'ignore'
[1.260s] Level 1:colcon.colcon_core.package_identification:_identify(tiago_simulation/tiago_gazebo) by extension 'ignore_ament_install'
[1.260s] Level 1:colcon.colcon_core.package_identification:_identify(tiago_simulation/tiago_gazebo) by extensions ['colcon_pkg']
[1.260s] Level 1:colcon.colcon_core.package_identification:_identify(tiago_simulation/tiago_gazebo) by extension 'colcon_pkg'
[1.260s] Level 1:colcon.colcon_core.package_identification:_identify(tiago_simulation/tiago_gazebo) by extensions ['colcon_meta']
[1.260s] Level 1:colcon.colcon_core.package_identification:_identify(tiago_simulation/tiago_gazebo) by extension 'colcon_meta'
[1.260s] Level 1:colcon.colcon_core.package_identification:_identify(tiago_simulation/tiago_gazebo) by extensions ['ros']
[1.260s] Level 1:colcon.colcon_core.package_identification:_identify(tiago_simulation/tiago_gazebo) by extension 'ros'
[1.263s] DEBUG:colcon.colcon_core.package_identification:Package 'tiago_simulation/tiago_gazebo' with type 'ros.ament_cmake' and name 'tiago_gazebo'
[1.263s] Level 1:colcon.colcon_core.package_identification:_identify(tiago_simulation/tiago_multi) by extensions ['ignore', 'ignore_ament_install']
[1.263s] Level 1:colcon.colcon_core.package_identification:_identify(tiago_simulation/tiago_multi) by extension 'ignore'
[1.263s] Level 1:colcon.colcon_core.package_identification:_identify(tiago_simulation/tiago_multi) ignored
[1.263s] Level 1:colcon.colcon_core.package_identification:_identify(tiago_simulation/tiago_simulation) by extensions ['ignore', 'ignore_ament_install']
[1.263s] Level 1:colcon.colcon_core.package_identification:_identify(tiago_simulation/tiago_simulation) by extension 'ignore'
[1.263s] Level 1:colcon.colcon_core.package_identification:_identify(tiago_simulation/tiago_simulation) by extension 'ignore_ament_install'
[1.263s] Level 1:colcon.colcon_core.package_identification:_identify(tiago_simulation/tiago_simulation) by extensions ['colcon_pkg']
[1.264s] Level 1:colcon.colcon_core.package_identification:_identify(tiago_simulation/tiago_simulation) by extension 'colcon_pkg'
[1.264s] Level 1:colcon.colcon_core.package_identification:_identify(tiago_simulation/tiago_simulation) by extensions ['colcon_meta']
[1.264s] Level 1:colcon.colcon_core.package_identification:_identify(tiago_simulation/tiago_simulation) by extension 'colcon_meta'
[1.264s] Level 1:colcon.colcon_core.package_identification:_identify(tiago_simulation/tiago_simulation) by extensions ['ros']
[1.264s] Level 1:colcon.colcon_core.package_identification:_identify(tiago_simulation/tiago_simulation) by extension 'ros'
[1.265s] DEBUG:colcon.colcon_core.package_identification:Package 'tiago_simulation/tiago_simulation' with type 'ros.ament_cmake' and name 'tiago_simulation'
[1.265s] Level 1:colcon.colcon_core.package_identification:_identify(ticare_vision) by extensions ['ignore', 'ignore_ament_install']
[1.265s] Level 1:colcon.colcon_core.package_identification:_identify(ticare_vision) by extension 'ignore'
[1.266s] Level 1:colcon.colcon_core.package_identification:_identify(ticare_vision) by extension 'ignore_ament_install'
[1.266s] Level 1:colcon.colcon_core.package_identification:_identify(ticare_vision) by extensions ['colcon_pkg']
[1.266s] Level 1:colcon.colcon_core.package_identification:_identify(ticare_vision) by extension 'colcon_pkg'
[1.266s] Level 1:colcon.colcon_core.package_identification:_identify(ticare_vision) by extensions ['colcon_meta']
[1.266s] Level 1:colcon.colcon_core.package_identification:_identify(ticare_vision) by extension 'colcon_meta'
[1.266s] Level 1:colcon.colcon_core.package_identification:_identify(ticare_vision) by extensions ['ros']
[1.266s] Level 1:colcon.colcon_core.package_identification:_identify(ticare_vision) by extension 'ros'
[1.267s] DEBUG:colcon.colcon_core.package_identification:Package 'ticare_vision' with type 'ros.ament_python' and name 'ticare_vision'
[1.267s] Level 1:colcon.colcon_core.package_identification:_identify(urdf_test) by extensions ['ignore', 'ignore_ament_install']
[1.268s] Level 1:colcon.colcon_core.package_identification:_identify(urdf_test) by extension 'ignore'
[1.268s] Level 1:colcon.colcon_core.package_identification:_identify(urdf_test) by extension 'ignore_ament_install'
[1.268s] Level 1:colcon.colcon_core.package_identification:_identify(urdf_test) by extensions ['colcon_pkg']
[1.268s] Level 1:colcon.colcon_core.package_identification:_identify(urdf_test) by extension 'colcon_pkg'
[1.268s] Level 1:colcon.colcon_core.package_identification:_identify(urdf_test) by extensions ['colcon_meta']
[1.268s] Level 1:colcon.colcon_core.package_identification:_identify(urdf_test) by extension 'colcon_meta'
[1.268s] Level 1:colcon.colcon_core.package_identification:_identify(urdf_test) by extensions ['ros']
[1.268s] Level 1:colcon.colcon_core.package_identification:_identify(urdf_test) by extension 'ros'
[1.269s] DEBUG:colcon.colcon_core.package_identification:Package 'urdf_test' with type 'ros.ament_cmake' and name 'urdf_test'
[1.269s] Level 1:colcon.colcon_core.package_discovery:discover_packages(recursive) using defaults
[1.269s] Level 1:colcon.colcon_core.package_discovery:discover_packages(ignore) discover
[1.269s] Level 1:colcon.colcon_core.package_discovery:discover_packages(ignore) using defaults
[1.269s] Level 1:colcon.colcon_core.package_discovery:discover_packages(path) discover
[1.270s] Level 1:colcon.colcon_core.package_discovery:discover_packages(path) using defaults
[1.334s] INFO:colcon.colcon_core.package_selection:Skipping not selected package 'launch_pal' in 'launch_pal'
[1.335s] INFO:colcon.colcon_core.package_selection:Skipping not selected package 'pal_gripper_controller_configuration' in 'pal_gripper/pal_gripper_controller_configuration'
[1.335s] INFO:colcon.colcon_core.package_selection:Skipping not selected package 'pal_hey5_controller_configuration' in 'pal_hey5/pal_hey5_controller_configuration'
[1.335s] INFO:colcon.colcon_core.package_selection:Skipping not selected package 'pal_navigation_cfg_params' in 'pal_navigation_cfg_public/pal_navigation_cfg_params'
[1.335s] INFO:colcon.colcon_core.package_selection:Skipping not selected package 'pal_robotiq_controller_configuration' in 'pal_robotiq_gripper/pal_robotiq_controller_configuration'
[1.335s] INFO:colcon.colcon_core.package_selection:Skipping not selected package 'pal_robotiq_description' in 'pal_robotiq_gripper/pal_robotiq_description'
[1.335s] INFO:colcon.colcon_core.package_selection:Skipping not selected package 'pal_urdf_utils' in 'pal_urdf_utils'
[1.335s] INFO:colcon.colcon_core.package_selection:Skipping not selected package 'play_motion2_msgs' in 'play_motion2/play_motion2_msgs'
[1.335s] INFO:colcon.colcon_core.package_selection:Skipping not selected package 'pmb2_laser_sensors' in 'pmb2_navigation/pmb2_laser_sensors'
[1.335s] INFO:colcon.colcon_core.package_selection:Skipping not selected package 'tiago_rgbd_sensors' in 'tiago_navigation/tiago_rgbd_sensors'
[1.335s] INFO:colcon.colcon_core.package_selection:Skipping not selected package 'urdf_test' in 'urdf_test'
[1.335s] INFO:colcon.colcon_core.package_selection:Skipping not selected package 'pal_gazebo_worlds' in 'pal_gazebo_worlds'
[1.335s] INFO:colcon.colcon_core.package_selection:Skipping not selected package 'pal_gripper_description' in 'pal_gripper/pal_gripper_description'
[1.335s] INFO:colcon.colcon_core.package_selection:Skipping not selected package 'pal_hey5_description' in 'pal_hey5/pal_hey5_description'
[1.335s] INFO:colcon.colcon_core.package_selection:Skipping not selected package 'pal_navigation_cfg_bringup' in 'pal_navigation_cfg_public/pal_navigation_cfg_bringup'
[1.335s] INFO:colcon.colcon_core.package_selection:Skipping not selected package 'pal_robotiq_gripper' in 'pal_robotiq_gripper/pal_robotiq_gripper'
[1.335s] INFO:colcon.colcon_core.package_selection:Skipping not selected package 'play_motion2' in 'play_motion2/play_motion2'
[1.335s] INFO:colcon.colcon_core.package_selection:Skipping not selected package 'pmb2_2dnav' in 'pmb2_navigation/pmb2_2dnav'
[1.335s] INFO:colcon.colcon_core.package_selection:Skipping not selected package 'pmb2_controller_configuration' in 'pmb2_robot/pmb2_controller_configuration'
[1.335s] INFO:colcon.colcon_core.package_selection:Skipping not selected package 'pmb2_description' in 'pmb2_robot/pmb2_description'
[1.335s] INFO:colcon.colcon_core.package_selection:Skipping not selected package 'pmb2_rgbd_sensors' in 'pmb2_navigation/pmb2_rgbd_sensors'
[1.335s] INFO:colcon.colcon_core.package_selection:Skipping not selected package 'tiago_laser_sensors' in 'tiago_navigation/tiago_laser_sensors'
[1.335s] INFO:colcon.colcon_core.package_selection:Skipping not selected package 'pal_gripper' in 'pal_gripper/pal_gripper'
[1.335s] INFO:colcon.colcon_core.package_selection:Skipping not selected package 'pal_gripper_simulation' in 'pal_gripper/pal_gripper_simulation'
[1.335s] INFO:colcon.colcon_core.package_selection:Skipping not selected package 'pal_hey5' in 'pal_hey5/pal_hey5'
[1.335s] INFO:colcon.colcon_core.package_selection:Skipping not selected package 'pal_navigation_cfg' in 'pal_navigation_cfg_public/pal_navigation_cfg_public'
[1.335s] INFO:colcon.colcon_core.package_selection:Skipping not selected package 'play_motion2_cli' in 'play_motion2/play_motion2_cli'
[1.336s] INFO:colcon.colcon_core.package_selection:Skipping not selected package 'pmb2_bringup' in 'pmb2_robot/pmb2_bringup'
[1.336s] INFO:colcon.colcon_core.package_selection:Skipping not selected package 'pmb2_navigation' in 'pmb2_navigation/pmb2_navigation'
[1.336s] INFO:colcon.colcon_core.package_selection:Skipping not selected package 'tiago_2dnav' in 'tiago_navigation/tiago_2dnav'
[1.336s] INFO:colcon.colcon_core.package_selection:Skipping not selected package 'tiago_controller_configuration' in 'tiago_robot/tiago_controller_configuration'
[1.336s] INFO:colcon.colcon_core.package_selection:Skipping not selected package 'tiago_description' in 'tiago_robot/tiago_description'
[1.336s] INFO:colcon.colcon_core.package_selection:Skipping not selected package 'pmb2_robot' in 'pmb2_robot/pmb2_robot'
[1.336s] INFO:colcon.colcon_core.package_selection:Skipping not selected package 'tiago_bringup' in 'tiago_robot/tiago_bringup'
[1.336s] INFO:colcon.colcon_core.package_selection:Skipping not selected package 'tiago_moveit_config' in 'tiago_moveit_config'
[1.336s] INFO:colcon.colcon_core.package_selection:Skipping not selected package 'tiago_navigation' in 'tiago_navigation/tiago_navigation'
[1.336s] INFO:colcon.colcon_core.package_selection:Skipping not selected package 'tiago_gazebo' in 'tiago_simulation/tiago_gazebo'
[1.336s] INFO:colcon.colcon_core.package_selection:Skipping not selected package 'tiago_robot' in 'tiago_robot/tiago_robot'
[1.336s] INFO:colcon.colcon_core.package_selection:Skipping not selected package 'tiago_simulation' in 'tiago_simulation/tiago_simulation'
[1.337s] Level 1:colcon.colcon_core.package_discovery:discover_packages(prefix_path) check parameters
[1.337s] Level 1:colcon.colcon_core.package_discovery:discover_packages(prefix_path) discover
[1.361s] DEBUG:colcon.colcon_installed_package_information.package_discovery:Found 40 installed packages in /home/luisgfgetino/ticare_ws/install
[1.366s] DEBUG:colcon.colcon_installed_package_information.package_discovery:Found 400 installed packages in /opt/ros/humble
[1.369s] Level 1:colcon.colcon_core.package_discovery:discover_packages(prefix_path) using defaults
[1.584s] Level 5:colcon.colcon_core.verb:set package 'ticare_vision' build argument 'cmake_args' from command line to 'None'
[1.584s] Level 5:colcon.colcon_core.verb:set package 'ticare_vision' build argument 'cmake_target' from command line to 'None'
[1.584s] Level 5:colcon.colcon_core.verb:set package 'ticare_vision' build argument 'cmake_target_skip_unavailable' from command line to 'False'
[1.584s] Level 5:colcon.colcon_core.verb:set package 'ticare_vision' build argument 'cmake_clean_cache' from command line to 'False'
[1.584s] Level 5:colcon.colcon_core.verb:set package 'ticare_vision' build argument 'cmake_clean_first' from command line to 'False'
[1.584s] Level 5:colcon.colcon_core.verb:set package 'ticare_vision' build argument 'cmake_force_configure' from command line to 'False'
[1.584s] Level 5:colcon.colcon_core.verb:set package 'ticare_vision' build argument 'ament_cmake_args' from command line to 'None'
[1.584s] Level 5:colcon.colcon_core.verb:set package 'ticare_vision' build argument 'catkin_cmake_args' from command line to 'None'
[1.584s] Level 5:colcon.colcon_core.verb:set package 'ticare_vision' build argument 'catkin_skip_building_tests' from command line to 'False'
[1.584s] DEBUG:colcon.colcon_core.verb:Building package 'ticare_vision' with the following arguments: {'ament_cmake_args': None, 'build_base': '/home/luisgfgetino/ticare_ws/src/build/ticare_vision', 'catkin_cmake_args': None, 'catkin_skip_building_tests': False, 'cmake_args': None, 'cmake_clean_cache': False, 'cmake_clean_first': False, 'cmake_force_configure': False, 'cmake_target': None, 'cmake_target_skip_unavailable': False, 'install_base': '/home/luisgfgetino/ticare_ws/src/install/ticare_vision', 'merge_install': False, 'path': '/home/luisgfgetino/ticare_ws/src/ticare_vision', 'symlink_install': False, 'test_result_base': None}
[1.584s] INFO:colcon.colcon_core.executor:Executing jobs using 'parallel' executor
[1.587s] DEBUG:colcon.colcon_parallel_executor.executor.parallel:run_until_complete
[1.587s] INFO:colcon.colcon_ros.task.ament_python.build:Building ROS package in '/home/luisgfgetino/ticare_ws/src/ticare_vision' with build type 'ament_python'
[1.587s] Level 1:colcon.colcon_core.shell:create_environment_hook('ticare_vision', 'ament_prefix_path')
[1.599s] INFO:colcon.colcon_core.plugin_system:Skipping extension 'colcon_core.shell.bat': Not used on non-Windows systems
[1.600s] INFO:colcon.colcon_core.shell:Creating environment hook '/home/luisgfgetino/ticare_ws/src/install/ticare_vision/share/ticare_vision/hook/ament_prefix_path.ps1'
[1.604s] INFO:colcon.colcon_core.shell:Creating environment descriptor '/home/luisgfgetino/ticare_ws/src/install/ticare_vision/share/ticare_vision/hook/ament_prefix_path.dsv'
[1.605s] INFO:colcon.colcon_core.shell:Creating environment hook '/home/luisgfgetino/ticare_ws/src/install/ticare_vision/share/ticare_vision/hook/ament_prefix_path.sh'
[1.606s] INFO:colcon.colcon_core.shell:Skip shell extension 'powershell' for command environment: Not usable outside of PowerShell
[1.606s] DEBUG:colcon.colcon_core.shell:Skip shell extension 'dsv' for command environment
[2.029s] INFO:colcon.colcon_core.task.python.build:Building Python package in '/home/luisgfgetino/ticare_ws/src/ticare_vision'
[2.030s] INFO:colcon.colcon_core.shell:Skip shell extension 'powershell' for command environment: Not usable outside of PowerShell
[2.030s] DEBUG:colcon.colcon_core.shell:Skip shell extension 'dsv' for command environment
[2.783s] DEBUG:colcon.colcon_core.event_handler.log_command:Invoking command in '/home/luisgfgetino/ticare_ws/src/ticare_vision': PYTHONPATH=/home/luisgfgetino/ticare_ws/src/build/ticare_vision/prefix_override:/usr/lib/python3/dist-packages/colcon_core/task/python/colcon_distutils_commands:/home/luisgfgetino/ticare_ws/src/install/ticare_vision/lib/python3.10/site-packages:${PYTHONPATH} /usr/bin/python3 -W ignore:setup.py install is deprecated -W ignore:easy_install command is deprecated setup.py egg_info --egg-base ../build/ticare_vision build --build-base /home/luisgfgetino/ticare_ws/src/build/ticare_vision/build install --record /home/luisgfgetino/ticare_ws/src/build/ticare_vision/install.log --single-version-externally-managed install_data
[3.211s] DEBUG:colcon.colcon_core.event_handler.log_command:Invoked command in '/home/luisgfgetino/ticare_ws/src/ticare_vision' returned '0': PYTHONPATH=/home/luisgfgetino/ticare_ws/src/build/ticare_vision/prefix_override:/usr/lib/python3/dist-packages/colcon_core/task/python/colcon_distutils_commands:/home/luisgfgetino/ticare_ws/src/install/ticare_vision/lib/python3.10/site-packages:${PYTHONPATH} /usr/bin/python3 -W ignore:setup.py install is deprecated -W ignore:easy_install command is deprecated setup.py egg_info --egg-base ../build/ticare_vision build --build-base /home/luisgfgetino/ticare_ws/src/build/ticare_vision/build install --record /home/luisgfgetino/ticare_ws/src/build/ticare_vision/install.log --single-version-externally-managed install_data
[3.218s] Level 1:colcon.colcon_core.environment:checking '/home/luisgfgetino/ticare_ws/src/install/ticare_vision' for CMake module files
[3.218s] Level 1:colcon.colcon_core.environment:checking '/home/luisgfgetino/ticare_ws/src/install/ticare_vision' for CMake config files
[3.219s] Level 1:colcon.colcon_core.environment:checking '/home/luisgfgetino/ticare_ws/src/install/ticare_vision/lib'
[3.220s] Level 1:colcon.colcon_core.environment:checking '/home/luisgfgetino/ticare_ws/src/install/ticare_vision/bin'
[3.220s] Level 1:colcon.colcon_core.environment:checking '/home/luisgfgetino/ticare_ws/src/install/ticare_vision/lib/pkgconfig/ticare_vision.pc'
[3.220s] Level 1:colcon.colcon_core.environment:checking '/home/luisgfgetino/ticare_ws/src/install/ticare_vision/lib/python3.10/site-packages'
[3.220s] Level 1:colcon.colcon_core.shell:create_environment_hook('ticare_vision', 'pythonpath')
[3.220s] INFO:colcon.colcon_core.shell:Creating environment hook '/home/luisgfgetino/ticare_ws/src/install/ticare_vision/share/ticare_vision/hook/pythonpath.ps1'
[3.221s] INFO:colcon.colcon_core.shell:Creating environment descriptor '/home/luisgfgetino/ticare_ws/src/install/ticare_vision/share/ticare_vision/hook/pythonpath.dsv'
[3.221s] INFO:colcon.colcon_core.shell:Creating environment hook '/home/luisgfgetino/ticare_ws/src/install/ticare_vision/share/ticare_vision/hook/pythonpath.sh'
[3.222s] Level 1:colcon.colcon_core.environment:checking '/home/luisgfgetino/ticare_ws/src/install/ticare_vision/bin'
[3.222s] Level 1:colcon.colcon_core.environment:create_environment_scripts_only(ticare_vision)
[3.223s] INFO:colcon.colcon_core.shell:Creating package script '/home/luisgfgetino/ticare_ws/src/install/ticare_vision/share/ticare_vision/package.ps1'
[3.224s] INFO:colcon.colcon_core.shell:Creating package descriptor '/home/luisgfgetino/ticare_ws/src/install/ticare_vision/share/ticare_vision/package.dsv'
[3.225s] INFO:colcon.colcon_core.shell:Creating package script '/home/luisgfgetino/ticare_ws/src/install/ticare_vision/share/ticare_vision/package.sh'
[3.226s] INFO:colcon.colcon_core.shell:Creating package script '/home/luisgfgetino/ticare_ws/src/install/ticare_vision/share/ticare_vision/package.bash'
[3.228s] INFO:colcon.colcon_core.shell:Creating package script '/home/luisgfgetino/ticare_ws/src/install/ticare_vision/share/ticare_vision/package.zsh'
[3.229s] Level 1:colcon.colcon_core.environment:create_file_with_runtime_dependencies(/home/luisgfgetino/ticare_ws/src/install/ticare_vision/share/colcon-core/packages/ticare_vision)
[3.231s] DEBUG:colcon.colcon_parallel_executor.executor.parallel:closing loop
[3.231s] DEBUG:colcon.colcon_parallel_executor.executor.parallel:loop closed
[3.231s] DEBUG:colcon.colcon_parallel_executor.executor.parallel:run_until_complete finished with '0'
[3.231s] DEBUG:colcon.colcon_core.event_reactor:joining thread
[3.328s] INFO:colcon.colcon_core.plugin_system:Skipping extension 'colcon_notification.desktop_notification.notify_send': Could not find 'notify-send'
[3.328s] INFO:colcon.colcon_core.plugin_system:Skipping extension 'colcon_notification.desktop_notification.terminal_notifier': Not used on non-Darwin systems
[3.328s] INFO:colcon.colcon_core.plugin_system:Skipping extension 'colcon_notification.desktop_notification.win32': Not used on non-Windows systems
[3.328s] INFO:colcon.colcon_notification.desktop_notification:Sending desktop notification using 'notify2'
[3.331s] DEBUG:colcon.colcon_notification.desktop_notification.notify2:Failed to initialize notify2: org.freedesktop.DBus.Error.ServiceUnknown: The name org.freedesktop.Notifications was not provided by any .service files
[3.331s] DEBUG:colcon.colcon_core.event_reactor:joined thread
[3.332s] INFO:colcon.colcon_core.shell:Creating prefix script '/home/luisgfgetino/ticare_ws/src/install/local_setup.ps1'
[3.333s] INFO:colcon.colcon_core.shell:Creating prefix util module '/home/luisgfgetino/ticare_ws/src/install/_local_setup_util_ps1.py'
[3.335s] INFO:colcon.colcon_core.shell:Creating prefix chain script '/home/luisgfgetino/ticare_ws/src/install/setup.ps1'
[3.340s] INFO:colcon.colcon_core.shell:Creating prefix script '/home/luisgfgetino/ticare_ws/src/install/local_setup.sh'
[3.341s] INFO:colcon.colcon_core.shell:Creating prefix util module '/home/luisgfgetino/ticare_ws/src/install/_local_setup_util_sh.py'
[3.341s] INFO:colcon.colcon_core.shell:Creating prefix chain script '/home/luisgfgetino/ticare_ws/src/install/setup.sh'
[3.345s] INFO:colcon.colcon_core.shell:Creating prefix script '/home/luisgfgetino/ticare_ws/src/install/local_setup.bash'
[3.346s] INFO:colcon.colcon_core.shell:Creating prefix chain script '/home/luisgfgetino/ticare_ws/src/install/setup.bash'
[3.350s] INFO:colcon.colcon_core.shell:Creating prefix script '/home/luisgfgetino/ticare_ws/src/install/local_setup.zsh'
[3.351s] INFO:colcon.colcon_core.shell:Creating prefix chain script '/home/luisgfgetino/ticare_ws/src/install/setup.zsh'
